[2024-03-03 12:29:15] local.ERROR: Command "k" is not defined.

Did you mean one of these?
    key:generate
    make:cast
    make:channel
    make:command
    make:component
    make:controller
    make:event
    make:exception
    make:factory
    make:job
    make:listener
    make:mail
    make:middleware
    make:migration
    make:model
    make:notification
    make:observer
    make:policy
    make:provider
    make:request
    make:resource
    make:rule
    make:seeder
    make:test
    migrate:rollback
    package:discover
    queue:work
    schedule:work
    storage:link
    tinker {"exception":"[object] (Symfony\\Component\\Console\\Exception\\CommandNotFoundException(code: 0): Command \"k\" is not defined.

Did you mean one of these?
    key:generate
    make:cast
    make:channel
    make:command
    make:component
    make:controller
    make:event
    make:exception
    make:factory
    make:job
    make:listener
    make:mail
    make:middleware
    make:migration
    make:model
    make:notification
    make:observer
    make:policy
    make:provider
    make:request
    make:resource
    make:rule
    make:seeder
    make:test
    migrate:rollback
    package:discover
    queue:work
    schedule:work
    storage:link
    tinker at /Volumes/ARCHIVOS/Prototypes/citasMedicasV1(HealthConnect)/backend-api-citas/vendor/symfony/console/Application.php:720)
[stacktrace]
#0 /Volumes/ARCHIVOS/Prototypes/citasMedicasV1(HealthConnect)/backend-api-citas/vendor/symfony/console/Application.php(259): Symfony\\Component\\Console\\Application->find('k')
#1 /Volumes/ARCHIVOS/Prototypes/citasMedicasV1(HealthConnect)/backend-api-citas/vendor/symfony/console/Application.php(171): Symfony\\Component\\Console\\Application->doRun(Object(Symfony\\Component\\Console\\Input\\ArgvInput), Object(Symfony\\Component\\Console\\Output\\ConsoleOutput))
#2 /Volumes/ARCHIVOS/Prototypes/citasMedicasV1(HealthConnect)/backend-api-citas/vendor/laravel/framework/src/Illuminate/Console/Application.php(94): Symfony\\Component\\Console\\Application->run(Object(Symfony\\Component\\Console\\Input\\ArgvInput), Object(Symfony\\Component\\Console\\Output\\ConsoleOutput))
#3 /Volumes/ARCHIVOS/Prototypes/citasMedicasV1(HealthConnect)/backend-api-citas/vendor/laravel/framework/src/Illuminate/Foundation/Console/Kernel.php(129): Illuminate\\Console\\Application->run(Object(Symfony\\Component\\Console\\Input\\ArgvInput), Object(Symfony\\Component\\Console\\Output\\ConsoleOutput))
#4 /Volumes/ARCHIVOS/Prototypes/citasMedicasV1(HealthConnect)/backend-api-citas/artisan(35): Illuminate\\Foundation\\Console\\Kernel->handle(Object(Symfony\\Component\\Console\\Input\\ArgvInput), Object(Symfony\\Component\\Console\\Output\\ConsoleOutput))
#5 {main}
"} 
