[2026-07-01 05:52:36] local.ERROR: SQLSTATE[42S01]: Base table or view already exists: 1050 Table 'r_laboratories' already exists (SQL: create table `r_laboratories` (`id` bigint unsigned not null auto_increment primary key, `name_file` varchar(250) null, `comentario` text null, `size` varchar(50) null, `resolution` varchar(50) null, `file` varchar(250) null, `type` varchar(50) null, `patient_id` bigint unsigned null, `created_at` timestamp null, `updated_at` timestamp null, `deleted_at` timestamp null) default character set utf8mb4 collate 'utf8mb4_unicode_ci') {"exception":"[object] (Illuminate\\Database\\QueryException(code: 42S01): SQLSTATE[42S01]: Base table or view already exists: 1050 Table 'r_laboratories' already exists (SQL: create table `r_laboratories` (`id` bigint unsigned not null auto_increment primary key, `name_file` varchar(250) null, `comentario` text null, `size` varchar(50) null, `resolution` varchar(50) null, `file` varchar(250) null, `type` varchar(50) null, `patient_id` bigint unsigned null, `created_at` timestamp null, `updated_at` timestamp null, `deleted_at` timestamp null) default character set utf8mb4 collate 'utf8mb4_unicode_ci') at /Applications/MAMP/htdocs/proyectos/aplicacionesWeb/Angular/Klintic/consultorios/backend-api-consultorio/vendor/laravel/framework/src/Illuminate/Database/Connection.php:712)
[stacktrace]
#0 /Applications/MAMP/htdocs/proyectos/aplicacionesWeb/Angular/Klintic/consultorios/backend-api-consultorio/vendor/laravel/framework/src/Illuminate/Database/Connection.php(672): Illuminate\\Database\\Connection->runQueryCallback('create table `r...', Array, Object(Closure))
#1 /Applications/MAMP/htdocs/proyectos/aplicacionesWeb/Angular/Klintic/consultorios/backend-api-consultorio/vendor/laravel/framework/src/Illuminate/Database/Connection.php(490): Illuminate\\Database\\Connection->run('create table `r...', Array, Object(Closure))
#2 /Applications/MAMP/htdocs/proyectos/aplicacionesWeb/Angular/Klintic/consultorios/backend-api-consultorio/vendor/laravel/framework/src/Illuminate/Database/Schema/Blueprint.php(109): Illuminate\\Database\\Connection->statement('create table `r...')
#3 /Applications/MAMP/htdocs/proyectos/aplicacionesWeb/Angular/Klintic/consultorios/backend-api-consultorio/vendor/laravel/framework/src/Illuminate/Database/Schema/Builder.php(364): Illuminate\\Database\\Schema\\Blueprint->build(Object(Illuminate\\Database\\MySqlConnection), Object(Illuminate\\Database\\Schema\\Grammars\\MySqlGrammar))
#4 /Applications/MAMP/htdocs/proyectos/aplicacionesWeb/Angular/Klintic/consultorios/backend-api-consultorio/vendor/laravel/framework/src/Illuminate/Database/Schema/Builder.php(223): Illuminate\\Database\\Schema\\Builder->build(Object(Illuminate\\Database\\Schema\\Blueprint))
#5 /Applications/MAMP/htdocs/proyectos/aplicacionesWeb/Angular/Klintic/consultorios/backend-api-consultorio/vendor/laravel/framework/src/Illuminate/Support/Facades/Facade.php(261): Illuminate\\Database\\Schema\\Builder->create('r_laboratories', Object(Closure))
#6 /Applications/MAMP/htdocs/proyectos/aplicacionesWeb/Angular/Klintic/consultorios/backend-api-consultorio/database/migrations/2026_06_30_194521_create_r_laboratories_table.php(16): Illuminate\\Support\\Facades\\Facade::__callStatic('create', Array)
#7 /Applications/MAMP/htdocs/proyectos/aplicacionesWeb/Angular/Klintic/consultorios/backend-api-consultorio/vendor/laravel/framework/src/Illuminate/Database/Migrations/Migrator.php(472): CreateRlaboratoriesTable->up()
#8 /Applications/MAMP/htdocs/proyectos/aplicacionesWeb/Angular/Klintic/consultorios/backend-api-consultorio/vendor/laravel/framework/src/Illuminate/Database/Migrations/Migrator.php(394): Illuminate\\Database\\Migrations\\Migrator->runMethod(Object(Illuminate\\Database\\MySqlConnection), Object(CreateRlaboratoriesTable), 'up')
#9 /Applications/MAMP/htdocs/proyectos/aplicacionesWeb/Angular/Klintic/consultorios/backend-api-consultorio/vendor/laravel/framework/src/Illuminate/Database/Migrations/Migrator.php(403): Illuminate\\Database\\Migrations\\Migrator->{closure:Illuminate\\Database\\Migrations\\Migrator::runMigration():390}()
#10 /Applications/MAMP/htdocs/proyectos/aplicacionesWeb/Angular/Klintic/consultorios/backend-api-consultorio/vendor/laravel/framework/src/Illuminate/Database/Migrations/Migrator.php(202): Illuminate\\Database\\Migrations\\Migrator->runMigration(Object(CreateRlaboratoriesTable), 'up')
#11 /Applications/MAMP/htdocs/proyectos/aplicacionesWeb/Angular/Klintic/consultorios/backend-api-consultorio/vendor/laravel/framework/src/Illuminate/Database/Migrations/Migrator.php(167): Illuminate\\Database\\Migrations\\Migrator->runUp('/Applications/M...', 2, false)
#12 /Applications/MAMP/htdocs/proyectos/aplicacionesWeb/Angular/Klintic/consultorios/backend-api-consultorio/vendor/laravel/framework/src/Illuminate/Database/Migrations/Migrator.php(112): Illuminate\\Database\\Migrations\\Migrator->runPending(Array, Array)
#13 /Applications/MAMP/htdocs/proyectos/aplicacionesWeb/Angular/Klintic/consultorios/backend-api-consultorio/vendor/laravel/framework/src/Illuminate/Database/Console/Migrations/MigrateCommand.php(84): Illuminate\\Database\\Migrations\\Migrator->run(Array, Array)
#14 /Applications/MAMP/htdocs/proyectos/aplicacionesWeb/Angular/Klintic/consultorios/backend-api-consultorio/vendor/laravel/framework/src/Illuminate/Database/Migrations/Migrator.php(606): Illuminate\\Database\\Console\\Migrations\\MigrateCommand->{closure:Illuminate\\Database\\Console\\Migrations\\MigrateCommand::handle():77}()
#15 /Applications/MAMP/htdocs/proyectos/aplicacionesWeb/Angular/Klintic/consultorios/backend-api-consultorio/vendor/laravel/framework/src/Illuminate/Database/Console/Migrations/MigrateCommand.php(77): Illuminate\\Database\\Migrations\\Migrator->usingConnection(NULL, Object(Closure))
#16 /Applications/MAMP/htdocs/proyectos/aplicacionesWeb/Angular/Klintic/consultorios/backend-api-consultorio/vendor/laravel/framework/src/Illuminate/Container/BoundMethod.php(36): Illuminate\\Database\\Console\\Migrations\\MigrateCommand->handle()
#17 /Applications/MAMP/htdocs/proyectos/aplicacionesWeb/Angular/Klintic/consultorios/backend-api-consultorio/vendor/laravel/framework/src/Illuminate/Container/Util.php(40): Illuminate\\Container\\BoundMethod::{closure:Illuminate\\Container\\BoundMethod::call():35}()
#18 /Applications/MAMP/htdocs/proyectos/aplicacionesWeb/Angular/Klintic/consultorios/backend-api-consultorio/vendor/laravel/framework/src/Illuminate/Container/BoundMethod.php(93): Illuminate\\Container\\Util::unwrapIfClosure(Object(Closure))
#19 /Applications/MAMP/htdocs/proyectos/aplicacionesWeb/Angular/Klintic/consultorios/backend-api-consultorio/vendor/laravel/framework/src/Illuminate/Container/BoundMethod.php(35): Illuminate\\Container\\BoundMethod::callBoundMethod(Object(Illuminate\\Foundation\\Application), Array, Object(Closure))
#20 /Applications/MAMP/htdocs/proyectos/aplicacionesWeb/Angular/Klintic/consultorios/backend-api-consultorio/vendor/laravel/framework/src/Illuminate/Container/Container.php(653): Illuminate\\Container\\BoundMethod::call(Object(Illuminate\\Foundation\\Application), Array, Array, NULL)
#21 /Applications/MAMP/htdocs/proyectos/aplicacionesWeb/Angular/Klintic/consultorios/backend-api-consultorio/vendor/laravel/framework/src/Illuminate/Console/Command.php(136): Illuminate\\Container\\Container->call(Array)
#22 /Applications/MAMP/htdocs/proyectos/aplicacionesWeb/Angular/Klintic/consultorios/backend-api-consultorio/vendor/symfony/console/Command/Command.php(298): Illuminate\\Console\\Command->execute(Object(Symfony\\Component\\Console\\Input\\ArrayInput), Object(Illuminate\\Console\\OutputStyle))
#23 /Applications/MAMP/htdocs/proyectos/aplicacionesWeb/Angular/Klintic/consultorios/backend-api-consultorio/vendor/laravel/framework/src/Illuminate/Console/Command.php(120): Symfony\\Component\\Console\\Command\\Command->run(Object(Symfony\\Component\\Console\\Input\\ArrayInput), Object(Illuminate\\Console\\OutputStyle))
#24 /Applications/MAMP/htdocs/proyectos/aplicacionesWeb/Angular/Klintic/consultorios/backend-api-consultorio/vendor/symfony/console/Application.php(1040): Illuminate\\Console\\Command->run(Object(Symfony\\Component\\Console\\Input\\ArrayInput), Object(Symfony\\Component\\Console\\Output\\BufferedOutput))
#25 /Applications/MAMP/htdocs/proyectos/aplicacionesWeb/Angular/Klintic/consultorios/backend-api-consultorio/vendor/symfony/console/Application.php(301): Symfony\\Component\\Console\\Application->doRunCommand(Object(Illuminate\\Database\\Console\\Migrations\\MigrateCommand), Object(Symfony\\Component\\Console\\Input\\ArrayInput), Object(Symfony\\Component\\Console\\Output\\BufferedOutput))
#26 /Applications/MAMP/htdocs/proyectos/aplicacionesWeb/Angular/Klintic/consultorios/backend-api-consultorio/vendor/symfony/console/Application.php(171): Symfony\\Component\\Console\\Application->doRun(Object(Symfony\\Component\\Console\\Input\\ArrayInput), Object(Symfony\\Component\\Console\\Output\\BufferedOutput))
#27 /Applications/MAMP/htdocs/proyectos/aplicacionesWeb/Angular/Klintic/consultorios/backend-api-consultorio/vendor/laravel/framework/src/Illuminate/Console/Application.php(94): Symfony\\Component\\Console\\Application->run(Object(Symfony\\Component\\Console\\Input\\ArrayInput), Object(Symfony\\Component\\Console\\Output\\BufferedOutput))
#28 /Applications/MAMP/htdocs/proyectos/aplicacionesWeb/Angular/Klintic/consultorios/backend-api-consultorio/vendor/laravel/framework/src/Illuminate/Console/Application.php(185): Illuminate\\Console\\Application->run(Object(Symfony\\Component\\Console\\Input\\ArrayInput), Object(Symfony\\Component\\Console\\Output\\BufferedOutput))
#29 /Applications/MAMP/htdocs/proyectos/aplicacionesWeb/Angular/Klintic/consultorios/backend-api-consultorio/vendor/laravel/framework/src/Illuminate/Foundation/Console/Kernel.php(263): Illuminate\\Console\\Application->call('migrate', Array, NULL)
#30 /Applications/MAMP/htdocs/proyectos/aplicacionesWeb/Angular/Klintic/consultorios/backend-api-consultorio/vendor/laravel/framework/src/Illuminate/Support/Facades/Facade.php(261): Illuminate\\Foundation\\Console\\Kernel->call('migrate', Array)
#31 /Applications/MAMP/htdocs/proyectos/aplicacionesWeb/Angular/Klintic/consultorios/backend-api-consultorio/routes/api.php(126): Illuminate\\Support\\Facades\\Facade::__callStatic('call', Array)
#32 /Applications/MAMP/htdocs/proyectos/aplicacionesWeb/Angular/Klintic/consultorios/backend-api-consultorio/vendor/laravel/framework/src/Illuminate/Routing/Router.php(423): Illuminate\\Routing\\RouteFileRegistrar->{closure:/Applications/MAMP/htdocs/proyectos/aplicacionesWeb/Angular/Klintic/consultorios/backend-api-consultorio/routes/api.php:26}(Object(Illuminate\\Routing\\Router))
#33 /Applications/MAMP/htdocs/proyectos/aplicacionesWeb/Angular/Klintic/consultorios/backend-api-consultorio/vendor/laravel/framework/src/Illuminate/Routing/Router.php(382): Illuminate\\Routing\\Router->loadRoutes(Object(Closure))
#34 /Applications/MAMP/htdocs/proyectos/aplicacionesWeb/Angular/Klintic/consultorios/backend-api-consultorio/vendor/laravel/framework/src/Illuminate/Support/Facades/Facade.php(261): Illuminate\\Routing\\Router->group(Array, Object(Closure))
#35 /Applications/MAMP/htdocs/proyectos/aplicacionesWeb/Angular/Klintic/consultorios/backend-api-consultorio/routes/api.php(26): Illuminate\\Support\\Facades\\Facade::__callStatic('group', Array)
#36 /Applications/MAMP/htdocs/proyectos/aplicacionesWeb/Angular/Klintic/consultorios/backend-api-consultorio/vendor/laravel/framework/src/Illuminate/Routing/RouteFileRegistrar.php(35): require('/Applications/M...')
#37 /Applications/MAMP/htdocs/proyectos/aplicacionesWeb/Angular/Klintic/consultorios/backend-api-consultorio/vendor/laravel/framework/src/Illuminate/Routing/Router.php(425): Illuminate\\Routing\\RouteFileRegistrar->register('/Applications/M...')
#38 /Applications/MAMP/htdocs/proyectos/aplicacionesWeb/Angular/Klintic/consultorios/backend-api-consultorio/vendor/laravel/framework/src/Illuminate/Routing/Router.php(382): Illuminate\\Routing\\Router->loadRoutes('/Applications/M...')
#39 /Applications/MAMP/htdocs/proyectos/aplicacionesWeb/Angular/Klintic/consultorios/backend-api-consultorio/vendor/laravel/framework/src/Illuminate/Routing/RouteRegistrar.php(163): Illuminate\\Routing\\Router->group(Array, '/Applications/M...')
#40 /Applications/MAMP/htdocs/proyectos/aplicacionesWeb/Angular/Klintic/consultorios/backend-api-consultorio/app/Providers/RouteServiceProvider.php(44): Illuminate\\Routing\\RouteRegistrar->group('/Applications/M...')
#41 /Applications/MAMP/htdocs/proyectos/aplicacionesWeb/Angular/Klintic/consultorios/backend-api-consultorio/vendor/laravel/framework/src/Illuminate/Container/BoundMethod.php(36): App\\Providers\\RouteServiceProvider->{closure:App\\Providers\\RouteServiceProvider::boot():40}()
#42 /Applications/MAMP/htdocs/proyectos/aplicacionesWeb/Angular/Klintic/consultorios/backend-api-consultorio/vendor/laravel/framework/src/Illuminate/Container/Util.php(40): Illuminate\\Container\\BoundMethod::{closure:Illuminate\\Container\\BoundMethod::call():35}()
#43 /Applications/MAMP/htdocs/proyectos/aplicacionesWeb/Angular/Klintic/consultorios/backend-api-consultorio/vendor/laravel/framework/src/Illuminate/Container/BoundMethod.php(81): Illuminate\\Container\\Util::unwrapIfClosure(Object(Closure))
#44 /Applications/MAMP/htdocs/proyectos/aplicacionesWeb/Angular/Klintic/consultorios/backend-api-consultorio/vendor/laravel/framework/src/Illuminate/Container/BoundMethod.php(35): Illuminate\\Container\\BoundMethod::callBoundMethod(Object(Illuminate\\Foundation\\Application), Object(Closure), Object(Closure))
#45 /Applications/MAMP/htdocs/proyectos/aplicacionesWeb/Angular/Klintic/consultorios/backend-api-consultorio/vendor/laravel/framework/src/Illuminate/Container/Container.php(653): Illuminate\\Container\\BoundMethod::call(Object(Illuminate\\Foundation\\Application), Object(Closure), Array, NULL)
#46 /Applications/MAMP/htdocs/proyectos/aplicacionesWeb/Angular/Klintic/consultorios/backend-api-consultorio/vendor/laravel/framework/src/Illuminate/Foundation/Support/Providers/RouteServiceProvider.php(120): Illuminate\\Container\\Container->call(Object(Closure))
#47 /Applications/MAMP/htdocs/proyectos/aplicacionesWeb/Angular/Klintic/consultorios/backend-api-consultorio/vendor/laravel/framework/src/Illuminate/Foundation/Support/Providers/RouteServiceProvider.php(45): Illuminate\\Foundation\\Support\\Providers\\RouteServiceProvider->loadRoutes()
#48 /Applications/MAMP/htdocs/proyectos/aplicacionesWeb/Angular/Klintic/consultorios/backend-api-consultorio/vendor/laravel/framework/src/Illuminate/Container/BoundMethod.php(36): Illuminate\\Foundation\\Support\\Providers\\RouteServiceProvider->{closure:Illuminate\\Foundation\\Support\\Providers\\RouteServiceProvider::register():39}()
#49 /Applications/MAMP/htdocs/proyectos/aplicacionesWeb/Angular/Klintic/consultorios/backend-api-consultorio/vendor/laravel/framework/src/Illuminate/Container/Util.php(40): Illuminate\\Container\\BoundMethod::{closure:Illuminate\\Container\\BoundMethod::call():35}()
#50 /Applications/MAMP/htdocs/proyectos/aplicacionesWeb/Angular/Klintic/consultorios/backend-api-consultorio/vendor/laravel/framework/src/Illuminate/Container/BoundMethod.php(81): Illuminate\\Container\\Util::unwrapIfClosure(Object(Closure))
#51 /Applications/MAMP/htdocs/proyectos/aplicacionesWeb/Angular/Klintic/consultorios/backend-api-consultorio/vendor/laravel/framework/src/Illuminate/Container/BoundMethod.php(35): Illuminate\\Container\\BoundMethod::callBoundMethod(Object(Illuminate\\Foundation\\Application), Object(Closure), Object(Closure))
#52 /Applications/MAMP/htdocs/proyectos/aplicacionesWeb/Angular/Klintic/consultorios/backend-api-consultorio/vendor/laravel/framework/src/Illuminate/Container/Container.php(653): Illuminate\\Container\\BoundMethod::call(Object(Illuminate\\Foundation\\Application), Object(Closure), Array, NULL)
#53 /Applications/MAMP/htdocs/proyectos/aplicacionesWeb/Angular/Klintic/consultorios/backend-api-consultorio/vendor/laravel/framework/src/Illuminate/Support/ServiceProvider.php(119): Illuminate\\Container\\Container->call(Object(Closure))
#54 /Applications/MAMP/htdocs/proyectos/aplicacionesWeb/Angular/Klintic/consultorios/backend-api-consultorio/vendor/laravel/framework/src/Illuminate/Foundation/Application.php(929): Illuminate\\Support\\ServiceProvider->callBootedCallbacks()
#55 /Applications/MAMP/htdocs/proyectos/aplicacionesWeb/Angular/Klintic/consultorios/backend-api-consultorio/vendor/laravel/framework/src/Illuminate/Foundation/Application.php(907): Illuminate\\Foundation\\Application->bootProvider(Object(App\\Providers\\RouteServiceProvider))
#56 [internal function]: Illuminate\\Foundation\\Application->{closure:Illuminate\\Foundation\\Application::boot():906}(Object(App\\Providers\\RouteServiceProvider), 27)
#57 /Applications/MAMP/htdocs/proyectos/aplicacionesWeb/Angular/Klintic/consultorios/backend-api-consultorio/vendor/laravel/framework/src/Illuminate/Foundation/Application.php(906): array_walk(Array, Object(Closure))
#58 /Applications/MAMP/htdocs/proyectos/aplicacionesWeb/Angular/Klintic/consultorios/backend-api-consultorio/vendor/laravel/framework/src/Illuminate/Foundation/Bootstrap/BootProviders.php(17): Illuminate\\Foundation\\Application->boot()
#59 /Applications/MAMP/htdocs/proyectos/aplicacionesWeb/Angular/Klintic/consultorios/backend-api-consultorio/vendor/laravel/framework/src/Illuminate/Foundation/Application.php(237): Illuminate\\Foundation\\Bootstrap\\BootProviders->bootstrap(Object(Illuminate\\Foundation\\Application))
#60 /Applications/MAMP/htdocs/proyectos/aplicacionesWeb/Angular/Klintic/consultorios/backend-api-consultorio/vendor/laravel/framework/src/Illuminate/Foundation/Console/Kernel.php(310): Illuminate\\Foundation\\Application->bootstrapWith(Array)
#61 /Applications/MAMP/htdocs/proyectos/aplicacionesWeb/Angular/Klintic/consultorios/backend-api-consultorio/vendor/laravel/framework/src/Illuminate/Foundation/Console/Kernel.php(127): Illuminate\\Foundation\\Console\\Kernel->bootstrap()
#62 Command line code(1): Illuminate\\Foundation\\Console\\Kernel->handle(Object(Symfony\\Component\\Console\\Input\\ArgvInput), Object(Symfony\\Component\\Console\\Output\\ConsoleOutput))
#63 {main}

[previous exception] [object] (PDOException(code: 42S01): SQLSTATE[42S01]: Base table or view already exists: 1050 Table 'r_laboratories' already exists at /Applications/MAMP/htdocs/proyectos/aplicacionesWeb/Angular/Klintic/consultorios/backend-api-consultorio/vendor/laravel/framework/src/Illuminate/Database/Connection.php:501)
[stacktrace]
#0 /Applications/MAMP/htdocs/proyectos/aplicacionesWeb/Angular/Klintic/consultorios/backend-api-consultorio/vendor/laravel/framework/src/Illuminate/Database/Connection.php(501): PDOStatement->execute()
#1 /Applications/MAMP/htdocs/proyectos/aplicacionesWeb/Angular/Klintic/consultorios/backend-api-consultorio/vendor/laravel/framework/src/Illuminate/Database/Connection.php(705): Illuminate\\Database\\Connection->{closure:Illuminate\\Database\\Connection::statement():490}('create table `r...', Array)
#2 /Applications/MAMP/htdocs/proyectos/aplicacionesWeb/Angular/Klintic/consultorios/backend-api-consultorio/vendor/laravel/framework/src/Illuminate/Database/Connection.php(672): Illuminate\\Database\\Connection->runQueryCallback('create table `r...', Array, Object(Closure))
#3 /Applications/MAMP/htdocs/proyectos/aplicacionesWeb/Angular/Klintic/consultorios/backend-api-consultorio/vendor/laravel/framework/src/Illuminate/Database/Connection.php(490): Illuminate\\Database\\Connection->run('create table `r...', Array, Object(Closure))
#4 /Applications/MAMP/htdocs/proyectos/aplicacionesWeb/Angular/Klintic/consultorios/backend-api-consultorio/vendor/laravel/framework/src/Illuminate/Database/Schema/Blueprint.php(109): Illuminate\\Database\\Connection->statement('create table `r...')
#5 /Applications/MAMP/htdocs/proyectos/aplicacionesWeb/Angular/Klintic/consultorios/backend-api-consultorio/vendor/laravel/framework/src/Illuminate/Database/Schema/Builder.php(364): Illuminate\\Database\\Schema\\Blueprint->build(Object(Illuminate\\Database\\MySqlConnection), Object(Illuminate\\Database\\Schema\\Grammars\\MySqlGrammar))
#6 /Applications/MAMP/htdocs/proyectos/aplicacionesWeb/Angular/Klintic/consultorios/backend-api-consultorio/vendor/laravel/framework/src/Illuminate/Database/Schema/Builder.php(223): Illuminate\\Database\\Schema\\Builder->build(Object(Illuminate\\Database\\Schema\\Blueprint))
#7 /Applications/MAMP/htdocs/proyectos/aplicacionesWeb/Angular/Klintic/consultorios/backend-api-consultorio/vendor/laravel/framework/src/Illuminate/Support/Facades/Facade.php(261): Illuminate\\Database\\Schema\\Builder->create('r_laboratories', Object(Closure))
#8 /Applications/MAMP/htdocs/proyectos/aplicacionesWeb/Angular/Klintic/consultorios/backend-api-consultorio/database/migrations/2026_06_30_194521_create_r_laboratories_table.php(16): Illuminate\\Support\\Facades\\Facade::__callStatic('create', Array)
#9 /Applications/MAMP/htdocs/proyectos/aplicacionesWeb/Angular/Klintic/consultorios/backend-api-consultorio/vendor/laravel/framework/src/Illuminate/Database/Migrations/Migrator.php(472): CreateRlaboratoriesTable->up()
#10 /Applications/MAMP/htdocs/proyectos/aplicacionesWeb/Angular/Klintic/consultorios/backend-api-consultorio/vendor/laravel/framework/src/Illuminate/Database/Migrations/Migrator.php(394): Illuminate\\Database\\Migrations\\Migrator->runMethod(Object(Illuminate\\Database\\MySqlConnection), Object(CreateRlaboratoriesTable), 'up')
#11 /Applications/MAMP/htdocs/proyectos/aplicacionesWeb/Angular/Klintic/consultorios/backend-api-consultorio/vendor/laravel/framework/src/Illuminate/Database/Migrations/Migrator.php(403): Illuminate\\Database\\Migrations\\Migrator->{closure:Illuminate\\Database\\Migrations\\Migrator::runMigration():390}()
#12 /Applications/MAMP/htdocs/proyectos/aplicacionesWeb/Angular/Klintic/consultorios/backend-api-consultorio/vendor/laravel/framework/src/Illuminate/Database/Migrations/Migrator.php(202): Illuminate\\Database\\Migrations\\Migrator->runMigration(Object(CreateRlaboratoriesTable), 'up')
#13 /Applications/MAMP/htdocs/proyectos/aplicacionesWeb/Angular/Klintic/consultorios/backend-api-consultorio/vendor/laravel/framework/src/Illuminate/Database/Migrations/Migrator.php(167): Illuminate\\Database\\Migrations\\Migrator->runUp('/Applications/M...', 2, false)
#14 /Applications/MAMP/htdocs/proyectos/aplicacionesWeb/Angular/Klintic/consultorios/backend-api-consultorio/vendor/laravel/framework/src/Illuminate/Database/Migrations/Migrator.php(112): Illuminate\\Database\\Migrations\\Migrator->runPending(Array, Array)
#15 /Applications/MAMP/htdocs/proyectos/aplicacionesWeb/Angular/Klintic/consultorios/backend-api-consultorio/vendor/laravel/framework/src/Illuminate/Database/Console/Migrations/MigrateCommand.php(84): Illuminate\\Database\\Migrations\\Migrator->run(Array, Array)
#16 /Applications/MAMP/htdocs/proyectos/aplicacionesWeb/Angular/Klintic/consultorios/backend-api-consultorio/vendor/laravel/framework/src/Illuminate/Database/Migrations/Migrator.php(606): Illuminate\\Database\\Console\\Migrations\\MigrateCommand->{closure:Illuminate\\Database\\Console\\Migrations\\MigrateCommand::handle():77}()
#17 /Applications/MAMP/htdocs/proyectos/aplicacionesWeb/Angular/Klintic/consultorios/backend-api-consultorio/vendor/laravel/framework/src/Illuminate/Database/Console/Migrations/MigrateCommand.php(77): Illuminate\\Database\\Migrations\\Migrator->usingConnection(NULL, Object(Closure))
#18 /Applications/MAMP/htdocs/proyectos/aplicacionesWeb/Angular/Klintic/consultorios/backend-api-consultorio/vendor/laravel/framework/src/Illuminate/Container/BoundMethod.php(36): Illuminate\\Database\\Console\\Migrations\\MigrateCommand->handle()
#19 /Applications/MAMP/htdocs/proyectos/aplicacionesWeb/Angular/Klintic/consultorios/backend-api-consultorio/vendor/laravel/framework/src/Illuminate/Container/Util.php(40): Illuminate\\Container\\BoundMethod::{closure:Illuminate\\Container\\BoundMethod::call():35}()
#20 /Applications/MAMP/htdocs/proyectos/aplicacionesWeb/Angular/Klintic/consultorios/backend-api-consultorio/vendor/laravel/framework/src/Illuminate/Container/BoundMethod.php(93): Illuminate\\Container\\Util::unwrapIfClosure(Object(Closure))
#21 /Applications/MAMP/htdocs/proyectos/aplicacionesWeb/Angular/Klintic/consultorios/backend-api-consultorio/vendor/laravel/framework/src/Illuminate/Container/BoundMethod.php(35): Illuminate\\Container\\BoundMethod::callBoundMethod(Object(Illuminate\\Foundation\\Application), Array, Object(Closure))
#22 /Applications/MAMP/htdocs/proyectos/aplicacionesWeb/Angular/Klintic/consultorios/backend-api-consultorio/vendor/laravel/framework/src/Illuminate/Container/Container.php(653): Illuminate\\Container\\BoundMethod::call(Object(Illuminate\\Foundation\\Application), Array, Array, NULL)
#23 /Applications/MAMP/htdocs/proyectos/aplicacionesWeb/Angular/Klintic/consultorios/backend-api-consultorio/vendor/laravel/framework/src/Illuminate/Console/Command.php(136): Illuminate\\Container\\Container->call(Array)
#24 /Applications/MAMP/htdocs/proyectos/aplicacionesWeb/Angular/Klintic/consultorios/backend-api-consultorio/vendor/symfony/console/Command/Command.php(298): Illuminate\\Console\\Command->execute(Object(Symfony\\Component\\Console\\Input\\ArrayInput), Object(Illuminate\\Console\\OutputStyle))
#25 /Applications/MAMP/htdocs/proyectos/aplicacionesWeb/Angular/Klintic/consultorios/backend-api-consultorio/vendor/laravel/framework/src/Illuminate/Console/Command.php(120): Symfony\\Component\\Console\\Command\\Command->run(Object(Symfony\\Component\\Console\\Input\\ArrayInput), Object(Illuminate\\Console\\OutputStyle))
#26 /Applications/MAMP/htdocs/proyectos/aplicacionesWeb/Angular/Klintic/consultorios/backend-api-consultorio/vendor/symfony/console/Application.php(1040): Illuminate\\Console\\Command->run(Object(Symfony\\Component\\Console\\Input\\ArrayInput), Object(Symfony\\Component\\Console\\Output\\BufferedOutput))
#27 /Applications/MAMP/htdocs/proyectos/aplicacionesWeb/Angular/Klintic/consultorios/backend-api-consultorio/vendor/symfony/console/Application.php(301): Symfony\\Component\\Console\\Application->doRunCommand(Object(Illuminate\\Database\\Console\\Migrations\\MigrateCommand), Object(Symfony\\Component\\Console\\Input\\ArrayInput), Object(Symfony\\Component\\Console\\Output\\BufferedOutput))
#28 /Applications/MAMP/htdocs/proyectos/aplicacionesWeb/Angular/Klintic/consultorios/backend-api-consultorio/vendor/symfony/console/Application.php(171): Symfony\\Component\\Console\\Application->doRun(Object(Symfony\\Component\\Console\\Input\\ArrayInput), Object(Symfony\\Component\\Console\\Output\\BufferedOutput))
#29 /Applications/MAMP/htdocs/proyectos/aplicacionesWeb/Angular/Klintic/consultorios/backend-api-consultorio/vendor/laravel/framework/src/Illuminate/Console/Application.php(94): Symfony\\Component\\Console\\Application->run(Object(Symfony\\Component\\Console\\Input\\ArrayInput), Object(Symfony\\Component\\Console\\Output\\BufferedOutput))
#30 /Applications/MAMP/htdocs/proyectos/aplicacionesWeb/Angular/Klintic/consultorios/backend-api-consultorio/vendor/laravel/framework/src/Illuminate/Console/Application.php(185): Illuminate\\Console\\Application->run(Object(Symfony\\Component\\Console\\Input\\ArrayInput), Object(Symfony\\Component\\Console\\Output\\BufferedOutput))
#31 /Applications/MAMP/htdocs/proyectos/aplicacionesWeb/Angular/Klintic/consultorios/backend-api-consultorio/vendor/laravel/framework/src/Illuminate/Foundation/Console/Kernel.php(263): Illuminate\\Console\\Application->call('migrate', Array, NULL)
#32 /Applications/MAMP/htdocs/proyectos/aplicacionesWeb/Angular/Klintic/consultorios/backend-api-consultorio/vendor/laravel/framework/src/Illuminate/Support/Facades/Facade.php(261): Illuminate\\Foundation\\Console\\Kernel->call('migrate', Array)
#33 /Applications/MAMP/htdocs/proyectos/aplicacionesWeb/Angular/Klintic/consultorios/backend-api-consultorio/routes/api.php(126): Illuminate\\Support\\Facades\\Facade::__callStatic('call', Array)
#34 /Applications/MAMP/htdocs/proyectos/aplicacionesWeb/Angular/Klintic/consultorios/backend-api-consultorio/vendor/laravel/framework/src/Illuminate/Routing/Router.php(423): Illuminate\\Routing\\RouteFileRegistrar->{closure:/Applications/MAMP/htdocs/proyectos/aplicacionesWeb/Angular/Klintic/consultorios/backend-api-consultorio/routes/api.php:26}(Object(Illuminate\\Routing\\Router))
#35 /Applications/MAMP/htdocs/proyectos/aplicacionesWeb/Angular/Klintic/consultorios/backend-api-consultorio/vendor/laravel/framework/src/Illuminate/Routing/Router.php(382): Illuminate\\Routing\\Router->loadRoutes(Object(Closure))
#36 /Applications/MAMP/htdocs/proyectos/aplicacionesWeb/Angular/Klintic/consultorios/backend-api-consultorio/vendor/laravel/framework/src/Illuminate/Support/Facades/Facade.php(261): Illuminate\\Routing\\Router->group(Array, Object(Closure))
#37 /Applications/MAMP/htdocs/proyectos/aplicacionesWeb/Angular/Klintic/consultorios/backend-api-consultorio/routes/api.php(26): Illuminate\\Support\\Facades\\Facade::__callStatic('group', Array)
#38 /Applications/MAMP/htdocs/proyectos/aplicacionesWeb/Angular/Klintic/consultorios/backend-api-consultorio/vendor/laravel/framework/src/Illuminate/Routing/RouteFileRegistrar.php(35): require('/Applications/M...')
#39 /Applications/MAMP/htdocs/proyectos/aplicacionesWeb/Angular/Klintic/consultorios/backend-api-consultorio/vendor/laravel/framework/src/Illuminate/Routing/Router.php(425): Illuminate\\Routing\\RouteFileRegistrar->register('/Applications/M...')
#40 /Applications/MAMP/htdocs/proyectos/aplicacionesWeb/Angular/Klintic/consultorios/backend-api-consultorio/vendor/laravel/framework/src/Illuminate/Routing/Router.php(382): Illuminate\\Routing\\Router->loadRoutes('/Applications/M...')
#41 /Applications/MAMP/htdocs/proyectos/aplicacionesWeb/Angular/Klintic/consultorios/backend-api-consultorio/vendor/laravel/framework/src/Illuminate/Routing/RouteRegistrar.php(163): Illuminate\\Routing\\Router->group(Array, '/Applications/M...')
#42 /Applications/MAMP/htdocs/proyectos/aplicacionesWeb/Angular/Klintic/consultorios/backend-api-consultorio/app/Providers/RouteServiceProvider.php(44): Illuminate\\Routing\\RouteRegistrar->group('/Applications/M...')
#43 /Applications/MAMP/htdocs/proyectos/aplicacionesWeb/Angular/Klintic/consultorios/backend-api-consultorio/vendor/laravel/framework/src/Illuminate/Container/BoundMethod.php(36): App\\Providers\\RouteServiceProvider->{closure:App\\Providers\\RouteServiceProvider::boot():40}()
#44 /Applications/MAMP/htdocs/proyectos/aplicacionesWeb/Angular/Klintic/consultorios/backend-api-consultorio/vendor/laravel/framework/src/Illuminate/Container/Util.php(40): Illuminate\\Container\\BoundMethod::{closure:Illuminate\\Container\\BoundMethod::call():35}()
#45 /Applications/MAMP/htdocs/proyectos/aplicacionesWeb/Angular/Klintic/consultorios/backend-api-consultorio/vendor/laravel/framework/src/Illuminate/Container/BoundMethod.php(81): Illuminate\\Container\\Util::unwrapIfClosure(Object(Closure))
#46 /Applications/MAMP/htdocs/proyectos/aplicacionesWeb/Angular/Klintic/consultorios/backend-api-consultorio/vendor/laravel/framework/src/Illuminate/Container/BoundMethod.php(35): Illuminate\\Container\\BoundMethod::callBoundMethod(Object(Illuminate\\Foundation\\Application), Object(Closure), Object(Closure))
#47 /Applications/MAMP/htdocs/proyectos/aplicacionesWeb/Angular/Klintic/consultorios/backend-api-consultorio/vendor/laravel/framework/src/Illuminate/Container/Container.php(653): Illuminate\\Container\\BoundMethod::call(Object(Illuminate\\Foundation\\Application), Object(Closure), Array, NULL)
#48 /Applications/MAMP/htdocs/proyectos/aplicacionesWeb/Angular/Klintic/consultorios/backend-api-consultorio/vendor/laravel/framework/src/Illuminate/Foundation/Support/Providers/RouteServiceProvider.php(120): Illuminate\\Container\\Container->call(Object(Closure))
#49 /Applications/MAMP/htdocs/proyectos/aplicacionesWeb/Angular/Klintic/consultorios/backend-api-consultorio/vendor/laravel/framework/src/Illuminate/Foundation/Support/Providers/RouteServiceProvider.php(45): Illuminate\\Foundation\\Support\\Providers\\RouteServiceProvider->loadRoutes()
#50 /Applications/MAMP/htdocs/proyectos/aplicacionesWeb/Angular/Klintic/consultorios/backend-api-consultorio/vendor/laravel/framework/src/Illuminate/Container/BoundMethod.php(36): Illuminate\\Foundation\\Support\\Providers\\RouteServiceProvider->{closure:Illuminate\\Foundation\\Support\\Providers\\RouteServiceProvider::register():39}()
#51 /Applications/MAMP/htdocs/proyectos/aplicacionesWeb/Angular/Klintic/consultorios/backend-api-consultorio/vendor/laravel/framework/src/Illuminate/Container/Util.php(40): Illuminate\\Container\\BoundMethod::{closure:Illuminate\\Container\\BoundMethod::call():35}()
#52 /Applications/MAMP/htdocs/proyectos/aplicacionesWeb/Angular/Klintic/consultorios/backend-api-consultorio/vendor/laravel/framework/src/Illuminate/Container/BoundMethod.php(81): Illuminate\\Container\\Util::unwrapIfClosure(Object(Closure))
#53 /Applications/MAMP/htdocs/proyectos/aplicacionesWeb/Angular/Klintic/consultorios/backend-api-consultorio/vendor/laravel/framework/src/Illuminate/Container/BoundMethod.php(35): Illuminate\\Container\\BoundMethod::callBoundMethod(Object(Illuminate\\Foundation\\Application), Object(Closure), Object(Closure))
#54 /Applications/MAMP/htdocs/proyectos/aplicacionesWeb/Angular/Klintic/consultorios/backend-api-consultorio/vendor/laravel/framework/src/Illuminate/Container/Container.php(653): Illuminate\\Container\\BoundMethod::call(Object(Illuminate\\Foundation\\Application), Object(Closure), Array, NULL)
#55 /Applications/MAMP/htdocs/proyectos/aplicacionesWeb/Angular/Klintic/consultorios/backend-api-consultorio/vendor/laravel/framework/src/Illuminate/Support/ServiceProvider.php(119): Illuminate\\Container\\Container->call(Object(Closure))
#56 /Applications/MAMP/htdocs/proyectos/aplicacionesWeb/Angular/Klintic/consultorios/backend-api-consultorio/vendor/laravel/framework/src/Illuminate/Foundation/Application.php(929): Illuminate\\Support\\ServiceProvider->callBootedCallbacks()
#57 /Applications/MAMP/htdocs/proyectos/aplicacionesWeb/Angular/Klintic/consultorios/backend-api-consultorio/vendor/laravel/framework/src/Illuminate/Foundation/Application.php(907): Illuminate\\Foundation\\Application->bootProvider(Object(App\\Providers\\RouteServiceProvider))
#58 [internal function]: Illuminate\\Foundation\\Application->{closure:Illuminate\\Foundation\\Application::boot():906}(Object(App\\Providers\\RouteServiceProvider), 27)
#59 /Applications/MAMP/htdocs/proyectos/aplicacionesWeb/Angular/Klintic/consultorios/backend-api-consultorio/vendor/laravel/framework/src/Illuminate/Foundation/Application.php(906): array_walk(Array, Object(Closure))
#60 /Applications/MAMP/htdocs/proyectos/aplicacionesWeb/Angular/Klintic/consultorios/backend-api-consultorio/vendor/laravel/framework/src/Illuminate/Foundation/Bootstrap/BootProviders.php(17): Illuminate\\Foundation\\Application->boot()
#61 /Applications/MAMP/htdocs/proyectos/aplicacionesWeb/Angular/Klintic/consultorios/backend-api-consultorio/vendor/laravel/framework/src/Illuminate/Foundation/Application.php(237): Illuminate\\Foundation\\Bootstrap\\BootProviders->bootstrap(Object(Illuminate\\Foundation\\Application))
#62 /Applications/MAMP/htdocs/proyectos/aplicacionesWeb/Angular/Klintic/consultorios/backend-api-consultorio/vendor/laravel/framework/src/Illuminate/Foundation/Console/Kernel.php(310): Illuminate\\Foundation\\Application->bootstrapWith(Array)
#63 /Applications/MAMP/htdocs/proyectos/aplicacionesWeb/Angular/Klintic/consultorios/backend-api-consultorio/vendor/laravel/framework/src/Illuminate/Foundation/Console/Kernel.php(127): Illuminate\\Foundation\\Console\\Kernel->bootstrap()
#64 Command line code(1): Illuminate\\Foundation\\Console\\Kernel->handle(Object(Symfony\\Component\\Console\\Input\\ArgvInput), Object(Symfony\\Component\\Console\\Output\\ConsoleOutput))
#65 {main}
"} 
[2026-07-01 05:52:36] local.ERROR: During class fetch: Uncaught Whoops\Exception\ErrorException: Illuminate\Notifications\RoutesNotifications::notifyNow(): Implicitly marking parameter $channels as nullable is deprecated, the explicit nullable type must be used instead in /Applications/MAMP/htdocs/proyectos/aplicacionesWeb/Angular/Klintic/consultorios/backend-api-consultorio/vendor/laravel/framework/src/Illuminate/Notifications/RoutesNotifications.php:28
Stack trace:
#0 /Applications/MAMP/htdocs/proyectos/aplicacionesWeb/Angular/Klintic/consultorios/backend-api-consultorio/vendor/composer/ClassLoader.php(576): Whoops\Run->handleError(8192, 'Illuminate\\Noti...', '/Applications/M...', 28)
#1 /Applications/MAMP/htdocs/proyectos/aplicacionesWeb/Angular/Klintic/consultorios/backend-api-consultorio/vendor/composer/ClassLoader.php(576): include()
#2 /Applications/MAMP/htdocs/proyectos/aplicacionesWeb/Angular/Klintic/consultorios/backend-api-consultorio/vendor/composer/ClassLoader.php(427): {closure:Composer\Autoload\ClassLoader::initializeIncludeClosure():575}('/Applications/M...')
#3 /Applications/MAMP/htdocs/proyectos/aplicacionesWeb/Angular/Klintic/consultorios/backend-api-consultorio/vendor/laravel/framework/src/Illuminate/Notifications/Notifiable.php(5): Composer\Autoload\ClassLoader->loadClass('Illuminate\\Noti...')
#4 /Applications/MAMP/htdocs/proyectos/aplicacionesWeb/Angular/Klintic/consultorios/backend-api-consultorio/vendor/composer/ClassLoader.php(576): include('/Applications/M...')
#5 /Applications/MAMP/htdocs/proyectos/aplicacionesWeb/Angular/Klintic/consultorios/backend-api-consultorio/vendor/composer/ClassLoader.php(427): {closure:Composer\Autoload\ClassLoader::initializeIncludeClosure():575}('/Applications/M...')
#6 /Applications/MAMP/htdocs/proyectos/aplicacionesWeb/Angular/Klintic/consultorios/backend-api-consultorio/app/Models/User.php(19): Composer\Autoload\ClassLoader->loadClass('Illuminate\\Noti...')
#7 Command line code(1): include_once('/Applications/M...')
#8 {main} {"exception":"[object] (Symfony\\Component\\ErrorHandler\\Error\\FatalError(code: 0): During class fetch: Uncaught Whoops\\Exception\\ErrorException: Illuminate\\Notifications\\RoutesNotifications::notifyNow(): Implicitly marking parameter $channels as nullable is deprecated, the explicit nullable type must be used instead in /Applications/MAMP/htdocs/proyectos/aplicacionesWeb/Angular/Klintic/consultorios/backend-api-consultorio/vendor/laravel/framework/src/Illuminate/Notifications/RoutesNotifications.php:28
Stack trace:
#0 /Applications/MAMP/htdocs/proyectos/aplicacionesWeb/Angular/Klintic/consultorios/backend-api-consultorio/vendor/composer/ClassLoader.php(576): Whoops\\Run->handleError(8192, 'Illuminate\\\\Noti...', '/Applications/M...', 28)
#1 /Applications/MAMP/htdocs/proyectos/aplicacionesWeb/Angular/Klintic/consultorios/backend-api-consultorio/vendor/composer/ClassLoader.php(576): include()
#2 /Applications/MAMP/htdocs/proyectos/aplicacionesWeb/Angular/Klintic/consultorios/backend-api-consultorio/vendor/composer/ClassLoader.php(427): {closure:Composer\\Autoload\\ClassLoader::initializeIncludeClosure():575}('/Applications/M...')
#3 /Applications/MAMP/htdocs/proyectos/aplicacionesWeb/Angular/Klintic/consultorios/backend-api-consultorio/vendor/laravel/framework/src/Illuminate/Notifications/Notifiable.php(5): Composer\\Autoload\\ClassLoader->loadClass('Illuminate\\\\Noti...')
#4 /Applications/MAMP/htdocs/proyectos/aplicacionesWeb/Angular/Klintic/consultorios/backend-api-consultorio/vendor/composer/ClassLoader.php(576): include('/Applications/M...')
#5 /Applications/MAMP/htdocs/proyectos/aplicacionesWeb/Angular/Klintic/consultorios/backend-api-consultorio/vendor/composer/ClassLoader.php(427): {closure:Composer\\Autoload\\ClassLoader::initializeIncludeClosure():575}('/Applications/M...')
#6 /Applications/MAMP/htdocs/proyectos/aplicacionesWeb/Angular/Klintic/consultorios/backend-api-consultorio/app/Models/User.php(19): Composer\\Autoload\\ClassLoader->loadClass('Illuminate\\\\Noti...')
#7 Command line code(1): include_once('/Applications/M...')
#8 {main} at /Applications/MAMP/htdocs/proyectos/aplicacionesWeb/Angular/Klintic/consultorios/backend-api-consultorio/vendor/laravel/framework/src/Illuminate/Notifications/Notifiable.php:5)
[stacktrace]
#0 {main}
"} 
[2026-07-01 05:55:01] local.ERROR: SQLSTATE[42S01]: Base table or view already exists: 1050 Table 'r_laboratories' already exists (SQL: create table `r_laboratories` (`id` bigint unsigned not null auto_increment primary key, `name_file` varchar(250) null, `comentario` text null, `size` varchar(50) null, `resolution` varchar(50) null, `file` varchar(250) null, `type` varchar(50) null, `patient_id` bigint unsigned null, `created_at` timestamp null, `updated_at` timestamp null, `deleted_at` timestamp null) default character set utf8mb4 collate 'utf8mb4_unicode_ci') {"exception":"[object] (Illuminate\\Database\\QueryException(code: 42S01): SQLSTATE[42S01]: Base table or view already exists: 1050 Table 'r_laboratories' already exists (SQL: create table `r_laboratories` (`id` bigint unsigned not null auto_increment primary key, `name_file` varchar(250) null, `comentario` text null, `size` varchar(50) null, `resolution` varchar(50) null, `file` varchar(250) null, `type` varchar(50) null, `patient_id` bigint unsigned null, `created_at` timestamp null, `updated_at` timestamp null, `deleted_at` timestamp null) default character set utf8mb4 collate 'utf8mb4_unicode_ci') at /Applications/MAMP/htdocs/proyectos/aplicacionesWeb/Angular/Klintic/consultorios/backend-api-consultorio/vendor/laravel/framework/src/Illuminate/Database/Connection.php:712)
[stacktrace]
#0 /Applications/MAMP/htdocs/proyectos/aplicacionesWeb/Angular/Klintic/consultorios/backend-api-consultorio/vendor/laravel/framework/src/Illuminate/Database/Connection.php(672): Illuminate\\Database\\Connection->runQueryCallback('create table `r...', Array, Object(Closure))
#1 /Applications/MAMP/htdocs/proyectos/aplicacionesWeb/Angular/Klintic/consultorios/backend-api-consultorio/vendor/laravel/framework/src/Illuminate/Database/Connection.php(490): Illuminate\\Database\\Connection->run('create table `r...', Array, Object(Closure))
#2 /Applications/MAMP/htdocs/proyectos/aplicacionesWeb/Angular/Klintic/consultorios/backend-api-consultorio/vendor/laravel/framework/src/Illuminate/Database/Schema/Blueprint.php(109): Illuminate\\Database\\Connection->statement('create table `r...')
#3 /Applications/MAMP/htdocs/proyectos/aplicacionesWeb/Angular/Klintic/consultorios/backend-api-consultorio/vendor/laravel/framework/src/Illuminate/Database/Schema/Builder.php(364): Illuminate\\Database\\Schema\\Blueprint->build(Object(Illuminate\\Database\\MySqlConnection), Object(Illuminate\\Database\\Schema\\Grammars\\MySqlGrammar))
#4 /Applications/MAMP/htdocs/proyectos/aplicacionesWeb/Angular/Klintic/consultorios/backend-api-consultorio/vendor/laravel/framework/src/Illuminate/Database/Schema/Builder.php(223): Illuminate\\Database\\Schema\\Builder->build(Object(Illuminate\\Database\\Schema\\Blueprint))
#5 /Applications/MAMP/htdocs/proyectos/aplicacionesWeb/Angular/Klintic/consultorios/backend-api-consultorio/vendor/laravel/framework/src/Illuminate/Support/Facades/Facade.php(261): Illuminate\\Database\\Schema\\Builder->create('r_laboratories', Object(Closure))
#6 /Applications/MAMP/htdocs/proyectos/aplicacionesWeb/Angular/Klintic/consultorios/backend-api-consultorio/database/migrations/2026_06_30_194521_create_r_laboratories_table.php(16): Illuminate\\Support\\Facades\\Facade::__callStatic('create', Array)
#7 /Applications/MAMP/htdocs/proyectos/aplicacionesWeb/Angular/Klintic/consultorios/backend-api-consultorio/vendor/laravel/framework/src/Illuminate/Database/Migrations/Migrator.php(472): CreateRlaboratoriesTable->up()
#8 /Applications/MAMP/htdocs/proyectos/aplicacionesWeb/Angular/Klintic/consultorios/backend-api-consultorio/vendor/laravel/framework/src/Illuminate/Database/Migrations/Migrator.php(394): Illuminate\\Database\\Migrations\\Migrator->runMethod(Object(Illuminate\\Database\\MySqlConnection), Object(CreateRlaboratoriesTable), 'up')
#9 /Applications/MAMP/htdocs/proyectos/aplicacionesWeb/Angular/Klintic/consultorios/backend-api-consultorio/vendor/laravel/framework/src/Illuminate/Database/Migrations/Migrator.php(403): Illuminate\\Database\\Migrations\\Migrator->{closure:Illuminate\\Database\\Migrations\\Migrator::runMigration():390}()
#10 /Applications/MAMP/htdocs/proyectos/aplicacionesWeb/Angular/Klintic/consultorios/backend-api-consultorio/vendor/laravel/framework/src/Illuminate/Database/Migrations/Migrator.php(202): Illuminate\\Database\\Migrations\\Migrator->runMigration(Object(CreateRlaboratoriesTable), 'up')
#11 /Applications/MAMP/htdocs/proyectos/aplicacionesWeb/Angular/Klintic/consultorios/backend-api-consultorio/vendor/laravel/framework/src/Illuminate/Database/Migrations/Migrator.php(167): Illuminate\\Database\\Migrations\\Migrator->runUp('/Applications/M...', 2, false)
#12 /Applications/MAMP/htdocs/proyectos/aplicacionesWeb/Angular/Klintic/consultorios/backend-api-consultorio/vendor/laravel/framework/src/Illuminate/Database/Migrations/Migrator.php(112): Illuminate\\Database\\Migrations\\Migrator->runPending(Array, Array)
#13 /Applications/MAMP/htdocs/proyectos/aplicacionesWeb/Angular/Klintic/consultorios/backend-api-consultorio/vendor/laravel/framework/src/Illuminate/Database/Console/Migrations/MigrateCommand.php(84): Illuminate\\Database\\Migrations\\Migrator->run(Array, Array)
#14 /Applications/MAMP/htdocs/proyectos/aplicacionesWeb/Angular/Klintic/consultorios/backend-api-consultorio/vendor/laravel/framework/src/Illuminate/Database/Migrations/Migrator.php(606): Illuminate\\Database\\Console\\Migrations\\MigrateCommand->{closure:Illuminate\\Database\\Console\\Migrations\\MigrateCommand::handle():77}()
#15 /Applications/MAMP/htdocs/proyectos/aplicacionesWeb/Angular/Klintic/consultorios/backend-api-consultorio/vendor/laravel/framework/src/Illuminate/Database/Console/Migrations/MigrateCommand.php(77): Illuminate\\Database\\Migrations\\Migrator->usingConnection(NULL, Object(Closure))
#16 /Applications/MAMP/htdocs/proyectos/aplicacionesWeb/Angular/Klintic/consultorios/backend-api-consultorio/vendor/laravel/framework/src/Illuminate/Container/BoundMethod.php(36): Illuminate\\Database\\Console\\Migrations\\MigrateCommand->handle()
#17 /Applications/MAMP/htdocs/proyectos/aplicacionesWeb/Angular/Klintic/consultorios/backend-api-consultorio/vendor/laravel/framework/src/Illuminate/Container/Util.php(40): Illuminate\\Container\\BoundMethod::{closure:Illuminate\\Container\\BoundMethod::call():35}()
#18 /Applications/MAMP/htdocs/proyectos/aplicacionesWeb/Angular/Klintic/consultorios/backend-api-consultorio/vendor/laravel/framework/src/Illuminate/Container/BoundMethod.php(93): Illuminate\\Container\\Util::unwrapIfClosure(Object(Closure))
#19 /Applications/MAMP/htdocs/proyectos/aplicacionesWeb/Angular/Klintic/consultorios/backend-api-consultorio/vendor/laravel/framework/src/Illuminate/Container/BoundMethod.php(35): Illuminate\\Container\\BoundMethod::callBoundMethod(Object(Illuminate\\Foundation\\Application), Array, Object(Closure))
#20 /Applications/MAMP/htdocs/proyectos/aplicacionesWeb/Angular/Klintic/consultorios/backend-api-consultorio/vendor/laravel/framework/src/Illuminate/Container/Container.php(653): Illuminate\\Container\\BoundMethod::call(Object(Illuminate\\Foundation\\Application), Array, Array, NULL)
#21 /Applications/MAMP/htdocs/proyectos/aplicacionesWeb/Angular/Klintic/consultorios/backend-api-consultorio/vendor/laravel/framework/src/Illuminate/Console/Command.php(136): Illuminate\\Container\\Container->call(Array)
#22 /Applications/MAMP/htdocs/proyectos/aplicacionesWeb/Angular/Klintic/consultorios/backend-api-consultorio/vendor/symfony/console/Command/Command.php(298): Illuminate\\Console\\Command->execute(Object(Symfony\\Component\\Console\\Input\\ArrayInput), Object(Illuminate\\Console\\OutputStyle))
#23 /Applications/MAMP/htdocs/proyectos/aplicacionesWeb/Angular/Klintic/consultorios/backend-api-consultorio/vendor/laravel/framework/src/Illuminate/Console/Command.php(120): Symfony\\Component\\Console\\Command\\Command->run(Object(Symfony\\Component\\Console\\Input\\ArrayInput), Object(Illuminate\\Console\\OutputStyle))
#24 /Applications/MAMP/htdocs/proyectos/aplicacionesWeb/Angular/Klintic/consultorios/backend-api-consultorio/vendor/symfony/console/Application.php(1040): Illuminate\\Console\\Command->run(Object(Symfony\\Component\\Console\\Input\\ArrayInput), Object(Symfony\\Component\\Console\\Output\\BufferedOutput))
#25 /Applications/MAMP/htdocs/proyectos/aplicacionesWeb/Angular/Klintic/consultorios/backend-api-consultorio/vendor/symfony/console/Application.php(301): Symfony\\Component\\Console\\Application->doRunCommand(Object(Illuminate\\Database\\Console\\Migrations\\MigrateCommand), Object(Symfony\\Component\\Console\\Input\\ArrayInput), Object(Symfony\\Component\\Console\\Output\\BufferedOutput))
#26 /Applications/MAMP/htdocs/proyectos/aplicacionesWeb/Angular/Klintic/consultorios/backend-api-consultorio/vendor/symfony/console/Application.php(171): Symfony\\Component\\Console\\Application->doRun(Object(Symfony\\Component\\Console\\Input\\ArrayInput), Object(Symfony\\Component\\Console\\Output\\BufferedOutput))
#27 /Applications/MAMP/htdocs/proyectos/aplicacionesWeb/Angular/Klintic/consultorios/backend-api-consultorio/vendor/laravel/framework/src/Illuminate/Console/Application.php(94): Symfony\\Component\\Console\\Application->run(Object(Symfony\\Component\\Console\\Input\\ArrayInput), Object(Symfony\\Component\\Console\\Output\\BufferedOutput))
#28 /Applications/MAMP/htdocs/proyectos/aplicacionesWeb/Angular/Klintic/consultorios/backend-api-consultorio/vendor/laravel/framework/src/Illuminate/Console/Application.php(185): Illuminate\\Console\\Application->run(Object(Symfony\\Component\\Console\\Input\\ArrayInput), Object(Symfony\\Component\\Console\\Output\\BufferedOutput))
#29 /Applications/MAMP/htdocs/proyectos/aplicacionesWeb/Angular/Klintic/consultorios/backend-api-consultorio/vendor/laravel/framework/src/Illuminate/Foundation/Console/Kernel.php(263): Illuminate\\Console\\Application->call('migrate', Array, NULL)
#30 /Applications/MAMP/htdocs/proyectos/aplicacionesWeb/Angular/Klintic/consultorios/backend-api-consultorio/vendor/laravel/framework/src/Illuminate/Support/Facades/Facade.php(261): Illuminate\\Foundation\\Console\\Kernel->call('migrate', Array)
#31 /Applications/MAMP/htdocs/proyectos/aplicacionesWeb/Angular/Klintic/consultorios/backend-api-consultorio/routes/api.php(126): Illuminate\\Support\\Facades\\Facade::__callStatic('call', Array)
#32 /Applications/MAMP/htdocs/proyectos/aplicacionesWeb/Angular/Klintic/consultorios/backend-api-consultorio/vendor/laravel/framework/src/Illuminate/Routing/Router.php(423): Illuminate\\Routing\\RouteFileRegistrar->{closure:/Applications/MAMP/htdocs/proyectos/aplicacionesWeb/Angular/Klintic/consultorios/backend-api-consultorio/routes/api.php:26}(Object(Illuminate\\Routing\\Router))
#33 /Applications/MAMP/htdocs/proyectos/aplicacionesWeb/Angular/Klintic/consultorios/backend-api-consultorio/vendor/laravel/framework/src/Illuminate/Routing/Router.php(382): Illuminate\\Routing\\Router->loadRoutes(Object(Closure))
#34 /Applications/MAMP/htdocs/proyectos/aplicacionesWeb/Angular/Klintic/consultorios/backend-api-consultorio/vendor/laravel/framework/src/Illuminate/Support/Facades/Facade.php(261): Illuminate\\Routing\\Router->group(Array, Object(Closure))
#35 /Applications/MAMP/htdocs/proyectos/aplicacionesWeb/Angular/Klintic/consultorios/backend-api-consultorio/routes/api.php(26): Illuminate\\Support\\Facades\\Facade::__callStatic('group', Array)
#36 /Applications/MAMP/htdocs/proyectos/aplicacionesWeb/Angular/Klintic/consultorios/backend-api-consultorio/vendor/laravel/framework/src/Illuminate/Routing/RouteFileRegistrar.php(35): require('/Applications/M...')
#37 /Applications/MAMP/htdocs/proyectos/aplicacionesWeb/Angular/Klintic/consultorios/backend-api-consultorio/vendor/laravel/framework/src/Illuminate/Routing/Router.php(425): Illuminate\\Routing\\RouteFileRegistrar->register('/Applications/M...')
#38 /Applications/MAMP/htdocs/proyectos/aplicacionesWeb/Angular/Klintic/consultorios/backend-api-consultorio/vendor/laravel/framework/src/Illuminate/Routing/Router.php(382): Illuminate\\Routing\\Router->loadRoutes('/Applications/M...')
#39 /Applications/MAMP/htdocs/proyectos/aplicacionesWeb/Angular/Klintic/consultorios/backend-api-consultorio/vendor/laravel/framework/src/Illuminate/Routing/RouteRegistrar.php(163): Illuminate\\Routing\\Router->group(Array, '/Applications/M...')
#40 /Applications/MAMP/htdocs/proyectos/aplicacionesWeb/Angular/Klintic/consultorios/backend-api-consultorio/app/Providers/RouteServiceProvider.php(44): Illuminate\\Routing\\RouteRegistrar->group('/Applications/M...')
#41 /Applications/MAMP/htdocs/proyectos/aplicacionesWeb/Angular/Klintic/consultorios/backend-api-consultorio/vendor/laravel/framework/src/Illuminate/Container/BoundMethod.php(36): App\\Providers\\RouteServiceProvider->{closure:App\\Providers\\RouteServiceProvider::boot():40}()
#42 /Applications/MAMP/htdocs/proyectos/aplicacionesWeb/Angular/Klintic/consultorios/backend-api-consultorio/vendor/laravel/framework/src/Illuminate/Container/Util.php(40): Illuminate\\Container\\BoundMethod::{closure:Illuminate\\Container\\BoundMethod::call():35}()
#43 /Applications/MAMP/htdocs/proyectos/aplicacionesWeb/Angular/Klintic/consultorios/backend-api-consultorio/vendor/laravel/framework/src/Illuminate/Container/BoundMethod.php(81): Illuminate\\Container\\Util::unwrapIfClosure(Object(Closure))
#44 /Applications/MAMP/htdocs/proyectos/aplicacionesWeb/Angular/Klintic/consultorios/backend-api-consultorio/vendor/laravel/framework/src/Illuminate/Container/BoundMethod.php(35): Illuminate\\Container\\BoundMethod::callBoundMethod(Object(Illuminate\\Foundation\\Application), Object(Closure), Object(Closure))
#45 /Applications/MAMP/htdocs/proyectos/aplicacionesWeb/Angular/Klintic/consultorios/backend-api-consultorio/vendor/laravel/framework/src/Illuminate/Container/Container.php(653): Illuminate\\Container\\BoundMethod::call(Object(Illuminate\\Foundation\\Application), Object(Closure), Array, NULL)
#46 /Applications/MAMP/htdocs/proyectos/aplicacionesWeb/Angular/Klintic/consultorios/backend-api-consultorio/vendor/laravel/framework/src/Illuminate/Foundation/Support/Providers/RouteServiceProvider.php(120): Illuminate\\Container\\Container->call(Object(Closure))
#47 /Applications/MAMP/htdocs/proyectos/aplicacionesWeb/Angular/Klintic/consultorios/backend-api-consultorio/vendor/laravel/framework/src/Illuminate/Foundation/Support/Providers/RouteServiceProvider.php(45): Illuminate\\Foundation\\Support\\Providers\\RouteServiceProvider->loadRoutes()
#48 /Applications/MAMP/htdocs/proyectos/aplicacionesWeb/Angular/Klintic/consultorios/backend-api-consultorio/vendor/laravel/framework/src/Illuminate/Container/BoundMethod.php(36): Illuminate\\Foundation\\Support\\Providers\\RouteServiceProvider->{closure:Illuminate\\Foundation\\Support\\Providers\\RouteServiceProvider::register():39}()
#49 /Applications/MAMP/htdocs/proyectos/aplicacionesWeb/Angular/Klintic/consultorios/backend-api-consultorio/vendor/laravel/framework/src/Illuminate/Container/Util.php(40): Illuminate\\Container\\BoundMethod::{closure:Illuminate\\Container\\BoundMethod::call():35}()
#50 /Applications/MAMP/htdocs/proyectos/aplicacionesWeb/Angular/Klintic/consultorios/backend-api-consultorio/vendor/laravel/framework/src/Illuminate/Container/BoundMethod.php(81): Illuminate\\Container\\Util::unwrapIfClosure(Object(Closure))
#51 /Applications/MAMP/htdocs/proyectos/aplicacionesWeb/Angular/Klintic/consultorios/backend-api-consultorio/vendor/laravel/framework/src/Illuminate/Container/BoundMethod.php(35): Illuminate\\Container\\BoundMethod::callBoundMethod(Object(Illuminate\\Foundation\\Application), Object(Closure), Object(Closure))
#52 /Applications/MAMP/htdocs/proyectos/aplicacionesWeb/Angular/Klintic/consultorios/backend-api-consultorio/vendor/laravel/framework/src/Illuminate/Container/Container.php(653): Illuminate\\Container\\BoundMethod::call(Object(Illuminate\\Foundation\\Application), Object(Closure), Array, NULL)
#53 /Applications/MAMP/htdocs/proyectos/aplicacionesWeb/Angular/Klintic/consultorios/backend-api-consultorio/vendor/laravel/framework/src/Illuminate/Support/ServiceProvider.php(119): Illuminate\\Container\\Container->call(Object(Closure))
#54 /Applications/MAMP/htdocs/proyectos/aplicacionesWeb/Angular/Klintic/consultorios/backend-api-consultorio/vendor/laravel/framework/src/Illuminate/Foundation/Application.php(929): Illuminate\\Support\\ServiceProvider->callBootedCallbacks()
#55 /Applications/MAMP/htdocs/proyectos/aplicacionesWeb/Angular/Klintic/consultorios/backend-api-consultorio/vendor/laravel/framework/src/Illuminate/Foundation/Application.php(907): Illuminate\\Foundation\\Application->bootProvider(Object(App\\Providers\\RouteServiceProvider))
#56 [internal function]: Illuminate\\Foundation\\Application->{closure:Illuminate\\Foundation\\Application::boot():906}(Object(App\\Providers\\RouteServiceProvider), 26)
#57 /Applications/MAMP/htdocs/proyectos/aplicacionesWeb/Angular/Klintic/consultorios/backend-api-consultorio/vendor/laravel/framework/src/Illuminate/Foundation/Application.php(906): array_walk(Array, Object(Closure))
#58 /Applications/MAMP/htdocs/proyectos/aplicacionesWeb/Angular/Klintic/consultorios/backend-api-consultorio/vendor/laravel/framework/src/Illuminate/Foundation/Bootstrap/BootProviders.php(17): Illuminate\\Foundation\\Application->boot()
#59 /Applications/MAMP/htdocs/proyectos/aplicacionesWeb/Angular/Klintic/consultorios/backend-api-consultorio/vendor/laravel/framework/src/Illuminate/Foundation/Application.php(237): Illuminate\\Foundation\\Bootstrap\\BootProviders->bootstrap(Object(Illuminate\\Foundation\\Application))
#60 /Applications/MAMP/htdocs/proyectos/aplicacionesWeb/Angular/Klintic/consultorios/backend-api-consultorio/vendor/laravel/framework/src/Illuminate/Foundation/Console/Kernel.php(310): Illuminate\\Foundation\\Application->bootstrapWith(Array)
#61 /Applications/MAMP/htdocs/proyectos/aplicacionesWeb/Angular/Klintic/consultorios/backend-api-consultorio/vendor/laravel/framework/src/Illuminate/Foundation/Console/Kernel.php(127): Illuminate\\Foundation\\Console\\Kernel->bootstrap()
#62 /Applications/MAMP/htdocs/proyectos/aplicacionesWeb/Angular/Klintic/consultorios/backend-api-consultorio/artisan(35): Illuminate\\Foundation\\Console\\Kernel->handle(Object(Symfony\\Component\\Console\\Input\\ArgvInput), Object(Symfony\\Component\\Console\\Output\\ConsoleOutput))
#63 {main}

[previous exception] [object] (PDOException(code: 42S01): SQLSTATE[42S01]: Base table or view already exists: 1050 Table 'r_laboratories' already exists at /Applications/MAMP/htdocs/proyectos/aplicacionesWeb/Angular/Klintic/consultorios/backend-api-consultorio/vendor/laravel/framework/src/Illuminate/Database/Connection.php:501)
[stacktrace]
#0 /Applications/MAMP/htdocs/proyectos/aplicacionesWeb/Angular/Klintic/consultorios/backend-api-consultorio/vendor/laravel/framework/src/Illuminate/Database/Connection.php(501): PDOStatement->execute()
#1 /Applications/MAMP/htdocs/proyectos/aplicacionesWeb/Angular/Klintic/consultorios/backend-api-consultorio/vendor/laravel/framework/src/Illuminate/Database/Connection.php(705): Illuminate\\Database\\Connection->{closure:Illuminate\\Database\\Connection::statement():490}('create table `r...', Array)
#2 /Applications/MAMP/htdocs/proyectos/aplicacionesWeb/Angular/Klintic/consultorios/backend-api-consultorio/vendor/laravel/framework/src/Illuminate/Database/Connection.php(672): Illuminate\\Database\\Connection->runQueryCallback('create table `r...', Array, Object(Closure))
#3 /Applications/MAMP/htdocs/proyectos/aplicacionesWeb/Angular/Klintic/consultorios/backend-api-consultorio/vendor/laravel/framework/src/Illuminate/Database/Connection.php(490): Illuminate\\Database\\Connection->run('create table `r...', Array, Object(Closure))
#4 /Applications/MAMP/htdocs/proyectos/aplicacionesWeb/Angular/Klintic/consultorios/backend-api-consultorio/vendor/laravel/framework/src/Illuminate/Database/Schema/Blueprint.php(109): Illuminate\\Database\\Connection->statement('create table `r...')
#5 /Applications/MAMP/htdocs/proyectos/aplicacionesWeb/Angular/Klintic/consultorios/backend-api-consultorio/vendor/laravel/framework/src/Illuminate/Database/Schema/Builder.php(364): Illuminate\\Database\\Schema\\Blueprint->build(Object(Illuminate\\Database\\MySqlConnection), Object(Illuminate\\Database\\Schema\\Grammars\\MySqlGrammar))
#6 /Applications/MAMP/htdocs/proyectos/aplicacionesWeb/Angular/Klintic/consultorios/backend-api-consultorio/vendor/laravel/framework/src/Illuminate/Database/Schema/Builder.php(223): Illuminate\\Database\\Schema\\Builder->build(Object(Illuminate\\Database\\Schema\\Blueprint))
#7 /Applications/MAMP/htdocs/proyectos/aplicacionesWeb/Angular/Klintic/consultorios/backend-api-consultorio/vendor/laravel/framework/src/Illuminate/Support/Facades/Facade.php(261): Illuminate\\Database\\Schema\\Builder->create('r_laboratories', Object(Closure))
#8 /Applications/MAMP/htdocs/proyectos/aplicacionesWeb/Angular/Klintic/consultorios/backend-api-consultorio/database/migrations/2026_06_30_194521_create_r_laboratories_table.php(16): Illuminate\\Support\\Facades\\Facade::__callStatic('create', Array)
#9 /Applications/MAMP/htdocs/proyectos/aplicacionesWeb/Angular/Klintic/consultorios/backend-api-consultorio/vendor/laravel/framework/src/Illuminate/Database/Migrations/Migrator.php(472): CreateRlaboratoriesTable->up()
#10 /Applications/MAMP/htdocs/proyectos/aplicacionesWeb/Angular/Klintic/consultorios/backend-api-consultorio/vendor/laravel/framework/src/Illuminate/Database/Migrations/Migrator.php(394): Illuminate\\Database\\Migrations\\Migrator->runMethod(Object(Illuminate\\Database\\MySqlConnection), Object(CreateRlaboratoriesTable), 'up')
#11 /Applications/MAMP/htdocs/proyectos/aplicacionesWeb/Angular/Klintic/consultorios/backend-api-consultorio/vendor/laravel/framework/src/Illuminate/Database/Migrations/Migrator.php(403): Illuminate\\Database\\Migrations\\Migrator->{closure:Illuminate\\Database\\Migrations\\Migrator::runMigration():390}()
#12 /Applications/MAMP/htdocs/proyectos/aplicacionesWeb/Angular/Klintic/consultorios/backend-api-consultorio/vendor/laravel/framework/src/Illuminate/Database/Migrations/Migrator.php(202): Illuminate\\Database\\Migrations\\Migrator->runMigration(Object(CreateRlaboratoriesTable), 'up')
#13 /Applications/MAMP/htdocs/proyectos/aplicacionesWeb/Angular/Klintic/consultorios/backend-api-consultorio/vendor/laravel/framework/src/Illuminate/Database/Migrations/Migrator.php(167): Illuminate\\Database\\Migrations\\Migrator->runUp('/Applications/M...', 2, false)
#14 /Applications/MAMP/htdocs/proyectos/aplicacionesWeb/Angular/Klintic/consultorios/backend-api-consultorio/vendor/laravel/framework/src/Illuminate/Database/Migrations/Migrator.php(112): Illuminate\\Database\\Migrations\\Migrator->runPending(Array, Array)
#15 /Applications/MAMP/htdocs/proyectos/aplicacionesWeb/Angular/Klintic/consultorios/backend-api-consultorio/vendor/laravel/framework/src/Illuminate/Database/Console/Migrations/MigrateCommand.php(84): Illuminate\\Database\\Migrations\\Migrator->run(Array, Array)
#16 /Applications/MAMP/htdocs/proyectos/aplicacionesWeb/Angular/Klintic/consultorios/backend-api-consultorio/vendor/laravel/framework/src/Illuminate/Database/Migrations/Migrator.php(606): Illuminate\\Database\\Console\\Migrations\\MigrateCommand->{closure:Illuminate\\Database\\Console\\Migrations\\MigrateCommand::handle():77}()
#17 /Applications/MAMP/htdocs/proyectos/aplicacionesWeb/Angular/Klintic/consultorios/backend-api-consultorio/vendor/laravel/framework/src/Illuminate/Database/Console/Migrations/MigrateCommand.php(77): Illuminate\\Database\\Migrations\\Migrator->usingConnection(NULL, Object(Closure))
#18 /Applications/MAMP/htdocs/proyectos/aplicacionesWeb/Angular/Klintic/consultorios/backend-api-consultorio/vendor/laravel/framework/src/Illuminate/Container/BoundMethod.php(36): Illuminate\\Database\\Console\\Migrations\\MigrateCommand->handle()
#19 /Applications/MAMP/htdocs/proyectos/aplicacionesWeb/Angular/Klintic/consultorios/backend-api-consultorio/vendor/laravel/framework/src/Illuminate/Container/Util.php(40): Illuminate\\Container\\BoundMethod::{closure:Illuminate\\Container\\BoundMethod::call():35}()
#20 /Applications/MAMP/htdocs/proyectos/aplicacionesWeb/Angular/Klintic/consultorios/backend-api-consultorio/vendor/laravel/framework/src/Illuminate/Container/BoundMethod.php(93): Illuminate\\Container\\Util::unwrapIfClosure(Object(Closure))
#21 /Applications/MAMP/htdocs/proyectos/aplicacionesWeb/Angular/Klintic/consultorios/backend-api-consultorio/vendor/laravel/framework/src/Illuminate/Container/BoundMethod.php(35): Illuminate\\Container\\BoundMethod::callBoundMethod(Object(Illuminate\\Foundation\\Application), Array, Object(Closure))
#22 /Applications/MAMP/htdocs/proyectos/aplicacionesWeb/Angular/Klintic/consultorios/backend-api-consultorio/vendor/laravel/framework/src/Illuminate/Container/Container.php(653): Illuminate\\Container\\BoundMethod::call(Object(Illuminate\\Foundation\\Application), Array, Array, NULL)
#23 /Applications/MAMP/htdocs/proyectos/aplicacionesWeb/Angular/Klintic/consultorios/backend-api-consultorio/vendor/laravel/framework/src/Illuminate/Console/Command.php(136): Illuminate\\Container\\Container->call(Array)
#24 /Applications/MAMP/htdocs/proyectos/aplicacionesWeb/Angular/Klintic/consultorios/backend-api-consultorio/vendor/symfony/console/Command/Command.php(298): Illuminate\\Console\\Command->execute(Object(Symfony\\Component\\Console\\Input\\ArrayInput), Object(Illuminate\\Console\\OutputStyle))
#25 /Applications/MAMP/htdocs/proyectos/aplicacionesWeb/Angular/Klintic/consultorios/backend-api-consultorio/vendor/laravel/framework/src/Illuminate/Console/Command.php(120): Symfony\\Component\\Console\\Command\\Command->run(Object(Symfony\\Component\\Console\\Input\\ArrayInput), Object(Illuminate\\Console\\OutputStyle))
#26 /Applications/MAMP/htdocs/proyectos/aplicacionesWeb/Angular/Klintic/consultorios/backend-api-consultorio/vendor/symfony/console/Application.php(1040): Illuminate\\Console\\Command->run(Object(Symfony\\Component\\Console\\Input\\ArrayInput), Object(Symfony\\Component\\Console\\Output\\BufferedOutput))
#27 /Applications/MAMP/htdocs/proyectos/aplicacionesWeb/Angular/Klintic/consultorios/backend-api-consultorio/vendor/symfony/console/Application.php(301): Symfony\\Component\\Console\\Application->doRunCommand(Object(Illuminate\\Database\\Console\\Migrations\\MigrateCommand), Object(Symfony\\Component\\Console\\Input\\ArrayInput), Object(Symfony\\Component\\Console\\Output\\BufferedOutput))
#28 /Applications/MAMP/htdocs/proyectos/aplicacionesWeb/Angular/Klintic/consultorios/backend-api-consultorio/vendor/symfony/console/Application.php(171): Symfony\\Component\\Console\\Application->doRun(Object(Symfony\\Component\\Console\\Input\\ArrayInput), Object(Symfony\\Component\\Console\\Output\\BufferedOutput))
#29 /Applications/MAMP/htdocs/proyectos/aplicacionesWeb/Angular/Klintic/consultorios/backend-api-consultorio/vendor/laravel/framework/src/Illuminate/Console/Application.php(94): Symfony\\Component\\Console\\Application->run(Object(Symfony\\Component\\Console\\Input\\ArrayInput), Object(Symfony\\Component\\Console\\Output\\BufferedOutput))
#30 /Applications/MAMP/htdocs/proyectos/aplicacionesWeb/Angular/Klintic/consultorios/backend-api-consultorio/vendor/laravel/framework/src/Illuminate/Console/Application.php(185): Illuminate\\Console\\Application->run(Object(Symfony\\Component\\Console\\Input\\ArrayInput), Object(Symfony\\Component\\Console\\Output\\BufferedOutput))
#31 /Applications/MAMP/htdocs/proyectos/aplicacionesWeb/Angular/Klintic/consultorios/backend-api-consultorio/vendor/laravel/framework/src/Illuminate/Foundation/Console/Kernel.php(263): Illuminate\\Console\\Application->call('migrate', Array, NULL)
#32 /Applications/MAMP/htdocs/proyectos/aplicacionesWeb/Angular/Klintic/consultorios/backend-api-consultorio/vendor/laravel/framework/src/Illuminate/Support/Facades/Facade.php(261): Illuminate\\Foundation\\Console\\Kernel->call('migrate', Array)
#33 /Applications/MAMP/htdocs/proyectos/aplicacionesWeb/Angular/Klintic/consultorios/backend-api-consultorio/routes/api.php(126): Illuminate\\Support\\Facades\\Facade::__callStatic('call', Array)
#34 /Applications/MAMP/htdocs/proyectos/aplicacionesWeb/Angular/Klintic/consultorios/backend-api-consultorio/vendor/laravel/framework/src/Illuminate/Routing/Router.php(423): Illuminate\\Routing\\RouteFileRegistrar->{closure:/Applications/MAMP/htdocs/proyectos/aplicacionesWeb/Angular/Klintic/consultorios/backend-api-consultorio/routes/api.php:26}(Object(Illuminate\\Routing\\Router))
#35 /Applications/MAMP/htdocs/proyectos/aplicacionesWeb/Angular/Klintic/consultorios/backend-api-consultorio/vendor/laravel/framework/src/Illuminate/Routing/Router.php(382): Illuminate\\Routing\\Router->loadRoutes(Object(Closure))
#36 /Applications/MAMP/htdocs/proyectos/aplicacionesWeb/Angular/Klintic/consultorios/backend-api-consultorio/vendor/laravel/framework/src/Illuminate/Support/Facades/Facade.php(261): Illuminate\\Routing\\Router->group(Array, Object(Closure))
#37 /Applications/MAMP/htdocs/proyectos/aplicacionesWeb/Angular/Klintic/consultorios/backend-api-consultorio/routes/api.php(26): Illuminate\\Support\\Facades\\Facade::__callStatic('group', Array)
#38 /Applications/MAMP/htdocs/proyectos/aplicacionesWeb/Angular/Klintic/consultorios/backend-api-consultorio/vendor/laravel/framework/src/Illuminate/Routing/RouteFileRegistrar.php(35): require('/Applications/M...')
#39 /Applications/MAMP/htdocs/proyectos/aplicacionesWeb/Angular/Klintic/consultorios/backend-api-consultorio/vendor/laravel/framework/src/Illuminate/Routing/Router.php(425): Illuminate\\Routing\\RouteFileRegistrar->register('/Applications/M...')
#40 /Applications/MAMP/htdocs/proyectos/aplicacionesWeb/Angular/Klintic/consultorios/backend-api-consultorio/vendor/laravel/framework/src/Illuminate/Routing/Router.php(382): Illuminate\\Routing\\Router->loadRoutes('/Applications/M...')
#41 /Applications/MAMP/htdocs/proyectos/aplicacionesWeb/Angular/Klintic/consultorios/backend-api-consultorio/vendor/laravel/framework/src/Illuminate/Routing/RouteRegistrar.php(163): Illuminate\\Routing\\Router->group(Array, '/Applications/M...')
#42 /Applications/MAMP/htdocs/proyectos/aplicacionesWeb/Angular/Klintic/consultorios/backend-api-consultorio/app/Providers/RouteServiceProvider.php(44): Illuminate\\Routing\\RouteRegistrar->group('/Applications/M...')
#43 /Applications/MAMP/htdocs/proyectos/aplicacionesWeb/Angular/Klintic/consultorios/backend-api-consultorio/vendor/laravel/framework/src/Illuminate/Container/BoundMethod.php(36): App\\Providers\\RouteServiceProvider->{closure:App\\Providers\\RouteServiceProvider::boot():40}()
#44 /Applications/MAMP/htdocs/proyectos/aplicacionesWeb/Angular/Klintic/consultorios/backend-api-consultorio/vendor/laravel/framework/src/Illuminate/Container/Util.php(40): Illuminate\\Container\\BoundMethod::{closure:Illuminate\\Container\\BoundMethod::call():35}()
#45 /Applications/MAMP/htdocs/proyectos/aplicacionesWeb/Angular/Klintic/consultorios/backend-api-consultorio/vendor/laravel/framework/src/Illuminate/Container/BoundMethod.php(81): Illuminate\\Container\\Util::unwrapIfClosure(Object(Closure))
#46 /Applications/MAMP/htdocs/proyectos/aplicacionesWeb/Angular/Klintic/consultorios/backend-api-consultorio/vendor/laravel/framework/src/Illuminate/Container/BoundMethod.php(35): Illuminate\\Container\\BoundMethod::callBoundMethod(Object(Illuminate\\Foundation\\Application), Object(Closure), Object(Closure))
#47 /Applications/MAMP/htdocs/proyectos/aplicacionesWeb/Angular/Klintic/consultorios/backend-api-consultorio/vendor/laravel/framework/src/Illuminate/Container/Container.php(653): Illuminate\\Container\\BoundMethod::call(Object(Illuminate\\Foundation\\Application), Object(Closure), Array, NULL)
#48 /Applications/MAMP/htdocs/proyectos/aplicacionesWeb/Angular/Klintic/consultorios/backend-api-consultorio/vendor/laravel/framework/src/Illuminate/Foundation/Support/Providers/RouteServiceProvider.php(120): Illuminate\\Container\\Container->call(Object(Closure))
#49 /Applications/MAMP/htdocs/proyectos/aplicacionesWeb/Angular/Klintic/consultorios/backend-api-consultorio/vendor/laravel/framework/src/Illuminate/Foundation/Support/Providers/RouteServiceProvider.php(45): Illuminate\\Foundation\\Support\\Providers\\RouteServiceProvider->loadRoutes()
#50 /Applications/MAMP/htdocs/proyectos/aplicacionesWeb/Angular/Klintic/consultorios/backend-api-consultorio/vendor/laravel/framework/src/Illuminate/Container/BoundMethod.php(36): Illuminate\\Foundation\\Support\\Providers\\RouteServiceProvider->{closure:Illuminate\\Foundation\\Support\\Providers\\RouteServiceProvider::register():39}()
#51 /Applications/MAMP/htdocs/proyectos/aplicacionesWeb/Angular/Klintic/consultorios/backend-api-consultorio/vendor/laravel/framework/src/Illuminate/Container/Util.php(40): Illuminate\\Container\\BoundMethod::{closure:Illuminate\\Container\\BoundMethod::call():35}()
#52 /Applications/MAMP/htdocs/proyectos/aplicacionesWeb/Angular/Klintic/consultorios/backend-api-consultorio/vendor/laravel/framework/src/Illuminate/Container/BoundMethod.php(81): Illuminate\\Container\\Util::unwrapIfClosure(Object(Closure))
#53 /Applications/MAMP/htdocs/proyectos/aplicacionesWeb/Angular/Klintic/consultorios/backend-api-consultorio/vendor/laravel/framework/src/Illuminate/Container/BoundMethod.php(35): Illuminate\\Container\\BoundMethod::callBoundMethod(Object(Illuminate\\Foundation\\Application), Object(Closure), Object(Closure))
#54 /Applications/MAMP/htdocs/proyectos/aplicacionesWeb/Angular/Klintic/consultorios/backend-api-consultorio/vendor/laravel/framework/src/Illuminate/Container/Container.php(653): Illuminate\\Container\\BoundMethod::call(Object(Illuminate\\Foundation\\Application), Object(Closure), Array, NULL)
#55 /Applications/MAMP/htdocs/proyectos/aplicacionesWeb/Angular/Klintic/consultorios/backend-api-consultorio/vendor/laravel/framework/src/Illuminate/Support/ServiceProvider.php(119): Illuminate\\Container\\Container->call(Object(Closure))
#56 /Applications/MAMP/htdocs/proyectos/aplicacionesWeb/Angular/Klintic/consultorios/backend-api-consultorio/vendor/laravel/framework/src/Illuminate/Foundation/Application.php(929): Illuminate\\Support\\ServiceProvider->callBootedCallbacks()
#57 /Applications/MAMP/htdocs/proyectos/aplicacionesWeb/Angular/Klintic/consultorios/backend-api-consultorio/vendor/laravel/framework/src/Illuminate/Foundation/Application.php(907): Illuminate\\Foundation\\Application->bootProvider(Object(App\\Providers\\RouteServiceProvider))
#58 [internal function]: Illuminate\\Foundation\\Application->{closure:Illuminate\\Foundation\\Application::boot():906}(Object(App\\Providers\\RouteServiceProvider), 26)
#59 /Applications/MAMP/htdocs/proyectos/aplicacionesWeb/Angular/Klintic/consultorios/backend-api-consultorio/vendor/laravel/framework/src/Illuminate/Foundation/Application.php(906): array_walk(Array, Object(Closure))
#60 /Applications/MAMP/htdocs/proyectos/aplicacionesWeb/Angular/Klintic/consultorios/backend-api-consultorio/vendor/laravel/framework/src/Illuminate/Foundation/Bootstrap/BootProviders.php(17): Illuminate\\Foundation\\Application->boot()
#61 /Applications/MAMP/htdocs/proyectos/aplicacionesWeb/Angular/Klintic/consultorios/backend-api-consultorio/vendor/laravel/framework/src/Illuminate/Foundation/Application.php(237): Illuminate\\Foundation\\Bootstrap\\BootProviders->bootstrap(Object(Illuminate\\Foundation\\Application))
#62 /Applications/MAMP/htdocs/proyectos/aplicacionesWeb/Angular/Klintic/consultorios/backend-api-consultorio/vendor/laravel/framework/src/Illuminate/Foundation/Console/Kernel.php(310): Illuminate\\Foundation\\Application->bootstrapWith(Array)
#63 /Applications/MAMP/htdocs/proyectos/aplicacionesWeb/Angular/Klintic/consultorios/backend-api-consultorio/vendor/laravel/framework/src/Illuminate/Foundation/Console/Kernel.php(127): Illuminate\\Foundation\\Console\\Kernel->bootstrap()
#64 /Applications/MAMP/htdocs/proyectos/aplicacionesWeb/Angular/Klintic/consultorios/backend-api-consultorio/artisan(35): Illuminate\\Foundation\\Console\\Kernel->handle(Object(Symfony\\Component\\Console\\Input\\ArgvInput), Object(Symfony\\Component\\Console\\Output\\ConsoleOutput))
#65 {main}
"} 
[2026-07-01 05:56:15] local.ERROR: Seeder Klyntic: Falló el enlace a Render para el doctor ID 3: cURL error 7: Failed to connect to localhost port 3000 after 0 ms: Could not connect to server (see https://curl.haxx.se/libcurl/c/libcurl-errors.html) for http://localhost:3000/api/klyntic/consultorios/sync  
[2026-07-01 05:56:15] local.ERROR: Seeder Klyntic: Falló el enlace a Render para el doctor ID 4: cURL error 7: Failed to connect to localhost port 3000 after 0 ms: Could not connect to server (see https://curl.haxx.se/libcurl/c/libcurl-errors.html) for http://localhost:3000/api/klyntic/consultorios/sync  
