[2025-02-28 02:09:19] local.ERROR: Uncaught ReflectionException: Class "Spatie\Permission\Middlewares\RoleMiddleware" does not exist in Command line code:1
Stack trace:
#0 Command line code(1): ReflectionMethod->__construct('Spatie\\Permissi...', 'handle')
#1 {main}
  thrown {"exception":"[object] (Symfony\\Component\\ErrorHandler\\Error\\FatalError(code: 0): Uncaught ReflectionException: Class \"Spatie\\Permission\\Middlewares\\RoleMiddleware\" does not exist in Command line code:1
Stack trace:
#0 Command line code(1): ReflectionMethod->__construct('Spatie\\\\Permissi...', 'handle')
#1 {main}
  thrown at Command line code:1)
[stacktrace]
#0 {main}
"} 
[2025-02-28 18:41:29] local.ERROR: SQLSTATE[23000]: Integrity constraint violation: 1217 Cannot delete or update a parent row: a foreign key constraint fails (SQL: drop table if exists `presupuestos`) {"exception":"[object] (Illuminate\\Database\\QueryException(code: 23000): SQLSTATE[23000]: Integrity constraint violation: 1217 Cannot delete or update a parent row: a foreign key constraint fails (SQL: drop table if exists `presupuestos`) at /Applications/MAMP/htdocs/proyectos/healthConnectMe/consultorios/backend-api-consultorio/vendor/laravel/framework/src/Illuminate/Database/Connection.php:712)
[stacktrace]
#0 /Applications/MAMP/htdocs/proyectos/healthConnectMe/consultorios/backend-api-consultorio/vendor/laravel/framework/src/Illuminate/Database/Connection.php(672): Illuminate\\Database\\Connection->runQueryCallback('drop table if e...', Array, Object(Closure))
#1 /Applications/MAMP/htdocs/proyectos/healthConnectMe/consultorios/backend-api-consultorio/vendor/laravel/framework/src/Illuminate/Database/Connection.php(490): Illuminate\\Database\\Connection->run('drop table if e...', Array, Object(Closure))
#2 /Applications/MAMP/htdocs/proyectos/healthConnectMe/consultorios/backend-api-consultorio/vendor/laravel/framework/src/Illuminate/Database/Schema/Blueprint.php(109): Illuminate\\Database\\Connection->statement('drop table if e...')
#3 /Applications/MAMP/htdocs/proyectos/healthConnectMe/consultorios/backend-api-consultorio/vendor/laravel/framework/src/Illuminate/Database/Schema/Builder.php(364): Illuminate\\Database\\Schema\\Blueprint->build(Object(Illuminate\\Database\\MySqlConnection), Object(Illuminate\\Database\\Schema\\Grammars\\MySqlGrammar))
#4 /Applications/MAMP/htdocs/proyectos/healthConnectMe/consultorios/backend-api-consultorio/vendor/laravel/framework/src/Illuminate/Database/Schema/Builder.php(251): Illuminate\\Database\\Schema\\Builder->build(Object(Illuminate\\Database\\Schema\\Blueprint))
#5 /Applications/MAMP/htdocs/proyectos/healthConnectMe/consultorios/backend-api-consultorio/vendor/laravel/framework/src/Illuminate/Support/Facades/Facade.php(261): Illuminate\\Database\\Schema\\Builder->dropIfExists('presupuestos')
#6 /Applications/MAMP/htdocs/proyectos/healthConnectMe/consultorios/backend-api-consultorio/database/migrations/2025_02_20_022655_create_presupuestos_table.php(52): Illuminate\\Support\\Facades\\Facade::__callStatic('dropIfExists', Array)
#7 /Applications/MAMP/htdocs/proyectos/healthConnectMe/consultorios/backend-api-consultorio/vendor/laravel/framework/src/Illuminate/Database/Migrations/Migrator.php(472): CreatePresupuestosTable->down()
#8 /Applications/MAMP/htdocs/proyectos/healthConnectMe/consultorios/backend-api-consultorio/vendor/laravel/framework/src/Illuminate/Database/Migrations/Migrator.php(394): Illuminate\\Database\\Migrations\\Migrator->runMethod(Object(Illuminate\\Database\\MySqlConnection), Object(CreatePresupuestosTable), 'down')
#9 /Applications/MAMP/htdocs/proyectos/healthConnectMe/consultorios/backend-api-consultorio/vendor/laravel/framework/src/Illuminate/Database/Migrations/Migrator.php(403): Illuminate\\Database\\Migrations\\Migrator->{closure:Illuminate\\Database\\Migrations\\Migrator::runMigration():390}()
#10 /Applications/MAMP/htdocs/proyectos/healthConnectMe/consultorios/backend-api-consultorio/vendor/laravel/framework/src/Illuminate/Database/Migrations/Migrator.php(365): Illuminate\\Database\\Migrations\\Migrator->runMigration(Object(CreatePresupuestosTable), 'down')
#11 /Applications/MAMP/htdocs/proyectos/healthConnectMe/consultorios/backend-api-consultorio/vendor/laravel/framework/src/Illuminate/Database/Migrations/Migrator.php(284): Illuminate\\Database\\Migrations\\Migrator->runDown('/Applications/M...', Object(stdClass), false)
#12 /Applications/MAMP/htdocs/proyectos/healthConnectMe/consultorios/backend-api-consultorio/vendor/laravel/framework/src/Illuminate/Database/Migrations/Migrator.php(335): Illuminate\\Database\\Migrations\\Migrator->rollbackMigrations(Array, Array, Array)
#13 /Applications/MAMP/htdocs/proyectos/healthConnectMe/consultorios/backend-api-consultorio/vendor/laravel/framework/src/Illuminate/Database/Migrations/Migrator.php(315): Illuminate\\Database\\Migrations\\Migrator->resetMigrations(Array, Array, false)
#14 /Applications/MAMP/htdocs/proyectos/healthConnectMe/consultorios/backend-api-consultorio/vendor/laravel/framework/src/Illuminate/Database/Console/Migrations/ResetCommand.php(66): Illuminate\\Database\\Migrations\\Migrator->reset(Array, false)
#15 /Applications/MAMP/htdocs/proyectos/healthConnectMe/consultorios/backend-api-consultorio/vendor/laravel/framework/src/Illuminate/Database/Migrations/Migrator.php(606): Illuminate\\Database\\Console\\Migrations\\ResetCommand->{closure:Illuminate\\Database\\Console\\Migrations\\ResetCommand::handle():58}()
#16 /Applications/MAMP/htdocs/proyectos/healthConnectMe/consultorios/backend-api-consultorio/vendor/laravel/framework/src/Illuminate/Database/Console/Migrations/ResetCommand.php(58): Illuminate\\Database\\Migrations\\Migrator->usingConnection(NULL, Object(Closure))
#17 /Applications/MAMP/htdocs/proyectos/healthConnectMe/consultorios/backend-api-consultorio/vendor/laravel/framework/src/Illuminate/Container/BoundMethod.php(36): Illuminate\\Database\\Console\\Migrations\\ResetCommand->handle()
#18 /Applications/MAMP/htdocs/proyectos/healthConnectMe/consultorios/backend-api-consultorio/vendor/laravel/framework/src/Illuminate/Container/Util.php(40): Illuminate\\Container\\BoundMethod::{closure:Illuminate\\Container\\BoundMethod::call():35}()
#19 /Applications/MAMP/htdocs/proyectos/healthConnectMe/consultorios/backend-api-consultorio/vendor/laravel/framework/src/Illuminate/Container/BoundMethod.php(93): Illuminate\\Container\\Util::unwrapIfClosure(Object(Closure))
#20 /Applications/MAMP/htdocs/proyectos/healthConnectMe/consultorios/backend-api-consultorio/vendor/laravel/framework/src/Illuminate/Container/BoundMethod.php(35): Illuminate\\Container\\BoundMethod::callBoundMethod(Object(Illuminate\\Foundation\\Application), Array, Object(Closure))
#21 /Applications/MAMP/htdocs/proyectos/healthConnectMe/consultorios/backend-api-consultorio/vendor/laravel/framework/src/Illuminate/Container/Container.php(653): Illuminate\\Container\\BoundMethod::call(Object(Illuminate\\Foundation\\Application), Array, Array, NULL)
#22 /Applications/MAMP/htdocs/proyectos/healthConnectMe/consultorios/backend-api-consultorio/vendor/laravel/framework/src/Illuminate/Console/Command.php(136): Illuminate\\Container\\Container->call(Array)
#23 /Applications/MAMP/htdocs/proyectos/healthConnectMe/consultorios/backend-api-consultorio/vendor/symfony/console/Command/Command.php(298): Illuminate\\Console\\Command->execute(Object(Symfony\\Component\\Console\\Input\\ArrayInput), Object(Illuminate\\Console\\OutputStyle))
#24 /Applications/MAMP/htdocs/proyectos/healthConnectMe/consultorios/backend-api-consultorio/vendor/laravel/framework/src/Illuminate/Console/Command.php(120): Symfony\\Component\\Console\\Command\\Command->run(Object(Symfony\\Component\\Console\\Input\\ArrayInput), Object(Illuminate\\Console\\OutputStyle))
#25 /Applications/MAMP/htdocs/proyectos/healthConnectMe/consultorios/backend-api-consultorio/vendor/laravel/framework/src/Illuminate/Console/Concerns/CallsCommands.php(67): Illuminate\\Console\\Command->run(Object(Symfony\\Component\\Console\\Input\\ArrayInput), Object(Illuminate\\Console\\OutputStyle))
#26 /Applications/MAMP/htdocs/proyectos/healthConnectMe/consultorios/backend-api-consultorio/vendor/laravel/framework/src/Illuminate/Console/Concerns/CallsCommands.php(28): Illuminate\\Console\\Command->runCommand('migrate:reset', Array, Object(Illuminate\\Console\\OutputStyle))
#27 /Applications/MAMP/htdocs/proyectos/healthConnectMe/consultorios/backend-api-consultorio/vendor/laravel/framework/src/Illuminate/Database/Console/Migrations/RefreshCommand.php(109): Illuminate\\Console\\Command->call('migrate:reset', Array)
#28 /Applications/MAMP/htdocs/proyectos/healthConnectMe/consultorios/backend-api-consultorio/vendor/laravel/framework/src/Illuminate/Database/Console/Migrations/RefreshCommand.php(55): Illuminate\\Database\\Console\\Migrations\\RefreshCommand->runReset(NULL, Array)
#29 /Applications/MAMP/htdocs/proyectos/healthConnectMe/consultorios/backend-api-consultorio/vendor/laravel/framework/src/Illuminate/Container/BoundMethod.php(36): Illuminate\\Database\\Console\\Migrations\\RefreshCommand->handle()
#30 /Applications/MAMP/htdocs/proyectos/healthConnectMe/consultorios/backend-api-consultorio/vendor/laravel/framework/src/Illuminate/Container/Util.php(40): Illuminate\\Container\\BoundMethod::{closure:Illuminate\\Container\\BoundMethod::call():35}()
#31 /Applications/MAMP/htdocs/proyectos/healthConnectMe/consultorios/backend-api-consultorio/vendor/laravel/framework/src/Illuminate/Container/BoundMethod.php(93): Illuminate\\Container\\Util::unwrapIfClosure(Object(Closure))
#32 /Applications/MAMP/htdocs/proyectos/healthConnectMe/consultorios/backend-api-consultorio/vendor/laravel/framework/src/Illuminate/Container/BoundMethod.php(35): Illuminate\\Container\\BoundMethod::callBoundMethod(Object(Illuminate\\Foundation\\Application), Array, Object(Closure))
#33 /Applications/MAMP/htdocs/proyectos/healthConnectMe/consultorios/backend-api-consultorio/vendor/laravel/framework/src/Illuminate/Container/Container.php(653): Illuminate\\Container\\BoundMethod::call(Object(Illuminate\\Foundation\\Application), Array, Array, NULL)
#34 /Applications/MAMP/htdocs/proyectos/healthConnectMe/consultorios/backend-api-consultorio/vendor/laravel/framework/src/Illuminate/Console/Command.php(136): Illuminate\\Container\\Container->call(Array)
#35 /Applications/MAMP/htdocs/proyectos/healthConnectMe/consultorios/backend-api-consultorio/vendor/symfony/console/Command/Command.php(298): Illuminate\\Console\\Command->execute(Object(Symfony\\Component\\Console\\Input\\ArgvInput), Object(Illuminate\\Console\\OutputStyle))
#36 /Applications/MAMP/htdocs/proyectos/healthConnectMe/consultorios/backend-api-consultorio/vendor/laravel/framework/src/Illuminate/Console/Command.php(120): Symfony\\Component\\Console\\Command\\Command->run(Object(Symfony\\Component\\Console\\Input\\ArgvInput), Object(Illuminate\\Console\\OutputStyle))
#37 /Applications/MAMP/htdocs/proyectos/healthConnectMe/consultorios/backend-api-consultorio/vendor/symfony/console/Application.php(1040): Illuminate\\Console\\Command->run(Object(Symfony\\Component\\Console\\Input\\ArgvInput), Object(Symfony\\Component\\Console\\Output\\ConsoleOutput))
#38 /Applications/MAMP/htdocs/proyectos/healthConnectMe/consultorios/backend-api-consultorio/vendor/symfony/console/Application.php(301): Symfony\\Component\\Console\\Application->doRunCommand(Object(Illuminate\\Database\\Console\\Migrations\\RefreshCommand), Object(Symfony\\Component\\Console\\Input\\ArgvInput), Object(Symfony\\Component\\Console\\Output\\ConsoleOutput))
#39 /Applications/MAMP/htdocs/proyectos/healthConnectMe/consultorios/backend-api-consultorio/vendor/symfony/console/Application.php(171): Symfony\\Component\\Console\\Application->doRun(Object(Symfony\\Component\\Console\\Input\\ArgvInput), Object(Symfony\\Component\\Console\\Output\\ConsoleOutput))
#40 /Applications/MAMP/htdocs/proyectos/healthConnectMe/consultorios/backend-api-consultorio/vendor/laravel/framework/src/Illuminate/Console/Application.php(94): Symfony\\Component\\Console\\Application->run(Object(Symfony\\Component\\Console\\Input\\ArgvInput), Object(Symfony\\Component\\Console\\Output\\ConsoleOutput))
#41 /Applications/MAMP/htdocs/proyectos/healthConnectMe/consultorios/backend-api-consultorio/vendor/laravel/framework/src/Illuminate/Foundation/Console/Kernel.php(129): Illuminate\\Console\\Application->run(Object(Symfony\\Component\\Console\\Input\\ArgvInput), Object(Symfony\\Component\\Console\\Output\\ConsoleOutput))
#42 /Applications/MAMP/htdocs/proyectos/healthConnectMe/consultorios/backend-api-consultorio/artisan(35): Illuminate\\Foundation\\Console\\Kernel->handle(Object(Symfony\\Component\\Console\\Input\\ArgvInput), Object(Symfony\\Component\\Console\\Output\\ConsoleOutput))
#43 {main}

[previous exception] [object] (PDOException(code: 23000): SQLSTATE[23000]: Integrity constraint violation: 1217 Cannot delete or update a parent row: a foreign key constraint fails at /Applications/MAMP/htdocs/proyectos/healthConnectMe/consultorios/backend-api-consultorio/vendor/laravel/framework/src/Illuminate/Database/Connection.php:501)
[stacktrace]
#0 /Applications/MAMP/htdocs/proyectos/healthConnectMe/consultorios/backend-api-consultorio/vendor/laravel/framework/src/Illuminate/Database/Connection.php(501): PDOStatement->execute()
#1 /Applications/MAMP/htdocs/proyectos/healthConnectMe/consultorios/backend-api-consultorio/vendor/laravel/framework/src/Illuminate/Database/Connection.php(705): Illuminate\\Database\\Connection->{closure:Illuminate\\Database\\Connection::statement():490}('drop table if e...', Array)
#2 /Applications/MAMP/htdocs/proyectos/healthConnectMe/consultorios/backend-api-consultorio/vendor/laravel/framework/src/Illuminate/Database/Connection.php(672): Illuminate\\Database\\Connection->runQueryCallback('drop table if e...', Array, Object(Closure))
#3 /Applications/MAMP/htdocs/proyectos/healthConnectMe/consultorios/backend-api-consultorio/vendor/laravel/framework/src/Illuminate/Database/Connection.php(490): Illuminate\\Database\\Connection->run('drop table if e...', Array, Object(Closure))
#4 /Applications/MAMP/htdocs/proyectos/healthConnectMe/consultorios/backend-api-consultorio/vendor/laravel/framework/src/Illuminate/Database/Schema/Blueprint.php(109): Illuminate\\Database\\Connection->statement('drop table if e...')
#5 /Applications/MAMP/htdocs/proyectos/healthConnectMe/consultorios/backend-api-consultorio/vendor/laravel/framework/src/Illuminate/Database/Schema/Builder.php(364): Illuminate\\Database\\Schema\\Blueprint->build(Object(Illuminate\\Database\\MySqlConnection), Object(Illuminate\\Database\\Schema\\Grammars\\MySqlGrammar))
#6 /Applications/MAMP/htdocs/proyectos/healthConnectMe/consultorios/backend-api-consultorio/vendor/laravel/framework/src/Illuminate/Database/Schema/Builder.php(251): Illuminate\\Database\\Schema\\Builder->build(Object(Illuminate\\Database\\Schema\\Blueprint))
#7 /Applications/MAMP/htdocs/proyectos/healthConnectMe/consultorios/backend-api-consultorio/vendor/laravel/framework/src/Illuminate/Support/Facades/Facade.php(261): Illuminate\\Database\\Schema\\Builder->dropIfExists('presupuestos')
#8 /Applications/MAMP/htdocs/proyectos/healthConnectMe/consultorios/backend-api-consultorio/database/migrations/2025_02_20_022655_create_presupuestos_table.php(52): Illuminate\\Support\\Facades\\Facade::__callStatic('dropIfExists', Array)
#9 /Applications/MAMP/htdocs/proyectos/healthConnectMe/consultorios/backend-api-consultorio/vendor/laravel/framework/src/Illuminate/Database/Migrations/Migrator.php(472): CreatePresupuestosTable->down()
#10 /Applications/MAMP/htdocs/proyectos/healthConnectMe/consultorios/backend-api-consultorio/vendor/laravel/framework/src/Illuminate/Database/Migrations/Migrator.php(394): Illuminate\\Database\\Migrations\\Migrator->runMethod(Object(Illuminate\\Database\\MySqlConnection), Object(CreatePresupuestosTable), 'down')
#11 /Applications/MAMP/htdocs/proyectos/healthConnectMe/consultorios/backend-api-consultorio/vendor/laravel/framework/src/Illuminate/Database/Migrations/Migrator.php(403): Illuminate\\Database\\Migrations\\Migrator->{closure:Illuminate\\Database\\Migrations\\Migrator::runMigration():390}()
#12 /Applications/MAMP/htdocs/proyectos/healthConnectMe/consultorios/backend-api-consultorio/vendor/laravel/framework/src/Illuminate/Database/Migrations/Migrator.php(365): Illuminate\\Database\\Migrations\\Migrator->runMigration(Object(CreatePresupuestosTable), 'down')
#13 /Applications/MAMP/htdocs/proyectos/healthConnectMe/consultorios/backend-api-consultorio/vendor/laravel/framework/src/Illuminate/Database/Migrations/Migrator.php(284): Illuminate\\Database\\Migrations\\Migrator->runDown('/Applications/M...', Object(stdClass), false)
#14 /Applications/MAMP/htdocs/proyectos/healthConnectMe/consultorios/backend-api-consultorio/vendor/laravel/framework/src/Illuminate/Database/Migrations/Migrator.php(335): Illuminate\\Database\\Migrations\\Migrator->rollbackMigrations(Array, Array, Array)
#15 /Applications/MAMP/htdocs/proyectos/healthConnectMe/consultorios/backend-api-consultorio/vendor/laravel/framework/src/Illuminate/Database/Migrations/Migrator.php(315): Illuminate\\Database\\Migrations\\Migrator->resetMigrations(Array, Array, false)
#16 /Applications/MAMP/htdocs/proyectos/healthConnectMe/consultorios/backend-api-consultorio/vendor/laravel/framework/src/Illuminate/Database/Console/Migrations/ResetCommand.php(66): Illuminate\\Database\\Migrations\\Migrator->reset(Array, false)
#17 /Applications/MAMP/htdocs/proyectos/healthConnectMe/consultorios/backend-api-consultorio/vendor/laravel/framework/src/Illuminate/Database/Migrations/Migrator.php(606): Illuminate\\Database\\Console\\Migrations\\ResetCommand->{closure:Illuminate\\Database\\Console\\Migrations\\ResetCommand::handle():58}()
#18 /Applications/MAMP/htdocs/proyectos/healthConnectMe/consultorios/backend-api-consultorio/vendor/laravel/framework/src/Illuminate/Database/Console/Migrations/ResetCommand.php(58): Illuminate\\Database\\Migrations\\Migrator->usingConnection(NULL, Object(Closure))
#19 /Applications/MAMP/htdocs/proyectos/healthConnectMe/consultorios/backend-api-consultorio/vendor/laravel/framework/src/Illuminate/Container/BoundMethod.php(36): Illuminate\\Database\\Console\\Migrations\\ResetCommand->handle()
#20 /Applications/MAMP/htdocs/proyectos/healthConnectMe/consultorios/backend-api-consultorio/vendor/laravel/framework/src/Illuminate/Container/Util.php(40): Illuminate\\Container\\BoundMethod::{closure:Illuminate\\Container\\BoundMethod::call():35}()
#21 /Applications/MAMP/htdocs/proyectos/healthConnectMe/consultorios/backend-api-consultorio/vendor/laravel/framework/src/Illuminate/Container/BoundMethod.php(93): Illuminate\\Container\\Util::unwrapIfClosure(Object(Closure))
#22 /Applications/MAMP/htdocs/proyectos/healthConnectMe/consultorios/backend-api-consultorio/vendor/laravel/framework/src/Illuminate/Container/BoundMethod.php(35): Illuminate\\Container\\BoundMethod::callBoundMethod(Object(Illuminate\\Foundation\\Application), Array, Object(Closure))
#23 /Applications/MAMP/htdocs/proyectos/healthConnectMe/consultorios/backend-api-consultorio/vendor/laravel/framework/src/Illuminate/Container/Container.php(653): Illuminate\\Container\\BoundMethod::call(Object(Illuminate\\Foundation\\Application), Array, Array, NULL)
#24 /Applications/MAMP/htdocs/proyectos/healthConnectMe/consultorios/backend-api-consultorio/vendor/laravel/framework/src/Illuminate/Console/Command.php(136): Illuminate\\Container\\Container->call(Array)
#25 /Applications/MAMP/htdocs/proyectos/healthConnectMe/consultorios/backend-api-consultorio/vendor/symfony/console/Command/Command.php(298): Illuminate\\Console\\Command->execute(Object(Symfony\\Component\\Console\\Input\\ArrayInput), Object(Illuminate\\Console\\OutputStyle))
#26 /Applications/MAMP/htdocs/proyectos/healthConnectMe/consultorios/backend-api-consultorio/vendor/laravel/framework/src/Illuminate/Console/Command.php(120): Symfony\\Component\\Console\\Command\\Command->run(Object(Symfony\\Component\\Console\\Input\\ArrayInput), Object(Illuminate\\Console\\OutputStyle))
#27 /Applications/MAMP/htdocs/proyectos/healthConnectMe/consultorios/backend-api-consultorio/vendor/laravel/framework/src/Illuminate/Console/Concerns/CallsCommands.php(67): Illuminate\\Console\\Command->run(Object(Symfony\\Component\\Console\\Input\\ArrayInput), Object(Illuminate\\Console\\OutputStyle))
#28 /Applications/MAMP/htdocs/proyectos/healthConnectMe/consultorios/backend-api-consultorio/vendor/laravel/framework/src/Illuminate/Console/Concerns/CallsCommands.php(28): Illuminate\\Console\\Command->runCommand('migrate:reset', Array, Object(Illuminate\\Console\\OutputStyle))
#29 /Applications/MAMP/htdocs/proyectos/healthConnectMe/consultorios/backend-api-consultorio/vendor/laravel/framework/src/Illuminate/Database/Console/Migrations/RefreshCommand.php(109): Illuminate\\Console\\Command->call('migrate:reset', Array)
#30 /Applications/MAMP/htdocs/proyectos/healthConnectMe/consultorios/backend-api-consultorio/vendor/laravel/framework/src/Illuminate/Database/Console/Migrations/RefreshCommand.php(55): Illuminate\\Database\\Console\\Migrations\\RefreshCommand->runReset(NULL, Array)
#31 /Applications/MAMP/htdocs/proyectos/healthConnectMe/consultorios/backend-api-consultorio/vendor/laravel/framework/src/Illuminate/Container/BoundMethod.php(36): Illuminate\\Database\\Console\\Migrations\\RefreshCommand->handle()
#32 /Applications/MAMP/htdocs/proyectos/healthConnectMe/consultorios/backend-api-consultorio/vendor/laravel/framework/src/Illuminate/Container/Util.php(40): Illuminate\\Container\\BoundMethod::{closure:Illuminate\\Container\\BoundMethod::call():35}()
#33 /Applications/MAMP/htdocs/proyectos/healthConnectMe/consultorios/backend-api-consultorio/vendor/laravel/framework/src/Illuminate/Container/BoundMethod.php(93): Illuminate\\Container\\Util::unwrapIfClosure(Object(Closure))
#34 /Applications/MAMP/htdocs/proyectos/healthConnectMe/consultorios/backend-api-consultorio/vendor/laravel/framework/src/Illuminate/Container/BoundMethod.php(35): Illuminate\\Container\\BoundMethod::callBoundMethod(Object(Illuminate\\Foundation\\Application), Array, Object(Closure))
#35 /Applications/MAMP/htdocs/proyectos/healthConnectMe/consultorios/backend-api-consultorio/vendor/laravel/framework/src/Illuminate/Container/Container.php(653): Illuminate\\Container\\BoundMethod::call(Object(Illuminate\\Foundation\\Application), Array, Array, NULL)
#36 /Applications/MAMP/htdocs/proyectos/healthConnectMe/consultorios/backend-api-consultorio/vendor/laravel/framework/src/Illuminate/Console/Command.php(136): Illuminate\\Container\\Container->call(Array)
#37 /Applications/MAMP/htdocs/proyectos/healthConnectMe/consultorios/backend-api-consultorio/vendor/symfony/console/Command/Command.php(298): Illuminate\\Console\\Command->execute(Object(Symfony\\Component\\Console\\Input\\ArgvInput), Object(Illuminate\\Console\\OutputStyle))
#38 /Applications/MAMP/htdocs/proyectos/healthConnectMe/consultorios/backend-api-consultorio/vendor/laravel/framework/src/Illuminate/Console/Command.php(120): Symfony\\Component\\Console\\Command\\Command->run(Object(Symfony\\Component\\Console\\Input\\ArgvInput), Object(Illuminate\\Console\\OutputStyle))
#39 /Applications/MAMP/htdocs/proyectos/healthConnectMe/consultorios/backend-api-consultorio/vendor/symfony/console/Application.php(1040): Illuminate\\Console\\Command->run(Object(Symfony\\Component\\Console\\Input\\ArgvInput), Object(Symfony\\Component\\Console\\Output\\ConsoleOutput))
#40 /Applications/MAMP/htdocs/proyectos/healthConnectMe/consultorios/backend-api-consultorio/vendor/symfony/console/Application.php(301): Symfony\\Component\\Console\\Application->doRunCommand(Object(Illuminate\\Database\\Console\\Migrations\\RefreshCommand), Object(Symfony\\Component\\Console\\Input\\ArgvInput), Object(Symfony\\Component\\Console\\Output\\ConsoleOutput))
#41 /Applications/MAMP/htdocs/proyectos/healthConnectMe/consultorios/backend-api-consultorio/vendor/symfony/console/Application.php(171): Symfony\\Component\\Console\\Application->doRun(Object(Symfony\\Component\\Console\\Input\\ArgvInput), Object(Symfony\\Component\\Console\\Output\\ConsoleOutput))
#42 /Applications/MAMP/htdocs/proyectos/healthConnectMe/consultorios/backend-api-consultorio/vendor/laravel/framework/src/Illuminate/Console/Application.php(94): Symfony\\Component\\Console\\Application->run(Object(Symfony\\Component\\Console\\Input\\ArgvInput), Object(Symfony\\Component\\Console\\Output\\ConsoleOutput))
#43 /Applications/MAMP/htdocs/proyectos/healthConnectMe/consultorios/backend-api-consultorio/vendor/laravel/framework/src/Illuminate/Foundation/Console/Kernel.php(129): Illuminate\\Console\\Application->run(Object(Symfony\\Component\\Console\\Input\\ArgvInput), Object(Symfony\\Component\\Console\\Output\\ConsoleOutput))
#44 /Applications/MAMP/htdocs/proyectos/healthConnectMe/consultorios/backend-api-consultorio/artisan(35): Illuminate\\Foundation\\Console\\Kernel->handle(Object(Symfony\\Component\\Console\\Input\\ArgvInput), Object(Symfony\\Component\\Console\\Output\\ConsoleOutput))
#45 {main}
"} 
[2025-02-28 18:42:01] local.ERROR: SQLSTATE[23000]: Integrity constraint violation: 1217 Cannot delete or update a parent row: a foreign key constraint fails (SQL: drop table if exists `presupuestos`) {"exception":"[object] (Illuminate\\Database\\QueryException(code: 23000): SQLSTATE[23000]: Integrity constraint violation: 1217 Cannot delete or update a parent row: a foreign key constraint fails (SQL: drop table if exists `presupuestos`) at /Applications/MAMP/htdocs/proyectos/healthConnectMe/consultorios/backend-api-consultorio/vendor/laravel/framework/src/Illuminate/Database/Connection.php:712)
[stacktrace]
#0 /Applications/MAMP/htdocs/proyectos/healthConnectMe/consultorios/backend-api-consultorio/vendor/laravel/framework/src/Illuminate/Database/Connection.php(672): Illuminate\\Database\\Connection->runQueryCallback('drop table if e...', Array, Object(Closure))
#1 /Applications/MAMP/htdocs/proyectos/healthConnectMe/consultorios/backend-api-consultorio/vendor/laravel/framework/src/Illuminate/Database/Connection.php(490): Illuminate\\Database\\Connection->run('drop table if e...', Array, Object(Closure))
#2 /Applications/MAMP/htdocs/proyectos/healthConnectMe/consultorios/backend-api-consultorio/vendor/laravel/framework/src/Illuminate/Database/Schema/Blueprint.php(109): Illuminate\\Database\\Connection->statement('drop table if e...')
#3 /Applications/MAMP/htdocs/proyectos/healthConnectMe/consultorios/backend-api-consultorio/vendor/laravel/framework/src/Illuminate/Database/Schema/Builder.php(364): Illuminate\\Database\\Schema\\Blueprint->build(Object(Illuminate\\Database\\MySqlConnection), Object(Illuminate\\Database\\Schema\\Grammars\\MySqlGrammar))
#4 /Applications/MAMP/htdocs/proyectos/healthConnectMe/consultorios/backend-api-consultorio/vendor/laravel/framework/src/Illuminate/Database/Schema/Builder.php(251): Illuminate\\Database\\Schema\\Builder->build(Object(Illuminate\\Database\\Schema\\Blueprint))
#5 /Applications/MAMP/htdocs/proyectos/healthConnectMe/consultorios/backend-api-consultorio/vendor/laravel/framework/src/Illuminate/Support/Facades/Facade.php(261): Illuminate\\Database\\Schema\\Builder->dropIfExists('presupuestos')
#6 /Applications/MAMP/htdocs/proyectos/healthConnectMe/consultorios/backend-api-consultorio/database/migrations/2025_02_20_022655_create_presupuestos_table.php(52): Illuminate\\Support\\Facades\\Facade::__callStatic('dropIfExists', Array)
#7 /Applications/MAMP/htdocs/proyectos/healthConnectMe/consultorios/backend-api-consultorio/vendor/laravel/framework/src/Illuminate/Database/Migrations/Migrator.php(472): CreatePresupuestosTable->down()
#8 /Applications/MAMP/htdocs/proyectos/healthConnectMe/consultorios/backend-api-consultorio/vendor/laravel/framework/src/Illuminate/Database/Migrations/Migrator.php(394): Illuminate\\Database\\Migrations\\Migrator->runMethod(Object(Illuminate\\Database\\MySqlConnection), Object(CreatePresupuestosTable), 'down')
#9 /Applications/MAMP/htdocs/proyectos/healthConnectMe/consultorios/backend-api-consultorio/vendor/laravel/framework/src/Illuminate/Database/Migrations/Migrator.php(403): Illuminate\\Database\\Migrations\\Migrator->{closure:Illuminate\\Database\\Migrations\\Migrator::runMigration():390}()
#10 /Applications/MAMP/htdocs/proyectos/healthConnectMe/consultorios/backend-api-consultorio/vendor/laravel/framework/src/Illuminate/Database/Migrations/Migrator.php(365): Illuminate\\Database\\Migrations\\Migrator->runMigration(Object(CreatePresupuestosTable), 'down')
#11 /Applications/MAMP/htdocs/proyectos/healthConnectMe/consultorios/backend-api-consultorio/vendor/laravel/framework/src/Illuminate/Database/Migrations/Migrator.php(284): Illuminate\\Database\\Migrations\\Migrator->runDown('/Applications/M...', Object(stdClass), false)
#12 /Applications/MAMP/htdocs/proyectos/healthConnectMe/consultorios/backend-api-consultorio/vendor/laravel/framework/src/Illuminate/Database/Migrations/Migrator.php(335): Illuminate\\Database\\Migrations\\Migrator->rollbackMigrations(Array, Array, Array)
#13 /Applications/MAMP/htdocs/proyectos/healthConnectMe/consultorios/backend-api-consultorio/vendor/laravel/framework/src/Illuminate/Database/Migrations/Migrator.php(315): Illuminate\\Database\\Migrations\\Migrator->resetMigrations(Array, Array, false)
#14 /Applications/MAMP/htdocs/proyectos/healthConnectMe/consultorios/backend-api-consultorio/vendor/laravel/framework/src/Illuminate/Database/Console/Migrations/ResetCommand.php(66): Illuminate\\Database\\Migrations\\Migrator->reset(Array, false)
#15 /Applications/MAMP/htdocs/proyectos/healthConnectMe/consultorios/backend-api-consultorio/vendor/laravel/framework/src/Illuminate/Database/Migrations/Migrator.php(606): Illuminate\\Database\\Console\\Migrations\\ResetCommand->{closure:Illuminate\\Database\\Console\\Migrations\\ResetCommand::handle():58}()
#16 /Applications/MAMP/htdocs/proyectos/healthConnectMe/consultorios/backend-api-consultorio/vendor/laravel/framework/src/Illuminate/Database/Console/Migrations/ResetCommand.php(58): Illuminate\\Database\\Migrations\\Migrator->usingConnection(NULL, Object(Closure))
#17 /Applications/MAMP/htdocs/proyectos/healthConnectMe/consultorios/backend-api-consultorio/vendor/laravel/framework/src/Illuminate/Container/BoundMethod.php(36): Illuminate\\Database\\Console\\Migrations\\ResetCommand->handle()
#18 /Applications/MAMP/htdocs/proyectos/healthConnectMe/consultorios/backend-api-consultorio/vendor/laravel/framework/src/Illuminate/Container/Util.php(40): Illuminate\\Container\\BoundMethod::{closure:Illuminate\\Container\\BoundMethod::call():35}()
#19 /Applications/MAMP/htdocs/proyectos/healthConnectMe/consultorios/backend-api-consultorio/vendor/laravel/framework/src/Illuminate/Container/BoundMethod.php(93): Illuminate\\Container\\Util::unwrapIfClosure(Object(Closure))
#20 /Applications/MAMP/htdocs/proyectos/healthConnectMe/consultorios/backend-api-consultorio/vendor/laravel/framework/src/Illuminate/Container/BoundMethod.php(35): Illuminate\\Container\\BoundMethod::callBoundMethod(Object(Illuminate\\Foundation\\Application), Array, Object(Closure))
#21 /Applications/MAMP/htdocs/proyectos/healthConnectMe/consultorios/backend-api-consultorio/vendor/laravel/framework/src/Illuminate/Container/Container.php(653): Illuminate\\Container\\BoundMethod::call(Object(Illuminate\\Foundation\\Application), Array, Array, NULL)
#22 /Applications/MAMP/htdocs/proyectos/healthConnectMe/consultorios/backend-api-consultorio/vendor/laravel/framework/src/Illuminate/Console/Command.php(136): Illuminate\\Container\\Container->call(Array)
#23 /Applications/MAMP/htdocs/proyectos/healthConnectMe/consultorios/backend-api-consultorio/vendor/symfony/console/Command/Command.php(298): Illuminate\\Console\\Command->execute(Object(Symfony\\Component\\Console\\Input\\ArgvInput), Object(Illuminate\\Console\\OutputStyle))
#24 /Applications/MAMP/htdocs/proyectos/healthConnectMe/consultorios/backend-api-consultorio/vendor/laravel/framework/src/Illuminate/Console/Command.php(120): Symfony\\Component\\Console\\Command\\Command->run(Object(Symfony\\Component\\Console\\Input\\ArgvInput), Object(Illuminate\\Console\\OutputStyle))
#25 /Applications/MAMP/htdocs/proyectos/healthConnectMe/consultorios/backend-api-consultorio/vendor/symfony/console/Application.php(1040): Illuminate\\Console\\Command->run(Object(Symfony\\Component\\Console\\Input\\ArgvInput), Object(Symfony\\Component\\Console\\Output\\ConsoleOutput))
#26 /Applications/MAMP/htdocs/proyectos/healthConnectMe/consultorios/backend-api-consultorio/vendor/symfony/console/Application.php(301): Symfony\\Component\\Console\\Application->doRunCommand(Object(Illuminate\\Database\\Console\\Migrations\\ResetCommand), Object(Symfony\\Component\\Console\\Input\\ArgvInput), Object(Symfony\\Component\\Console\\Output\\ConsoleOutput))
#27 /Applications/MAMP/htdocs/proyectos/healthConnectMe/consultorios/backend-api-consultorio/vendor/symfony/console/Application.php(171): Symfony\\Component\\Console\\Application->doRun(Object(Symfony\\Component\\Console\\Input\\ArgvInput), Object(Symfony\\Component\\Console\\Output\\ConsoleOutput))
#28 /Applications/MAMP/htdocs/proyectos/healthConnectMe/consultorios/backend-api-consultorio/vendor/laravel/framework/src/Illuminate/Console/Application.php(94): Symfony\\Component\\Console\\Application->run(Object(Symfony\\Component\\Console\\Input\\ArgvInput), Object(Symfony\\Component\\Console\\Output\\ConsoleOutput))
#29 /Applications/MAMP/htdocs/proyectos/healthConnectMe/consultorios/backend-api-consultorio/vendor/laravel/framework/src/Illuminate/Foundation/Console/Kernel.php(129): Illuminate\\Console\\Application->run(Object(Symfony\\Component\\Console\\Input\\ArgvInput), Object(Symfony\\Component\\Console\\Output\\ConsoleOutput))
#30 /Applications/MAMP/htdocs/proyectos/healthConnectMe/consultorios/backend-api-consultorio/artisan(35): Illuminate\\Foundation\\Console\\Kernel->handle(Object(Symfony\\Component\\Console\\Input\\ArgvInput), Object(Symfony\\Component\\Console\\Output\\ConsoleOutput))
#31 {main}

[previous exception] [object] (PDOException(code: 23000): SQLSTATE[23000]: Integrity constraint violation: 1217 Cannot delete or update a parent row: a foreign key constraint fails at /Applications/MAMP/htdocs/proyectos/healthConnectMe/consultorios/backend-api-consultorio/vendor/laravel/framework/src/Illuminate/Database/Connection.php:501)
[stacktrace]
#0 /Applications/MAMP/htdocs/proyectos/healthConnectMe/consultorios/backend-api-consultorio/vendor/laravel/framework/src/Illuminate/Database/Connection.php(501): PDOStatement->execute()
#1 /Applications/MAMP/htdocs/proyectos/healthConnectMe/consultorios/backend-api-consultorio/vendor/laravel/framework/src/Illuminate/Database/Connection.php(705): Illuminate\\Database\\Connection->{closure:Illuminate\\Database\\Connection::statement():490}('drop table if e...', Array)
#2 /Applications/MAMP/htdocs/proyectos/healthConnectMe/consultorios/backend-api-consultorio/vendor/laravel/framework/src/Illuminate/Database/Connection.php(672): Illuminate\\Database\\Connection->runQueryCallback('drop table if e...', Array, Object(Closure))
#3 /Applications/MAMP/htdocs/proyectos/healthConnectMe/consultorios/backend-api-consultorio/vendor/laravel/framework/src/Illuminate/Database/Connection.php(490): Illuminate\\Database\\Connection->run('drop table if e...', Array, Object(Closure))
#4 /Applications/MAMP/htdocs/proyectos/healthConnectMe/consultorios/backend-api-consultorio/vendor/laravel/framework/src/Illuminate/Database/Schema/Blueprint.php(109): Illuminate\\Database\\Connection->statement('drop table if e...')
#5 /Applications/MAMP/htdocs/proyectos/healthConnectMe/consultorios/backend-api-consultorio/vendor/laravel/framework/src/Illuminate/Database/Schema/Builder.php(364): Illuminate\\Database\\Schema\\Blueprint->build(Object(Illuminate\\Database\\MySqlConnection), Object(Illuminate\\Database\\Schema\\Grammars\\MySqlGrammar))
#6 /Applications/MAMP/htdocs/proyectos/healthConnectMe/consultorios/backend-api-consultorio/vendor/laravel/framework/src/Illuminate/Database/Schema/Builder.php(251): Illuminate\\Database\\Schema\\Builder->build(Object(Illuminate\\Database\\Schema\\Blueprint))
#7 /Applications/MAMP/htdocs/proyectos/healthConnectMe/consultorios/backend-api-consultorio/vendor/laravel/framework/src/Illuminate/Support/Facades/Facade.php(261): Illuminate\\Database\\Schema\\Builder->dropIfExists('presupuestos')
#8 /Applications/MAMP/htdocs/proyectos/healthConnectMe/consultorios/backend-api-consultorio/database/migrations/2025_02_20_022655_create_presupuestos_table.php(52): Illuminate\\Support\\Facades\\Facade::__callStatic('dropIfExists', Array)
#9 /Applications/MAMP/htdocs/proyectos/healthConnectMe/consultorios/backend-api-consultorio/vendor/laravel/framework/src/Illuminate/Database/Migrations/Migrator.php(472): CreatePresupuestosTable->down()
#10 /Applications/MAMP/htdocs/proyectos/healthConnectMe/consultorios/backend-api-consultorio/vendor/laravel/framework/src/Illuminate/Database/Migrations/Migrator.php(394): Illuminate\\Database\\Migrations\\Migrator->runMethod(Object(Illuminate\\Database\\MySqlConnection), Object(CreatePresupuestosTable), 'down')
#11 /Applications/MAMP/htdocs/proyectos/healthConnectMe/consultorios/backend-api-consultorio/vendor/laravel/framework/src/Illuminate/Database/Migrations/Migrator.php(403): Illuminate\\Database\\Migrations\\Migrator->{closure:Illuminate\\Database\\Migrations\\Migrator::runMigration():390}()
#12 /Applications/MAMP/htdocs/proyectos/healthConnectMe/consultorios/backend-api-consultorio/vendor/laravel/framework/src/Illuminate/Database/Migrations/Migrator.php(365): Illuminate\\Database\\Migrations\\Migrator->runMigration(Object(CreatePresupuestosTable), 'down')
#13 /Applications/MAMP/htdocs/proyectos/healthConnectMe/consultorios/backend-api-consultorio/vendor/laravel/framework/src/Illuminate/Database/Migrations/Migrator.php(284): Illuminate\\Database\\Migrations\\Migrator->runDown('/Applications/M...', Object(stdClass), false)
#14 /Applications/MAMP/htdocs/proyectos/healthConnectMe/consultorios/backend-api-consultorio/vendor/laravel/framework/src/Illuminate/Database/Migrations/Migrator.php(335): Illuminate\\Database\\Migrations\\Migrator->rollbackMigrations(Array, Array, Array)
#15 /Applications/MAMP/htdocs/proyectos/healthConnectMe/consultorios/backend-api-consultorio/vendor/laravel/framework/src/Illuminate/Database/Migrations/Migrator.php(315): Illuminate\\Database\\Migrations\\Migrator->resetMigrations(Array, Array, false)
#16 /Applications/MAMP/htdocs/proyectos/healthConnectMe/consultorios/backend-api-consultorio/vendor/laravel/framework/src/Illuminate/Database/Console/Migrations/ResetCommand.php(66): Illuminate\\Database\\Migrations\\Migrator->reset(Array, false)
#17 /Applications/MAMP/htdocs/proyectos/healthConnectMe/consultorios/backend-api-consultorio/vendor/laravel/framework/src/Illuminate/Database/Migrations/Migrator.php(606): Illuminate\\Database\\Console\\Migrations\\ResetCommand->{closure:Illuminate\\Database\\Console\\Migrations\\ResetCommand::handle():58}()
#18 /Applications/MAMP/htdocs/proyectos/healthConnectMe/consultorios/backend-api-consultorio/vendor/laravel/framework/src/Illuminate/Database/Console/Migrations/ResetCommand.php(58): Illuminate\\Database\\Migrations\\Migrator->usingConnection(NULL, Object(Closure))
#19 /Applications/MAMP/htdocs/proyectos/healthConnectMe/consultorios/backend-api-consultorio/vendor/laravel/framework/src/Illuminate/Container/BoundMethod.php(36): Illuminate\\Database\\Console\\Migrations\\ResetCommand->handle()
#20 /Applications/MAMP/htdocs/proyectos/healthConnectMe/consultorios/backend-api-consultorio/vendor/laravel/framework/src/Illuminate/Container/Util.php(40): Illuminate\\Container\\BoundMethod::{closure:Illuminate\\Container\\BoundMethod::call():35}()
#21 /Applications/MAMP/htdocs/proyectos/healthConnectMe/consultorios/backend-api-consultorio/vendor/laravel/framework/src/Illuminate/Container/BoundMethod.php(93): Illuminate\\Container\\Util::unwrapIfClosure(Object(Closure))
#22 /Applications/MAMP/htdocs/proyectos/healthConnectMe/consultorios/backend-api-consultorio/vendor/laravel/framework/src/Illuminate/Container/BoundMethod.php(35): Illuminate\\Container\\BoundMethod::callBoundMethod(Object(Illuminate\\Foundation\\Application), Array, Object(Closure))
#23 /Applications/MAMP/htdocs/proyectos/healthConnectMe/consultorios/backend-api-consultorio/vendor/laravel/framework/src/Illuminate/Container/Container.php(653): Illuminate\\Container\\BoundMethod::call(Object(Illuminate\\Foundation\\Application), Array, Array, NULL)
#24 /Applications/MAMP/htdocs/proyectos/healthConnectMe/consultorios/backend-api-consultorio/vendor/laravel/framework/src/Illuminate/Console/Command.php(136): Illuminate\\Container\\Container->call(Array)
#25 /Applications/MAMP/htdocs/proyectos/healthConnectMe/consultorios/backend-api-consultorio/vendor/symfony/console/Command/Command.php(298): Illuminate\\Console\\Command->execute(Object(Symfony\\Component\\Console\\Input\\ArgvInput), Object(Illuminate\\Console\\OutputStyle))
#26 /Applications/MAMP/htdocs/proyectos/healthConnectMe/consultorios/backend-api-consultorio/vendor/laravel/framework/src/Illuminate/Console/Command.php(120): Symfony\\Component\\Console\\Command\\Command->run(Object(Symfony\\Component\\Console\\Input\\ArgvInput), Object(Illuminate\\Console\\OutputStyle))
#27 /Applications/MAMP/htdocs/proyectos/healthConnectMe/consultorios/backend-api-consultorio/vendor/symfony/console/Application.php(1040): Illuminate\\Console\\Command->run(Object(Symfony\\Component\\Console\\Input\\ArgvInput), Object(Symfony\\Component\\Console\\Output\\ConsoleOutput))
#28 /Applications/MAMP/htdocs/proyectos/healthConnectMe/consultorios/backend-api-consultorio/vendor/symfony/console/Application.php(301): Symfony\\Component\\Console\\Application->doRunCommand(Object(Illuminate\\Database\\Console\\Migrations\\ResetCommand), Object(Symfony\\Component\\Console\\Input\\ArgvInput), Object(Symfony\\Component\\Console\\Output\\ConsoleOutput))
#29 /Applications/MAMP/htdocs/proyectos/healthConnectMe/consultorios/backend-api-consultorio/vendor/symfony/console/Application.php(171): Symfony\\Component\\Console\\Application->doRun(Object(Symfony\\Component\\Console\\Input\\ArgvInput), Object(Symfony\\Component\\Console\\Output\\ConsoleOutput))
#30 /Applications/MAMP/htdocs/proyectos/healthConnectMe/consultorios/backend-api-consultorio/vendor/laravel/framework/src/Illuminate/Console/Application.php(94): Symfony\\Component\\Console\\Application->run(Object(Symfony\\Component\\Console\\Input\\ArgvInput), Object(Symfony\\Component\\Console\\Output\\ConsoleOutput))
#31 /Applications/MAMP/htdocs/proyectos/healthConnectMe/consultorios/backend-api-consultorio/vendor/laravel/framework/src/Illuminate/Foundation/Console/Kernel.php(129): Illuminate\\Console\\Application->run(Object(Symfony\\Component\\Console\\Input\\ArgvInput), Object(Symfony\\Component\\Console\\Output\\ConsoleOutput))
#32 /Applications/MAMP/htdocs/proyectos/healthConnectMe/consultorios/backend-api-consultorio/artisan(35): Illuminate\\Foundation\\Console\\Kernel->handle(Object(Symfony\\Component\\Console\\Input\\ArgvInput), Object(Symfony\\Component\\Console\\Output\\ConsoleOutput))
#33 {main}
"} 
[2025-02-28 14:45:59] local.ERROR: Connection could not be established with host mail.health-connect.me :stream_socket_client(): Unable to connect to ssl://mail.health-connect.me:465 (Operation timed out) {"exception":"[object] (Swift_TransportException(code: 0): Connection could not be established with host mail.health-connect.me :stream_socket_client(): Unable to connect to ssl://mail.health-connect.me:465 (Operation timed out) at /Applications/MAMP/htdocs/proyectos/healthConnectMe/consultorios/backend-api-consultorio/vendor/swiftmailer/swiftmailer/lib/classes/Swift/Transport/StreamBuffer.php:261)
[stacktrace]
#0 [internal function]: Swift_Transport_StreamBuffer->{closure:Swift_Transport_StreamBuffer::establishSocketConnection():260}(2, 'stream_socket_c...', '/Applications/M...', 264)
#1 /Applications/MAMP/htdocs/proyectos/healthConnectMe/consultorios/backend-api-consultorio/vendor/swiftmailer/swiftmailer/lib/classes/Swift/Transport/StreamBuffer.php(264): stream_socket_client('ssl://mail.heal...', 0, '', 30, 4, Resource id #119)
#2 /Applications/MAMP/htdocs/proyectos/healthConnectMe/consultorios/backend-api-consultorio/vendor/swiftmailer/swiftmailer/lib/classes/Swift/Transport/StreamBuffer.php(58): Swift_Transport_StreamBuffer->establishSocketConnection()
#3 /Applications/MAMP/htdocs/proyectos/healthConnectMe/consultorios/backend-api-consultorio/vendor/swiftmailer/swiftmailer/lib/classes/Swift/Transport/AbstractSmtpTransport.php(143): Swift_Transport_StreamBuffer->initialize(Array)
#4 /Applications/MAMP/htdocs/proyectos/healthConnectMe/consultorios/backend-api-consultorio/vendor/swiftmailer/swiftmailer/lib/classes/Swift/Mailer.php(65): Swift_Transport_AbstractSmtpTransport->start()
#5 /Applications/MAMP/htdocs/proyectos/healthConnectMe/consultorios/backend-api-consultorio/vendor/laravel/framework/src/Illuminate/Mail/Mailer.php(521): Swift_Mailer->send(Object(Swift_Message), Array)
#6 /Applications/MAMP/htdocs/proyectos/healthConnectMe/consultorios/backend-api-consultorio/vendor/laravel/framework/src/Illuminate/Mail/Mailer.php(288): Illuminate\\Mail\\Mailer->sendSwiftMessage(Object(Swift_Message))
#7 /Applications/MAMP/htdocs/proyectos/healthConnectMe/consultorios/backend-api-consultorio/vendor/laravel/framework/src/Illuminate/Mail/Mailable.php(181): Illuminate\\Mail\\Mailer->send('emails.new_user...', Array, Object(Closure))
#8 /Applications/MAMP/htdocs/proyectos/healthConnectMe/consultorios/backend-api-consultorio/vendor/laravel/framework/src/Illuminate/Support/Traits/Localizable.php(19): Illuminate\\Mail\\Mailable->{closure:Illuminate\\Mail\\Mailable::send():174}()
#9 /Applications/MAMP/htdocs/proyectos/healthConnectMe/consultorios/backend-api-consultorio/vendor/laravel/framework/src/Illuminate/Mail/Mailable.php(174): Illuminate\\Mail\\Mailable->withLocale(NULL, Object(Closure))
#10 /Applications/MAMP/htdocs/proyectos/healthConnectMe/consultorios/backend-api-consultorio/vendor/laravel/framework/src/Illuminate/Mail/Mailer.php(304): Illuminate\\Mail\\Mailable->send(Object(Illuminate\\Mail\\Mailer))
#11 /Applications/MAMP/htdocs/proyectos/healthConnectMe/consultorios/backend-api-consultorio/vendor/laravel/framework/src/Illuminate/Mail/Mailer.php(258): Illuminate\\Mail\\Mailer->sendMailable(Object(App\\Mail\\NewUserRegisterMail))
#12 /Applications/MAMP/htdocs/proyectos/healthConnectMe/consultorios/backend-api-consultorio/vendor/laravel/framework/src/Illuminate/Mail/PendingMail.php(124): Illuminate\\Mail\\Mailer->send(Object(App\\Mail\\NewUserRegisterMail))
#13 /Applications/MAMP/htdocs/proyectos/healthConnectMe/consultorios/backend-api-consultorio/app/Http/Controllers/Auth/AuthController.php(108): Illuminate\\Mail\\PendingMail->send(Object(App\\Mail\\NewUserRegisterMail))
#14 /Applications/MAMP/htdocs/proyectos/healthConnectMe/consultorios/backend-api-consultorio/vendor/laravel/framework/src/Illuminate/Routing/Controller.php(54): App\\Http\\Controllers\\Auth\\AuthController->register(Object(Illuminate\\Http\\Request))
#15 /Applications/MAMP/htdocs/proyectos/healthConnectMe/consultorios/backend-api-consultorio/vendor/laravel/framework/src/Illuminate/Routing/ControllerDispatcher.php(45): Illuminate\\Routing\\Controller->callAction('register', Array)
#16 /Applications/MAMP/htdocs/proyectos/healthConnectMe/consultorios/backend-api-consultorio/vendor/laravel/framework/src/Illuminate/Routing/Route.php(261): Illuminate\\Routing\\ControllerDispatcher->dispatch(Object(Illuminate\\Routing\\Route), Object(App\\Http\\Controllers\\Auth\\AuthController), 'register')
#17 /Applications/MAMP/htdocs/proyectos/healthConnectMe/consultorios/backend-api-consultorio/vendor/laravel/framework/src/Illuminate/Routing/Route.php(205): Illuminate\\Routing\\Route->runController()
#18 /Applications/MAMP/htdocs/proyectos/healthConnectMe/consultorios/backend-api-consultorio/vendor/laravel/framework/src/Illuminate/Routing/Router.php(721): Illuminate\\Routing\\Route->run()
#19 /Applications/MAMP/htdocs/proyectos/healthConnectMe/consultorios/backend-api-consultorio/vendor/laravel/framework/src/Illuminate/Pipeline/Pipeline.php(128): Illuminate\\Routing\\Router->{closure:Illuminate\\Routing\\Router::runRouteWithinStack():719}(Object(Illuminate\\Http\\Request))
#20 /Applications/MAMP/htdocs/proyectos/healthConnectMe/consultorios/backend-api-consultorio/vendor/laravel/framework/src/Illuminate/Routing/Middleware/SubstituteBindings.php(50): Illuminate\\Pipeline\\Pipeline->{closure:Illuminate\\Pipeline\\Pipeline::prepareDestination():126}(Object(Illuminate\\Http\\Request))
#21 /Applications/MAMP/htdocs/proyectos/healthConnectMe/consultorios/backend-api-consultorio/vendor/laravel/framework/src/Illuminate/Pipeline/Pipeline.php(167): Illuminate\\Routing\\Middleware\\SubstituteBindings->handle(Object(Illuminate\\Http\\Request), Object(Closure))
#22 /Applications/MAMP/htdocs/proyectos/healthConnectMe/consultorios/backend-api-consultorio/vendor/laravel/framework/src/Illuminate/Routing/Middleware/ThrottleRequests.php(127): Illuminate\\Pipeline\\Pipeline->{closure:{closure:Illuminate\\Pipeline\\Pipeline::carry():142}:143}(Object(Illuminate\\Http\\Request))
#23 /Applications/MAMP/htdocs/proyectos/healthConnectMe/consultorios/backend-api-consultorio/vendor/laravel/framework/src/Illuminate/Routing/Middleware/ThrottleRequests.php(93): Illuminate\\Routing\\Middleware\\ThrottleRequests->handleRequest(Object(Illuminate\\Http\\Request), Object(Closure), Array)
#24 /Applications/MAMP/htdocs/proyectos/healthConnectMe/consultorios/backend-api-consultorio/vendor/laravel/framework/src/Illuminate/Routing/Middleware/ThrottleRequests.php(55): Illuminate\\Routing\\Middleware\\ThrottleRequests->handleRequestUsingNamedLimiter(Object(Illuminate\\Http\\Request), Object(Closure), 'api', Object(Closure))
#25 /Applications/MAMP/htdocs/proyectos/healthConnectMe/consultorios/backend-api-consultorio/vendor/laravel/framework/src/Illuminate/Pipeline/Pipeline.php(167): Illuminate\\Routing\\Middleware\\ThrottleRequests->handle(Object(Illuminate\\Http\\Request), Object(Closure), 'api')
#26 /Applications/MAMP/htdocs/proyectos/healthConnectMe/consultorios/backend-api-consultorio/vendor/laravel/framework/src/Illuminate/Pipeline/Pipeline.php(103): Illuminate\\Pipeline\\Pipeline->{closure:{closure:Illuminate\\Pipeline\\Pipeline::carry():142}:143}(Object(Illuminate\\Http\\Request))
#27 /Applications/MAMP/htdocs/proyectos/healthConnectMe/consultorios/backend-api-consultorio/vendor/laravel/framework/src/Illuminate/Routing/Router.php(719): Illuminate\\Pipeline\\Pipeline->then(Object(Closure))
#28 /Applications/MAMP/htdocs/proyectos/healthConnectMe/consultorios/backend-api-consultorio/vendor/laravel/framework/src/Illuminate/Routing/Router.php(698): Illuminate\\Routing\\Router->runRouteWithinStack(Object(Illuminate\\Routing\\Route), Object(Illuminate\\Http\\Request))
#29 /Applications/MAMP/htdocs/proyectos/healthConnectMe/consultorios/backend-api-consultorio/vendor/laravel/framework/src/Illuminate/Routing/Router.php(662): Illuminate\\Routing\\Router->runRoute(Object(Illuminate\\Http\\Request), Object(Illuminate\\Routing\\Route))
#30 /Applications/MAMP/htdocs/proyectos/healthConnectMe/consultorios/backend-api-consultorio/vendor/laravel/framework/src/Illuminate/Routing/Router.php(651): Illuminate\\Routing\\Router->dispatchToRoute(Object(Illuminate\\Http\\Request))
#31 /Applications/MAMP/htdocs/proyectos/healthConnectMe/consultorios/backend-api-consultorio/vendor/laravel/framework/src/Illuminate/Foundation/Http/Kernel.php(167): Illuminate\\Routing\\Router->dispatch(Object(Illuminate\\Http\\Request))
#32 /Applications/MAMP/htdocs/proyectos/healthConnectMe/consultorios/backend-api-consultorio/vendor/laravel/framework/src/Illuminate/Pipeline/Pipeline.php(128): Illuminate\\Foundation\\Http\\Kernel->{closure:Illuminate\\Foundation\\Http\\Kernel::dispatchToRouter():164}(Object(Illuminate\\Http\\Request))
#33 /Applications/MAMP/htdocs/proyectos/healthConnectMe/consultorios/backend-api-consultorio/vendor/laravel/framework/src/Illuminate/Foundation/Http/Middleware/TransformsRequest.php(21): Illuminate\\Pipeline\\Pipeline->{closure:Illuminate\\Pipeline\\Pipeline::prepareDestination():126}(Object(Illuminate\\Http\\Request))
#34 /Applications/MAMP/htdocs/proyectos/healthConnectMe/consultorios/backend-api-consultorio/vendor/laravel/framework/src/Illuminate/Foundation/Http/Middleware/ConvertEmptyStringsToNull.php(31): Illuminate\\Foundation\\Http\\Middleware\\TransformsRequest->handle(Object(Illuminate\\Http\\Request), Object(Closure))
#35 /Applications/MAMP/htdocs/proyectos/healthConnectMe/consultorios/backend-api-consultorio/vendor/laravel/framework/src/Illuminate/Pipeline/Pipeline.php(167): Illuminate\\Foundation\\Http\\Middleware\\ConvertEmptyStringsToNull->handle(Object(Illuminate\\Http\\Request), Object(Closure))
#36 /Applications/MAMP/htdocs/proyectos/healthConnectMe/consultorios/backend-api-consultorio/vendor/laravel/framework/src/Illuminate/Foundation/Http/Middleware/TransformsRequest.php(21): Illuminate\\Pipeline\\Pipeline->{closure:{closure:Illuminate\\Pipeline\\Pipeline::carry():142}:143}(Object(Illuminate\\Http\\Request))
#37 /Applications/MAMP/htdocs/proyectos/healthConnectMe/consultorios/backend-api-consultorio/vendor/laravel/framework/src/Illuminate/Foundation/Http/Middleware/TrimStrings.php(40): Illuminate\\Foundation\\Http\\Middleware\\TransformsRequest->handle(Object(Illuminate\\Http\\Request), Object(Closure))
#38 /Applications/MAMP/htdocs/proyectos/healthConnectMe/consultorios/backend-api-consultorio/vendor/laravel/framework/src/Illuminate/Pipeline/Pipeline.php(167): Illuminate\\Foundation\\Http\\Middleware\\TrimStrings->handle(Object(Illuminate\\Http\\Request), Object(Closure))
#39 /Applications/MAMP/htdocs/proyectos/healthConnectMe/consultorios/backend-api-consultorio/vendor/laravel/framework/src/Illuminate/Foundation/Http/Middleware/ValidatePostSize.php(27): Illuminate\\Pipeline\\Pipeline->{closure:{closure:Illuminate\\Pipeline\\Pipeline::carry():142}:143}(Object(Illuminate\\Http\\Request))
#40 /Applications/MAMP/htdocs/proyectos/healthConnectMe/consultorios/backend-api-consultorio/vendor/laravel/framework/src/Illuminate/Pipeline/Pipeline.php(167): Illuminate\\Foundation\\Http\\Middleware\\ValidatePostSize->handle(Object(Illuminate\\Http\\Request), Object(Closure))
#41 /Applications/MAMP/htdocs/proyectos/healthConnectMe/consultorios/backend-api-consultorio/vendor/laravel/framework/src/Illuminate/Foundation/Http/Middleware/PreventRequestsDuringMaintenance.php(86): Illuminate\\Pipeline\\Pipeline->{closure:{closure:Illuminate\\Pipeline\\Pipeline::carry():142}:143}(Object(Illuminate\\Http\\Request))
#42 /Applications/MAMP/htdocs/proyectos/healthConnectMe/consultorios/backend-api-consultorio/vendor/laravel/framework/src/Illuminate/Pipeline/Pipeline.php(167): Illuminate\\Foundation\\Http\\Middleware\\PreventRequestsDuringMaintenance->handle(Object(Illuminate\\Http\\Request), Object(Closure))
#43 /Applications/MAMP/htdocs/proyectos/healthConnectMe/consultorios/backend-api-consultorio/vendor/fruitcake/laravel-cors/src/HandleCors.php(52): Illuminate\\Pipeline\\Pipeline->{closure:{closure:Illuminate\\Pipeline\\Pipeline::carry():142}:143}(Object(Illuminate\\Http\\Request))
#44 /Applications/MAMP/htdocs/proyectos/healthConnectMe/consultorios/backend-api-consultorio/vendor/laravel/framework/src/Illuminate/Pipeline/Pipeline.php(167): Fruitcake\\Cors\\HandleCors->handle(Object(Illuminate\\Http\\Request), Object(Closure))
#45 /Applications/MAMP/htdocs/proyectos/healthConnectMe/consultorios/backend-api-consultorio/vendor/laravel/framework/src/Illuminate/Http/Middleware/TrustProxies.php(39): Illuminate\\Pipeline\\Pipeline->{closure:{closure:Illuminate\\Pipeline\\Pipeline::carry():142}:143}(Object(Illuminate\\Http\\Request))
#46 /Applications/MAMP/htdocs/proyectos/healthConnectMe/consultorios/backend-api-consultorio/vendor/laravel/framework/src/Illuminate/Pipeline/Pipeline.php(167): Illuminate\\Http\\Middleware\\TrustProxies->handle(Object(Illuminate\\Http\\Request), Object(Closure))
#47 /Applications/MAMP/htdocs/proyectos/healthConnectMe/consultorios/backend-api-consultorio/vendor/laravel/framework/src/Illuminate/Pipeline/Pipeline.php(103): Illuminate\\Pipeline\\Pipeline->{closure:{closure:Illuminate\\Pipeline\\Pipeline::carry():142}:143}(Object(Illuminate\\Http\\Request))
#48 /Applications/MAMP/htdocs/proyectos/healthConnectMe/consultorios/backend-api-consultorio/vendor/laravel/framework/src/Illuminate/Foundation/Http/Kernel.php(142): Illuminate\\Pipeline\\Pipeline->then(Object(Closure))
#49 /Applications/MAMP/htdocs/proyectos/healthConnectMe/consultorios/backend-api-consultorio/vendor/laravel/framework/src/Illuminate/Foundation/Http/Kernel.php(111): Illuminate\\Foundation\\Http\\Kernel->sendRequestThroughRouter(Object(Illuminate\\Http\\Request))
#50 /Applications/MAMP/htdocs/proyectos/healthConnectMe/consultorios/backend-api-consultorio/public/index.php(51): Illuminate\\Foundation\\Http\\Kernel->handle(Object(Illuminate\\Http\\Request))
#51 /Applications/MAMP/htdocs/proyectos/healthConnectMe/consultorios/backend-api-consultorio/server.php(21): require_once('/Applications/M...')
#52 {main}
"} 
