[2025-03-01 00:09:45] local.ERROR: Call to a member function update() on null {"userId":11,"exception":"[object] (Error(code: 0): Call to a member function update() on null at /Applications/MAMP/htdocs/proyectos/healthConnectMe/consultorios/backend-api-consultorio/app/Http/Controllers/Appointment/AppointmentController.php:377)
[stacktrace]
#0 /Applications/MAMP/htdocs/proyectos/healthConnectMe/consultorios/backend-api-consultorio/vendor/laravel/framework/src/Illuminate/Routing/Controller.php(54): App\\Http\\Controllers\\Appointment\\AppointmentController->store(Object(Illuminate\\Http\\Request))
#1 /Applications/MAMP/htdocs/proyectos/healthConnectMe/consultorios/backend-api-consultorio/vendor/laravel/framework/src/Illuminate/Routing/ControllerDispatcher.php(45): Illuminate\\Routing\\Controller->callAction('store', Array)
#2 /Applications/MAMP/htdocs/proyectos/healthConnectMe/consultorios/backend-api-consultorio/vendor/laravel/framework/src/Illuminate/Routing/Route.php(261): Illuminate\\Routing\\ControllerDispatcher->dispatch(Object(Illuminate\\Routing\\Route), Object(App\\Http\\Controllers\\Appointment\\AppointmentController), 'store')
#3 /Applications/MAMP/htdocs/proyectos/healthConnectMe/consultorios/backend-api-consultorio/vendor/laravel/framework/src/Illuminate/Routing/Route.php(205): Illuminate\\Routing\\Route->runController()
#4 /Applications/MAMP/htdocs/proyectos/healthConnectMe/consultorios/backend-api-consultorio/vendor/laravel/framework/src/Illuminate/Routing/Router.php(721): Illuminate\\Routing\\Route->run()
#5 /Applications/MAMP/htdocs/proyectos/healthConnectMe/consultorios/backend-api-consultorio/vendor/laravel/framework/src/Illuminate/Pipeline/Pipeline.php(128): Illuminate\\Routing\\Router->{closure:Illuminate\\Routing\\Router::runRouteWithinStack():719}(Object(Illuminate\\Http\\Request))
#6 /Applications/MAMP/htdocs/proyectos/healthConnectMe/consultorios/backend-api-consultorio/vendor/laravel/framework/src/Illuminate/Routing/Middleware/SubstituteBindings.php(50): Illuminate\\Pipeline\\Pipeline->{closure:Illuminate\\Pipeline\\Pipeline::prepareDestination():126}(Object(Illuminate\\Http\\Request))
#7 /Applications/MAMP/htdocs/proyectos/healthConnectMe/consultorios/backend-api-consultorio/vendor/laravel/framework/src/Illuminate/Pipeline/Pipeline.php(167): Illuminate\\Routing\\Middleware\\SubstituteBindings->handle(Object(Illuminate\\Http\\Request), Object(Closure))
#8 /Applications/MAMP/htdocs/proyectos/healthConnectMe/consultorios/backend-api-consultorio/vendor/laravel/framework/src/Illuminate/Routing/Middleware/ThrottleRequests.php(127): Illuminate\\Pipeline\\Pipeline->{closure:{closure:Illuminate\\Pipeline\\Pipeline::carry():142}:143}(Object(Illuminate\\Http\\Request))
#9 /Applications/MAMP/htdocs/proyectos/healthConnectMe/consultorios/backend-api-consultorio/vendor/laravel/framework/src/Illuminate/Routing/Middleware/ThrottleRequests.php(93): Illuminate\\Routing\\Middleware\\ThrottleRequests->handleRequest(Object(Illuminate\\Http\\Request), Object(Closure), Array)
#10 /Applications/MAMP/htdocs/proyectos/healthConnectMe/consultorios/backend-api-consultorio/vendor/laravel/framework/src/Illuminate/Routing/Middleware/ThrottleRequests.php(55): Illuminate\\Routing\\Middleware\\ThrottleRequests->handleRequestUsingNamedLimiter(Object(Illuminate\\Http\\Request), Object(Closure), 'api', Object(Closure))
#11 /Applications/MAMP/htdocs/proyectos/healthConnectMe/consultorios/backend-api-consultorio/vendor/laravel/framework/src/Illuminate/Pipeline/Pipeline.php(167): Illuminate\\Routing\\Middleware\\ThrottleRequests->handle(Object(Illuminate\\Http\\Request), Object(Closure), 'api')
#12 /Applications/MAMP/htdocs/proyectos/healthConnectMe/consultorios/backend-api-consultorio/vendor/laravel/framework/src/Illuminate/Pipeline/Pipeline.php(103): Illuminate\\Pipeline\\Pipeline->{closure:{closure:Illuminate\\Pipeline\\Pipeline::carry():142}:143}(Object(Illuminate\\Http\\Request))
#13 /Applications/MAMP/htdocs/proyectos/healthConnectMe/consultorios/backend-api-consultorio/vendor/laravel/framework/src/Illuminate/Routing/Router.php(719): Illuminate\\Pipeline\\Pipeline->then(Object(Closure))
#14 /Applications/MAMP/htdocs/proyectos/healthConnectMe/consultorios/backend-api-consultorio/vendor/laravel/framework/src/Illuminate/Routing/Router.php(698): Illuminate\\Routing\\Router->runRouteWithinStack(Object(Illuminate\\Routing\\Route), Object(Illuminate\\Http\\Request))
#15 /Applications/MAMP/htdocs/proyectos/healthConnectMe/consultorios/backend-api-consultorio/vendor/laravel/framework/src/Illuminate/Routing/Router.php(662): Illuminate\\Routing\\Router->runRoute(Object(Illuminate\\Http\\Request), Object(Illuminate\\Routing\\Route))
#16 /Applications/MAMP/htdocs/proyectos/healthConnectMe/consultorios/backend-api-consultorio/vendor/laravel/framework/src/Illuminate/Routing/Router.php(651): Illuminate\\Routing\\Router->dispatchToRoute(Object(Illuminate\\Http\\Request))
#17 /Applications/MAMP/htdocs/proyectos/healthConnectMe/consultorios/backend-api-consultorio/vendor/laravel/framework/src/Illuminate/Foundation/Http/Kernel.php(167): Illuminate\\Routing\\Router->dispatch(Object(Illuminate\\Http\\Request))
#18 /Applications/MAMP/htdocs/proyectos/healthConnectMe/consultorios/backend-api-consultorio/vendor/laravel/framework/src/Illuminate/Pipeline/Pipeline.php(128): Illuminate\\Foundation\\Http\\Kernel->{closure:Illuminate\\Foundation\\Http\\Kernel::dispatchToRouter():164}(Object(Illuminate\\Http\\Request))
#19 /Applications/MAMP/htdocs/proyectos/healthConnectMe/consultorios/backend-api-consultorio/vendor/laravel/framework/src/Illuminate/Foundation/Http/Middleware/TransformsRequest.php(21): Illuminate\\Pipeline\\Pipeline->{closure:Illuminate\\Pipeline\\Pipeline::prepareDestination():126}(Object(Illuminate\\Http\\Request))
#20 /Applications/MAMP/htdocs/proyectos/healthConnectMe/consultorios/backend-api-consultorio/vendor/laravel/framework/src/Illuminate/Foundation/Http/Middleware/ConvertEmptyStringsToNull.php(31): Illuminate\\Foundation\\Http\\Middleware\\TransformsRequest->handle(Object(Illuminate\\Http\\Request), Object(Closure))
#21 /Applications/MAMP/htdocs/proyectos/healthConnectMe/consultorios/backend-api-consultorio/vendor/laravel/framework/src/Illuminate/Pipeline/Pipeline.php(167): Illuminate\\Foundation\\Http\\Middleware\\ConvertEmptyStringsToNull->handle(Object(Illuminate\\Http\\Request), Object(Closure))
#22 /Applications/MAMP/htdocs/proyectos/healthConnectMe/consultorios/backend-api-consultorio/vendor/laravel/framework/src/Illuminate/Foundation/Http/Middleware/TransformsRequest.php(21): Illuminate\\Pipeline\\Pipeline->{closure:{closure:Illuminate\\Pipeline\\Pipeline::carry():142}:143}(Object(Illuminate\\Http\\Request))
#23 /Applications/MAMP/htdocs/proyectos/healthConnectMe/consultorios/backend-api-consultorio/vendor/laravel/framework/src/Illuminate/Foundation/Http/Middleware/TrimStrings.php(40): Illuminate\\Foundation\\Http\\Middleware\\TransformsRequest->handle(Object(Illuminate\\Http\\Request), Object(Closure))
#24 /Applications/MAMP/htdocs/proyectos/healthConnectMe/consultorios/backend-api-consultorio/vendor/laravel/framework/src/Illuminate/Pipeline/Pipeline.php(167): Illuminate\\Foundation\\Http\\Middleware\\TrimStrings->handle(Object(Illuminate\\Http\\Request), Object(Closure))
#25 /Applications/MAMP/htdocs/proyectos/healthConnectMe/consultorios/backend-api-consultorio/vendor/laravel/framework/src/Illuminate/Foundation/Http/Middleware/ValidatePostSize.php(27): Illuminate\\Pipeline\\Pipeline->{closure:{closure:Illuminate\\Pipeline\\Pipeline::carry():142}:143}(Object(Illuminate\\Http\\Request))
#26 /Applications/MAMP/htdocs/proyectos/healthConnectMe/consultorios/backend-api-consultorio/vendor/laravel/framework/src/Illuminate/Pipeline/Pipeline.php(167): Illuminate\\Foundation\\Http\\Middleware\\ValidatePostSize->handle(Object(Illuminate\\Http\\Request), Object(Closure))
#27 /Applications/MAMP/htdocs/proyectos/healthConnectMe/consultorios/backend-api-consultorio/vendor/laravel/framework/src/Illuminate/Foundation/Http/Middleware/PreventRequestsDuringMaintenance.php(86): Illuminate\\Pipeline\\Pipeline->{closure:{closure:Illuminate\\Pipeline\\Pipeline::carry():142}:143}(Object(Illuminate\\Http\\Request))
#28 /Applications/MAMP/htdocs/proyectos/healthConnectMe/consultorios/backend-api-consultorio/vendor/laravel/framework/src/Illuminate/Pipeline/Pipeline.php(167): Illuminate\\Foundation\\Http\\Middleware\\PreventRequestsDuringMaintenance->handle(Object(Illuminate\\Http\\Request), Object(Closure))
#29 /Applications/MAMP/htdocs/proyectos/healthConnectMe/consultorios/backend-api-consultorio/vendor/fruitcake/laravel-cors/src/HandleCors.php(52): Illuminate\\Pipeline\\Pipeline->{closure:{closure:Illuminate\\Pipeline\\Pipeline::carry():142}:143}(Object(Illuminate\\Http\\Request))
#30 /Applications/MAMP/htdocs/proyectos/healthConnectMe/consultorios/backend-api-consultorio/vendor/laravel/framework/src/Illuminate/Pipeline/Pipeline.php(167): Fruitcake\\Cors\\HandleCors->handle(Object(Illuminate\\Http\\Request), Object(Closure))
#31 /Applications/MAMP/htdocs/proyectos/healthConnectMe/consultorios/backend-api-consultorio/vendor/laravel/framework/src/Illuminate/Http/Middleware/TrustProxies.php(39): Illuminate\\Pipeline\\Pipeline->{closure:{closure:Illuminate\\Pipeline\\Pipeline::carry():142}:143}(Object(Illuminate\\Http\\Request))
#32 /Applications/MAMP/htdocs/proyectos/healthConnectMe/consultorios/backend-api-consultorio/vendor/laravel/framework/src/Illuminate/Pipeline/Pipeline.php(167): Illuminate\\Http\\Middleware\\TrustProxies->handle(Object(Illuminate\\Http\\Request), Object(Closure))
#33 /Applications/MAMP/htdocs/proyectos/healthConnectMe/consultorios/backend-api-consultorio/vendor/laravel/framework/src/Illuminate/Pipeline/Pipeline.php(103): Illuminate\\Pipeline\\Pipeline->{closure:{closure:Illuminate\\Pipeline\\Pipeline::carry():142}:143}(Object(Illuminate\\Http\\Request))
#34 /Applications/MAMP/htdocs/proyectos/healthConnectMe/consultorios/backend-api-consultorio/vendor/laravel/framework/src/Illuminate/Foundation/Http/Kernel.php(142): Illuminate\\Pipeline\\Pipeline->then(Object(Closure))
#35 /Applications/MAMP/htdocs/proyectos/healthConnectMe/consultorios/backend-api-consultorio/vendor/laravel/framework/src/Illuminate/Foundation/Http/Kernel.php(111): Illuminate\\Foundation\\Http\\Kernel->sendRequestThroughRouter(Object(Illuminate\\Http\\Request))
#36 /Applications/MAMP/htdocs/proyectos/healthConnectMe/consultorios/backend-api-consultorio/public/index.php(51): Illuminate\\Foundation\\Http\\Kernel->handle(Object(Illuminate\\Http\\Request))
#37 /Applications/MAMP/htdocs/proyectos/healthConnectMe/consultorios/backend-api-consultorio/server.php(21): require_once('/Applications/M...')
#38 {main}
"} 
[2025-03-01 00:17:08] local.ERROR: SQLSTATE[23000]: Integrity constraint violation: 1048 Column 'name' cannot be null (SQL: insert into `patients` (`name`, `surname`, `n_doc`, `phone`, `updated_at`, `created_at`) values (?, ?, ?, ?, 2025-03-01 00:17:08, 2025-03-01 00:17:08)) {"exception":"[object] (Illuminate\\Database\\QueryException(code: 23000): SQLSTATE[23000]: Integrity constraint violation: 1048 Column 'name' cannot be null (SQL: insert into `patients` (`name`, `surname`, `n_doc`, `phone`, `updated_at`, `created_at`) values (?, ?, ?, ?, 2025-03-01 00:17:08, 2025-03-01 00:17:08)) at /Applications/MAMP/htdocs/proyectos/healthConnectMe/consultorios/backend-api-consultorio/vendor/laravel/framework/src/Illuminate/Database/Connection.php:712)
[stacktrace]
#0 /Applications/MAMP/htdocs/proyectos/healthConnectMe/consultorios/backend-api-consultorio/vendor/laravel/framework/src/Illuminate/Database/Connection.php(672): Illuminate\\Database\\Connection->runQueryCallback('insert into `pa...', Array, Object(Closure))
#1 /Applications/MAMP/htdocs/proyectos/healthConnectMe/consultorios/backend-api-consultorio/vendor/laravel/framework/src/Illuminate/Database/Connection.php(490): Illuminate\\Database\\Connection->run('insert into `pa...', Array, Object(Closure))
#2 /Applications/MAMP/htdocs/proyectos/healthConnectMe/consultorios/backend-api-consultorio/vendor/laravel/framework/src/Illuminate/Database/Connection.php(454): Illuminate\\Database\\Connection->statement('insert into `pa...', Array)
#3 /Applications/MAMP/htdocs/proyectos/healthConnectMe/consultorios/backend-api-consultorio/vendor/laravel/framework/src/Illuminate/Database/Query/Processors/Processor.php(32): Illuminate\\Database\\Connection->insert('insert into `pa...', Array)
#4 /Applications/MAMP/htdocs/proyectos/healthConnectMe/consultorios/backend-api-consultorio/vendor/laravel/framework/src/Illuminate/Database/Query/Builder.php(3028): Illuminate\\Database\\Query\\Processors\\Processor->processInsertGetId(Object(Illuminate\\Database\\Query\\Builder), 'insert into `pa...', Array, 'id')
#5 /Applications/MAMP/htdocs/proyectos/healthConnectMe/consultorios/backend-api-consultorio/vendor/laravel/framework/src/Illuminate/Database/Eloquent/Builder.php(1657): Illuminate\\Database\\Query\\Builder->insertGetId(Array, 'id')
#6 /Applications/MAMP/htdocs/proyectos/healthConnectMe/consultorios/backend-api-consultorio/vendor/laravel/framework/src/Illuminate/Database/Eloquent/Model.php(1188): Illuminate\\Database\\Eloquent\\Builder->__call('insertGetId', Array)
#7 /Applications/MAMP/htdocs/proyectos/healthConnectMe/consultorios/backend-api-consultorio/vendor/laravel/framework/src/Illuminate/Database/Eloquent/Model.php(1153): Illuminate\\Database\\Eloquent\\Model->insertAndSetId(Object(Illuminate\\Database\\Eloquent\\Builder), Array)
#8 /Applications/MAMP/htdocs/proyectos/healthConnectMe/consultorios/backend-api-consultorio/vendor/laravel/framework/src/Illuminate/Database/Eloquent/Model.php(994): Illuminate\\Database\\Eloquent\\Model->performInsert(Object(Illuminate\\Database\\Eloquent\\Builder))
#9 /Applications/MAMP/htdocs/proyectos/healthConnectMe/consultorios/backend-api-consultorio/vendor/laravel/framework/src/Illuminate/Database/Eloquent/Builder.php(896): Illuminate\\Database\\Eloquent\\Model->save()
#10 /Applications/MAMP/htdocs/proyectos/healthConnectMe/consultorios/backend-api-consultorio/vendor/laravel/framework/src/Illuminate/Support/helpers.php(263): Illuminate\\Database\\Eloquent\\Builder->{closure:Illuminate\\Database\\Eloquent\\Builder::create():895}(Object(App\\Models\\Patient\\Patient))
#11 /Applications/MAMP/htdocs/proyectos/healthConnectMe/consultorios/backend-api-consultorio/vendor/laravel/framework/src/Illuminate/Database/Eloquent/Builder.php(895): tap(Object(App\\Models\\Patient\\Patient), Object(Closure))
#12 /Applications/MAMP/htdocs/proyectos/healthConnectMe/consultorios/backend-api-consultorio/vendor/laravel/framework/src/Illuminate/Support/Traits/ForwardsCalls.php(23): Illuminate\\Database\\Eloquent\\Builder->create(Array)
#13 /Applications/MAMP/htdocs/proyectos/healthConnectMe/consultorios/backend-api-consultorio/vendor/laravel/framework/src/Illuminate/Database/Eloquent/Model.php(2132): Illuminate\\Database\\Eloquent\\Model->forwardCallTo(Object(Illuminate\\Database\\Eloquent\\Builder), 'create', Array)
#14 /Applications/MAMP/htdocs/proyectos/healthConnectMe/consultorios/backend-api-consultorio/vendor/laravel/framework/src/Illuminate/Database/Eloquent/Model.php(2144): Illuminate\\Database\\Eloquent\\Model->__call('create', Array)
#15 /Applications/MAMP/htdocs/proyectos/healthConnectMe/consultorios/backend-api-consultorio/app/Http/Controllers/Appointment/AppointmentAttentionController.php(63): Illuminate\\Database\\Eloquent\\Model::__callStatic('create', Array)
#16 /Applications/MAMP/htdocs/proyectos/healthConnectMe/consultorios/backend-api-consultorio/vendor/laravel/framework/src/Illuminate/Routing/Controller.php(54): App\\Http\\Controllers\\Appointment\\AppointmentAttentionController->storeLocal(Object(Illuminate\\Http\\Request))
#17 /Applications/MAMP/htdocs/proyectos/healthConnectMe/consultorios/backend-api-consultorio/vendor/laravel/framework/src/Illuminate/Routing/ControllerDispatcher.php(45): Illuminate\\Routing\\Controller->callAction('storeLocal', Array)
#18 /Applications/MAMP/htdocs/proyectos/healthConnectMe/consultorios/backend-api-consultorio/vendor/laravel/framework/src/Illuminate/Routing/Route.php(261): Illuminate\\Routing\\ControllerDispatcher->dispatch(Object(Illuminate\\Routing\\Route), Object(App\\Http\\Controllers\\Appointment\\AppointmentAttentionController), 'storeLocal')
#19 /Applications/MAMP/htdocs/proyectos/healthConnectMe/consultorios/backend-api-consultorio/vendor/laravel/framework/src/Illuminate/Routing/Route.php(205): Illuminate\\Routing\\Route->runController()
#20 /Applications/MAMP/htdocs/proyectos/healthConnectMe/consultorios/backend-api-consultorio/vendor/laravel/framework/src/Illuminate/Routing/Router.php(721): Illuminate\\Routing\\Route->run()
#21 /Applications/MAMP/htdocs/proyectos/healthConnectMe/consultorios/backend-api-consultorio/vendor/laravel/framework/src/Illuminate/Pipeline/Pipeline.php(128): Illuminate\\Routing\\Router->{closure:Illuminate\\Routing\\Router::runRouteWithinStack():719}(Object(Illuminate\\Http\\Request))
#22 /Applications/MAMP/htdocs/proyectos/healthConnectMe/consultorios/backend-api-consultorio/vendor/laravel/framework/src/Illuminate/Routing/Middleware/SubstituteBindings.php(50): Illuminate\\Pipeline\\Pipeline->{closure:Illuminate\\Pipeline\\Pipeline::prepareDestination():126}(Object(Illuminate\\Http\\Request))
#23 /Applications/MAMP/htdocs/proyectos/healthConnectMe/consultorios/backend-api-consultorio/vendor/laravel/framework/src/Illuminate/Pipeline/Pipeline.php(167): Illuminate\\Routing\\Middleware\\SubstituteBindings->handle(Object(Illuminate\\Http\\Request), Object(Closure))
#24 /Applications/MAMP/htdocs/proyectos/healthConnectMe/consultorios/backend-api-consultorio/vendor/laravel/framework/src/Illuminate/Routing/Middleware/ThrottleRequests.php(127): Illuminate\\Pipeline\\Pipeline->{closure:{closure:Illuminate\\Pipeline\\Pipeline::carry():142}:143}(Object(Illuminate\\Http\\Request))
#25 /Applications/MAMP/htdocs/proyectos/healthConnectMe/consultorios/backend-api-consultorio/vendor/laravel/framework/src/Illuminate/Routing/Middleware/ThrottleRequests.php(93): Illuminate\\Routing\\Middleware\\ThrottleRequests->handleRequest(Object(Illuminate\\Http\\Request), Object(Closure), Array)
#26 /Applications/MAMP/htdocs/proyectos/healthConnectMe/consultorios/backend-api-consultorio/vendor/laravel/framework/src/Illuminate/Routing/Middleware/ThrottleRequests.php(55): Illuminate\\Routing\\Middleware\\ThrottleRequests->handleRequestUsingNamedLimiter(Object(Illuminate\\Http\\Request), Object(Closure), 'api', Object(Closure))
#27 /Applications/MAMP/htdocs/proyectos/healthConnectMe/consultorios/backend-api-consultorio/vendor/laravel/framework/src/Illuminate/Pipeline/Pipeline.php(167): Illuminate\\Routing\\Middleware\\ThrottleRequests->handle(Object(Illuminate\\Http\\Request), Object(Closure), 'api')
#28 /Applications/MAMP/htdocs/proyectos/healthConnectMe/consultorios/backend-api-consultorio/vendor/laravel/framework/src/Illuminate/Pipeline/Pipeline.php(103): Illuminate\\Pipeline\\Pipeline->{closure:{closure:Illuminate\\Pipeline\\Pipeline::carry():142}:143}(Object(Illuminate\\Http\\Request))
#29 /Applications/MAMP/htdocs/proyectos/healthConnectMe/consultorios/backend-api-consultorio/vendor/laravel/framework/src/Illuminate/Routing/Router.php(719): Illuminate\\Pipeline\\Pipeline->then(Object(Closure))
#30 /Applications/MAMP/htdocs/proyectos/healthConnectMe/consultorios/backend-api-consultorio/vendor/laravel/framework/src/Illuminate/Routing/Router.php(698): Illuminate\\Routing\\Router->runRouteWithinStack(Object(Illuminate\\Routing\\Route), Object(Illuminate\\Http\\Request))
#31 /Applications/MAMP/htdocs/proyectos/healthConnectMe/consultorios/backend-api-consultorio/vendor/laravel/framework/src/Illuminate/Routing/Router.php(662): Illuminate\\Routing\\Router->runRoute(Object(Illuminate\\Http\\Request), Object(Illuminate\\Routing\\Route))
#32 /Applications/MAMP/htdocs/proyectos/healthConnectMe/consultorios/backend-api-consultorio/vendor/laravel/framework/src/Illuminate/Routing/Router.php(651): Illuminate\\Routing\\Router->dispatchToRoute(Object(Illuminate\\Http\\Request))
#33 /Applications/MAMP/htdocs/proyectos/healthConnectMe/consultorios/backend-api-consultorio/vendor/laravel/framework/src/Illuminate/Foundation/Http/Kernel.php(167): Illuminate\\Routing\\Router->dispatch(Object(Illuminate\\Http\\Request))
#34 /Applications/MAMP/htdocs/proyectos/healthConnectMe/consultorios/backend-api-consultorio/vendor/laravel/framework/src/Illuminate/Pipeline/Pipeline.php(128): Illuminate\\Foundation\\Http\\Kernel->{closure:Illuminate\\Foundation\\Http\\Kernel::dispatchToRouter():164}(Object(Illuminate\\Http\\Request))
#35 /Applications/MAMP/htdocs/proyectos/healthConnectMe/consultorios/backend-api-consultorio/vendor/laravel/framework/src/Illuminate/Foundation/Http/Middleware/TransformsRequest.php(21): Illuminate\\Pipeline\\Pipeline->{closure:Illuminate\\Pipeline\\Pipeline::prepareDestination():126}(Object(Illuminate\\Http\\Request))
#36 /Applications/MAMP/htdocs/proyectos/healthConnectMe/consultorios/backend-api-consultorio/vendor/laravel/framework/src/Illuminate/Foundation/Http/Middleware/ConvertEmptyStringsToNull.php(31): Illuminate\\Foundation\\Http\\Middleware\\TransformsRequest->handle(Object(Illuminate\\Http\\Request), Object(Closure))
#37 /Applications/MAMP/htdocs/proyectos/healthConnectMe/consultorios/backend-api-consultorio/vendor/laravel/framework/src/Illuminate/Pipeline/Pipeline.php(167): Illuminate\\Foundation\\Http\\Middleware\\ConvertEmptyStringsToNull->handle(Object(Illuminate\\Http\\Request), Object(Closure))
#38 /Applications/MAMP/htdocs/proyectos/healthConnectMe/consultorios/backend-api-consultorio/vendor/laravel/framework/src/Illuminate/Foundation/Http/Middleware/TransformsRequest.php(21): Illuminate\\Pipeline\\Pipeline->{closure:{closure:Illuminate\\Pipeline\\Pipeline::carry():142}:143}(Object(Illuminate\\Http\\Request))
#39 /Applications/MAMP/htdocs/proyectos/healthConnectMe/consultorios/backend-api-consultorio/vendor/laravel/framework/src/Illuminate/Foundation/Http/Middleware/TrimStrings.php(40): Illuminate\\Foundation\\Http\\Middleware\\TransformsRequest->handle(Object(Illuminate\\Http\\Request), Object(Closure))
#40 /Applications/MAMP/htdocs/proyectos/healthConnectMe/consultorios/backend-api-consultorio/vendor/laravel/framework/src/Illuminate/Pipeline/Pipeline.php(167): Illuminate\\Foundation\\Http\\Middleware\\TrimStrings->handle(Object(Illuminate\\Http\\Request), Object(Closure))
#41 /Applications/MAMP/htdocs/proyectos/healthConnectMe/consultorios/backend-api-consultorio/vendor/laravel/framework/src/Illuminate/Foundation/Http/Middleware/ValidatePostSize.php(27): Illuminate\\Pipeline\\Pipeline->{closure:{closure:Illuminate\\Pipeline\\Pipeline::carry():142}:143}(Object(Illuminate\\Http\\Request))
#42 /Applications/MAMP/htdocs/proyectos/healthConnectMe/consultorios/backend-api-consultorio/vendor/laravel/framework/src/Illuminate/Pipeline/Pipeline.php(167): Illuminate\\Foundation\\Http\\Middleware\\ValidatePostSize->handle(Object(Illuminate\\Http\\Request), Object(Closure))
#43 /Applications/MAMP/htdocs/proyectos/healthConnectMe/consultorios/backend-api-consultorio/vendor/laravel/framework/src/Illuminate/Foundation/Http/Middleware/PreventRequestsDuringMaintenance.php(86): Illuminate\\Pipeline\\Pipeline->{closure:{closure:Illuminate\\Pipeline\\Pipeline::carry():142}:143}(Object(Illuminate\\Http\\Request))
#44 /Applications/MAMP/htdocs/proyectos/healthConnectMe/consultorios/backend-api-consultorio/vendor/laravel/framework/src/Illuminate/Pipeline/Pipeline.php(167): Illuminate\\Foundation\\Http\\Middleware\\PreventRequestsDuringMaintenance->handle(Object(Illuminate\\Http\\Request), Object(Closure))
#45 /Applications/MAMP/htdocs/proyectos/healthConnectMe/consultorios/backend-api-consultorio/vendor/fruitcake/laravel-cors/src/HandleCors.php(52): Illuminate\\Pipeline\\Pipeline->{closure:{closure:Illuminate\\Pipeline\\Pipeline::carry():142}:143}(Object(Illuminate\\Http\\Request))
#46 /Applications/MAMP/htdocs/proyectos/healthConnectMe/consultorios/backend-api-consultorio/vendor/laravel/framework/src/Illuminate/Pipeline/Pipeline.php(167): Fruitcake\\Cors\\HandleCors->handle(Object(Illuminate\\Http\\Request), Object(Closure))
#47 /Applications/MAMP/htdocs/proyectos/healthConnectMe/consultorios/backend-api-consultorio/vendor/laravel/framework/src/Illuminate/Http/Middleware/TrustProxies.php(39): Illuminate\\Pipeline\\Pipeline->{closure:{closure:Illuminate\\Pipeline\\Pipeline::carry():142}:143}(Object(Illuminate\\Http\\Request))
#48 /Applications/MAMP/htdocs/proyectos/healthConnectMe/consultorios/backend-api-consultorio/vendor/laravel/framework/src/Illuminate/Pipeline/Pipeline.php(167): Illuminate\\Http\\Middleware\\TrustProxies->handle(Object(Illuminate\\Http\\Request), Object(Closure))
#49 /Applications/MAMP/htdocs/proyectos/healthConnectMe/consultorios/backend-api-consultorio/vendor/laravel/framework/src/Illuminate/Pipeline/Pipeline.php(103): Illuminate\\Pipeline\\Pipeline->{closure:{closure:Illuminate\\Pipeline\\Pipeline::carry():142}:143}(Object(Illuminate\\Http\\Request))
#50 /Applications/MAMP/htdocs/proyectos/healthConnectMe/consultorios/backend-api-consultorio/vendor/laravel/framework/src/Illuminate/Foundation/Http/Kernel.php(142): Illuminate\\Pipeline\\Pipeline->then(Object(Closure))
#51 /Applications/MAMP/htdocs/proyectos/healthConnectMe/consultorios/backend-api-consultorio/vendor/laravel/framework/src/Illuminate/Foundation/Http/Kernel.php(111): Illuminate\\Foundation\\Http\\Kernel->sendRequestThroughRouter(Object(Illuminate\\Http\\Request))
#52 /Applications/MAMP/htdocs/proyectos/healthConnectMe/consultorios/backend-api-consultorio/public/index.php(51): Illuminate\\Foundation\\Http\\Kernel->handle(Object(Illuminate\\Http\\Request))
#53 /Applications/MAMP/htdocs/proyectos/healthConnectMe/consultorios/backend-api-consultorio/server.php(21): require_once('/Applications/M...')
#54 {main}

[previous exception] [object] (PDOException(code: 23000): SQLSTATE[23000]: Integrity constraint violation: 1048 Column 'name' cannot be null at /Applications/MAMP/htdocs/proyectos/healthConnectMe/consultorios/backend-api-consultorio/vendor/laravel/framework/src/Illuminate/Database/Connection.php:501)
[stacktrace]
#0 /Applications/MAMP/htdocs/proyectos/healthConnectMe/consultorios/backend-api-consultorio/vendor/laravel/framework/src/Illuminate/Database/Connection.php(501): PDOStatement->execute()
#1 /Applications/MAMP/htdocs/proyectos/healthConnectMe/consultorios/backend-api-consultorio/vendor/laravel/framework/src/Illuminate/Database/Connection.php(705): Illuminate\\Database\\Connection->{closure:Illuminate\\Database\\Connection::statement():490}('insert into `pa...', Array)
#2 /Applications/MAMP/htdocs/proyectos/healthConnectMe/consultorios/backend-api-consultorio/vendor/laravel/framework/src/Illuminate/Database/Connection.php(672): Illuminate\\Database\\Connection->runQueryCallback('insert into `pa...', Array, Object(Closure))
#3 /Applications/MAMP/htdocs/proyectos/healthConnectMe/consultorios/backend-api-consultorio/vendor/laravel/framework/src/Illuminate/Database/Connection.php(490): Illuminate\\Database\\Connection->run('insert into `pa...', Array, Object(Closure))
#4 /Applications/MAMP/htdocs/proyectos/healthConnectMe/consultorios/backend-api-consultorio/vendor/laravel/framework/src/Illuminate/Database/Connection.php(454): Illuminate\\Database\\Connection->statement('insert into `pa...', Array)
#5 /Applications/MAMP/htdocs/proyectos/healthConnectMe/consultorios/backend-api-consultorio/vendor/laravel/framework/src/Illuminate/Database/Query/Processors/Processor.php(32): Illuminate\\Database\\Connection->insert('insert into `pa...', Array)
#6 /Applications/MAMP/htdocs/proyectos/healthConnectMe/consultorios/backend-api-consultorio/vendor/laravel/framework/src/Illuminate/Database/Query/Builder.php(3028): Illuminate\\Database\\Query\\Processors\\Processor->processInsertGetId(Object(Illuminate\\Database\\Query\\Builder), 'insert into `pa...', Array, 'id')
#7 /Applications/MAMP/htdocs/proyectos/healthConnectMe/consultorios/backend-api-consultorio/vendor/laravel/framework/src/Illuminate/Database/Eloquent/Builder.php(1657): Illuminate\\Database\\Query\\Builder->insertGetId(Array, 'id')
#8 /Applications/MAMP/htdocs/proyectos/healthConnectMe/consultorios/backend-api-consultorio/vendor/laravel/framework/src/Illuminate/Database/Eloquent/Model.php(1188): Illuminate\\Database\\Eloquent\\Builder->__call('insertGetId', Array)
#9 /Applications/MAMP/htdocs/proyectos/healthConnectMe/consultorios/backend-api-consultorio/vendor/laravel/framework/src/Illuminate/Database/Eloquent/Model.php(1153): Illuminate\\Database\\Eloquent\\Model->insertAndSetId(Object(Illuminate\\Database\\Eloquent\\Builder), Array)
#10 /Applications/MAMP/htdocs/proyectos/healthConnectMe/consultorios/backend-api-consultorio/vendor/laravel/framework/src/Illuminate/Database/Eloquent/Model.php(994): Illuminate\\Database\\Eloquent\\Model->performInsert(Object(Illuminate\\Database\\Eloquent\\Builder))
#11 /Applications/MAMP/htdocs/proyectos/healthConnectMe/consultorios/backend-api-consultorio/vendor/laravel/framework/src/Illuminate/Database/Eloquent/Builder.php(896): Illuminate\\Database\\Eloquent\\Model->save()
#12 /Applications/MAMP/htdocs/proyectos/healthConnectMe/consultorios/backend-api-consultorio/vendor/laravel/framework/src/Illuminate/Support/helpers.php(263): Illuminate\\Database\\Eloquent\\Builder->{closure:Illuminate\\Database\\Eloquent\\Builder::create():895}(Object(App\\Models\\Patient\\Patient))
#13 /Applications/MAMP/htdocs/proyectos/healthConnectMe/consultorios/backend-api-consultorio/vendor/laravel/framework/src/Illuminate/Database/Eloquent/Builder.php(895): tap(Object(App\\Models\\Patient\\Patient), Object(Closure))
#14 /Applications/MAMP/htdocs/proyectos/healthConnectMe/consultorios/backend-api-consultorio/vendor/laravel/framework/src/Illuminate/Support/Traits/ForwardsCalls.php(23): Illuminate\\Database\\Eloquent\\Builder->create(Array)
#15 /Applications/MAMP/htdocs/proyectos/healthConnectMe/consultorios/backend-api-consultorio/vendor/laravel/framework/src/Illuminate/Database/Eloquent/Model.php(2132): Illuminate\\Database\\Eloquent\\Model->forwardCallTo(Object(Illuminate\\Database\\Eloquent\\Builder), 'create', Array)
#16 /Applications/MAMP/htdocs/proyectos/healthConnectMe/consultorios/backend-api-consultorio/vendor/laravel/framework/src/Illuminate/Database/Eloquent/Model.php(2144): Illuminate\\Database\\Eloquent\\Model->__call('create', Array)
#17 /Applications/MAMP/htdocs/proyectos/healthConnectMe/consultorios/backend-api-consultorio/app/Http/Controllers/Appointment/AppointmentAttentionController.php(63): Illuminate\\Database\\Eloquent\\Model::__callStatic('create', Array)
#18 /Applications/MAMP/htdocs/proyectos/healthConnectMe/consultorios/backend-api-consultorio/vendor/laravel/framework/src/Illuminate/Routing/Controller.php(54): App\\Http\\Controllers\\Appointment\\AppointmentAttentionController->storeLocal(Object(Illuminate\\Http\\Request))
#19 /Applications/MAMP/htdocs/proyectos/healthConnectMe/consultorios/backend-api-consultorio/vendor/laravel/framework/src/Illuminate/Routing/ControllerDispatcher.php(45): Illuminate\\Routing\\Controller->callAction('storeLocal', Array)
#20 /Applications/MAMP/htdocs/proyectos/healthConnectMe/consultorios/backend-api-consultorio/vendor/laravel/framework/src/Illuminate/Routing/Route.php(261): Illuminate\\Routing\\ControllerDispatcher->dispatch(Object(Illuminate\\Routing\\Route), Object(App\\Http\\Controllers\\Appointment\\AppointmentAttentionController), 'storeLocal')
#21 /Applications/MAMP/htdocs/proyectos/healthConnectMe/consultorios/backend-api-consultorio/vendor/laravel/framework/src/Illuminate/Routing/Route.php(205): Illuminate\\Routing\\Route->runController()
#22 /Applications/MAMP/htdocs/proyectos/healthConnectMe/consultorios/backend-api-consultorio/vendor/laravel/framework/src/Illuminate/Routing/Router.php(721): Illuminate\\Routing\\Route->run()
#23 /Applications/MAMP/htdocs/proyectos/healthConnectMe/consultorios/backend-api-consultorio/vendor/laravel/framework/src/Illuminate/Pipeline/Pipeline.php(128): Illuminate\\Routing\\Router->{closure:Illuminate\\Routing\\Router::runRouteWithinStack():719}(Object(Illuminate\\Http\\Request))
#24 /Applications/MAMP/htdocs/proyectos/healthConnectMe/consultorios/backend-api-consultorio/vendor/laravel/framework/src/Illuminate/Routing/Middleware/SubstituteBindings.php(50): Illuminate\\Pipeline\\Pipeline->{closure:Illuminate\\Pipeline\\Pipeline::prepareDestination():126}(Object(Illuminate\\Http\\Request))
#25 /Applications/MAMP/htdocs/proyectos/healthConnectMe/consultorios/backend-api-consultorio/vendor/laravel/framework/src/Illuminate/Pipeline/Pipeline.php(167): Illuminate\\Routing\\Middleware\\SubstituteBindings->handle(Object(Illuminate\\Http\\Request), Object(Closure))
#26 /Applications/MAMP/htdocs/proyectos/healthConnectMe/consultorios/backend-api-consultorio/vendor/laravel/framework/src/Illuminate/Routing/Middleware/ThrottleRequests.php(127): Illuminate\\Pipeline\\Pipeline->{closure:{closure:Illuminate\\Pipeline\\Pipeline::carry():142}:143}(Object(Illuminate\\Http\\Request))
#27 /Applications/MAMP/htdocs/proyectos/healthConnectMe/consultorios/backend-api-consultorio/vendor/laravel/framework/src/Illuminate/Routing/Middleware/ThrottleRequests.php(93): Illuminate\\Routing\\Middleware\\ThrottleRequests->handleRequest(Object(Illuminate\\Http\\Request), Object(Closure), Array)
#28 /Applications/MAMP/htdocs/proyectos/healthConnectMe/consultorios/backend-api-consultorio/vendor/laravel/framework/src/Illuminate/Routing/Middleware/ThrottleRequests.php(55): Illuminate\\Routing\\Middleware\\ThrottleRequests->handleRequestUsingNamedLimiter(Object(Illuminate\\Http\\Request), Object(Closure), 'api', Object(Closure))
#29 /Applications/MAMP/htdocs/proyectos/healthConnectMe/consultorios/backend-api-consultorio/vendor/laravel/framework/src/Illuminate/Pipeline/Pipeline.php(167): Illuminate\\Routing\\Middleware\\ThrottleRequests->handle(Object(Illuminate\\Http\\Request), Object(Closure), 'api')
#30 /Applications/MAMP/htdocs/proyectos/healthConnectMe/consultorios/backend-api-consultorio/vendor/laravel/framework/src/Illuminate/Pipeline/Pipeline.php(103): Illuminate\\Pipeline\\Pipeline->{closure:{closure:Illuminate\\Pipeline\\Pipeline::carry():142}:143}(Object(Illuminate\\Http\\Request))
#31 /Applications/MAMP/htdocs/proyectos/healthConnectMe/consultorios/backend-api-consultorio/vendor/laravel/framework/src/Illuminate/Routing/Router.php(719): Illuminate\\Pipeline\\Pipeline->then(Object(Closure))
#32 /Applications/MAMP/htdocs/proyectos/healthConnectMe/consultorios/backend-api-consultorio/vendor/laravel/framework/src/Illuminate/Routing/Router.php(698): Illuminate\\Routing\\Router->runRouteWithinStack(Object(Illuminate\\Routing\\Route), Object(Illuminate\\Http\\Request))
#33 /Applications/MAMP/htdocs/proyectos/healthConnectMe/consultorios/backend-api-consultorio/vendor/laravel/framework/src/Illuminate/Routing/Router.php(662): Illuminate\\Routing\\Router->runRoute(Object(Illuminate\\Http\\Request), Object(Illuminate\\Routing\\Route))
#34 /Applications/MAMP/htdocs/proyectos/healthConnectMe/consultorios/backend-api-consultorio/vendor/laravel/framework/src/Illuminate/Routing/Router.php(651): Illuminate\\Routing\\Router->dispatchToRoute(Object(Illuminate\\Http\\Request))
#35 /Applications/MAMP/htdocs/proyectos/healthConnectMe/consultorios/backend-api-consultorio/vendor/laravel/framework/src/Illuminate/Foundation/Http/Kernel.php(167): Illuminate\\Routing\\Router->dispatch(Object(Illuminate\\Http\\Request))
#36 /Applications/MAMP/htdocs/proyectos/healthConnectMe/consultorios/backend-api-consultorio/vendor/laravel/framework/src/Illuminate/Pipeline/Pipeline.php(128): Illuminate\\Foundation\\Http\\Kernel->{closure:Illuminate\\Foundation\\Http\\Kernel::dispatchToRouter():164}(Object(Illuminate\\Http\\Request))
#37 /Applications/MAMP/htdocs/proyectos/healthConnectMe/consultorios/backend-api-consultorio/vendor/laravel/framework/src/Illuminate/Foundation/Http/Middleware/TransformsRequest.php(21): Illuminate\\Pipeline\\Pipeline->{closure:Illuminate\\Pipeline\\Pipeline::prepareDestination():126}(Object(Illuminate\\Http\\Request))
#38 /Applications/MAMP/htdocs/proyectos/healthConnectMe/consultorios/backend-api-consultorio/vendor/laravel/framework/src/Illuminate/Foundation/Http/Middleware/ConvertEmptyStringsToNull.php(31): Illuminate\\Foundation\\Http\\Middleware\\TransformsRequest->handle(Object(Illuminate\\Http\\Request), Object(Closure))
#39 /Applications/MAMP/htdocs/proyectos/healthConnectMe/consultorios/backend-api-consultorio/vendor/laravel/framework/src/Illuminate/Pipeline/Pipeline.php(167): Illuminate\\Foundation\\Http\\Middleware\\ConvertEmptyStringsToNull->handle(Object(Illuminate\\Http\\Request), Object(Closure))
#40 /Applications/MAMP/htdocs/proyectos/healthConnectMe/consultorios/backend-api-consultorio/vendor/laravel/framework/src/Illuminate/Foundation/Http/Middleware/TransformsRequest.php(21): Illuminate\\Pipeline\\Pipeline->{closure:{closure:Illuminate\\Pipeline\\Pipeline::carry():142}:143}(Object(Illuminate\\Http\\Request))
#41 /Applications/MAMP/htdocs/proyectos/healthConnectMe/consultorios/backend-api-consultorio/vendor/laravel/framework/src/Illuminate/Foundation/Http/Middleware/TrimStrings.php(40): Illuminate\\Foundation\\Http\\Middleware\\TransformsRequest->handle(Object(Illuminate\\Http\\Request), Object(Closure))
#42 /Applications/MAMP/htdocs/proyectos/healthConnectMe/consultorios/backend-api-consultorio/vendor/laravel/framework/src/Illuminate/Pipeline/Pipeline.php(167): Illuminate\\Foundation\\Http\\Middleware\\TrimStrings->handle(Object(Illuminate\\Http\\Request), Object(Closure))
#43 /Applications/MAMP/htdocs/proyectos/healthConnectMe/consultorios/backend-api-consultorio/vendor/laravel/framework/src/Illuminate/Foundation/Http/Middleware/ValidatePostSize.php(27): Illuminate\\Pipeline\\Pipeline->{closure:{closure:Illuminate\\Pipeline\\Pipeline::carry():142}:143}(Object(Illuminate\\Http\\Request))
#44 /Applications/MAMP/htdocs/proyectos/healthConnectMe/consultorios/backend-api-consultorio/vendor/laravel/framework/src/Illuminate/Pipeline/Pipeline.php(167): Illuminate\\Foundation\\Http\\Middleware\\ValidatePostSize->handle(Object(Illuminate\\Http\\Request), Object(Closure))
#45 /Applications/MAMP/htdocs/proyectos/healthConnectMe/consultorios/backend-api-consultorio/vendor/laravel/framework/src/Illuminate/Foundation/Http/Middleware/PreventRequestsDuringMaintenance.php(86): Illuminate\\Pipeline\\Pipeline->{closure:{closure:Illuminate\\Pipeline\\Pipeline::carry():142}:143}(Object(Illuminate\\Http\\Request))
#46 /Applications/MAMP/htdocs/proyectos/healthConnectMe/consultorios/backend-api-consultorio/vendor/laravel/framework/src/Illuminate/Pipeline/Pipeline.php(167): Illuminate\\Foundation\\Http\\Middleware\\PreventRequestsDuringMaintenance->handle(Object(Illuminate\\Http\\Request), Object(Closure))
#47 /Applications/MAMP/htdocs/proyectos/healthConnectMe/consultorios/backend-api-consultorio/vendor/fruitcake/laravel-cors/src/HandleCors.php(52): Illuminate\\Pipeline\\Pipeline->{closure:{closure:Illuminate\\Pipeline\\Pipeline::carry():142}:143}(Object(Illuminate\\Http\\Request))
#48 /Applications/MAMP/htdocs/proyectos/healthConnectMe/consultorios/backend-api-consultorio/vendor/laravel/framework/src/Illuminate/Pipeline/Pipeline.php(167): Fruitcake\\Cors\\HandleCors->handle(Object(Illuminate\\Http\\Request), Object(Closure))
#49 /Applications/MAMP/htdocs/proyectos/healthConnectMe/consultorios/backend-api-consultorio/vendor/laravel/framework/src/Illuminate/Http/Middleware/TrustProxies.php(39): Illuminate\\Pipeline\\Pipeline->{closure:{closure:Illuminate\\Pipeline\\Pipeline::carry():142}:143}(Object(Illuminate\\Http\\Request))
#50 /Applications/MAMP/htdocs/proyectos/healthConnectMe/consultorios/backend-api-consultorio/vendor/laravel/framework/src/Illuminate/Pipeline/Pipeline.php(167): Illuminate\\Http\\Middleware\\TrustProxies->handle(Object(Illuminate\\Http\\Request), Object(Closure))
#51 /Applications/MAMP/htdocs/proyectos/healthConnectMe/consultorios/backend-api-consultorio/vendor/laravel/framework/src/Illuminate/Pipeline/Pipeline.php(103): Illuminate\\Pipeline\\Pipeline->{closure:{closure:Illuminate\\Pipeline\\Pipeline::carry():142}:143}(Object(Illuminate\\Http\\Request))
#52 /Applications/MAMP/htdocs/proyectos/healthConnectMe/consultorios/backend-api-consultorio/vendor/laravel/framework/src/Illuminate/Foundation/Http/Kernel.php(142): Illuminate\\Pipeline\\Pipeline->then(Object(Closure))
#53 /Applications/MAMP/htdocs/proyectos/healthConnectMe/consultorios/backend-api-consultorio/vendor/laravel/framework/src/Illuminate/Foundation/Http/Kernel.php(111): Illuminate\\Foundation\\Http\\Kernel->sendRequestThroughRouter(Object(Illuminate\\Http\\Request))
#54 /Applications/MAMP/htdocs/proyectos/healthConnectMe/consultorios/backend-api-consultorio/public/index.php(51): Illuminate\\Foundation\\Http\\Kernel->handle(Object(Illuminate\\Http\\Request))
#55 /Applications/MAMP/htdocs/proyectos/healthConnectMe/consultorios/backend-api-consultorio/server.php(21): require_once('/Applications/M...')
#56 {main}
"} 
[2025-03-01 00:25:07] local.ERROR: SQLSTATE[23000]: Integrity constraint violation: 1048 Column 'name' cannot be null (SQL: insert into `patients` (`name`, `surname`, `n_doc`, `phone`, `updated_at`, `created_at`) values (?, ?, ?, ?, 2025-03-01 00:25:07, 2025-03-01 00:25:07)) {"exception":"[object] (Illuminate\\Database\\QueryException(code: 23000): SQLSTATE[23000]: Integrity constraint violation: 1048 Column 'name' cannot be null (SQL: insert into `patients` (`name`, `surname`, `n_doc`, `phone`, `updated_at`, `created_at`) values (?, ?, ?, ?, 2025-03-01 00:25:07, 2025-03-01 00:25:07)) at /Applications/MAMP/htdocs/proyectos/healthConnectMe/consultorios/backend-api-consultorio/vendor/laravel/framework/src/Illuminate/Database/Connection.php:712)
[stacktrace]
#0 /Applications/MAMP/htdocs/proyectos/healthConnectMe/consultorios/backend-api-consultorio/vendor/laravel/framework/src/Illuminate/Database/Connection.php(672): Illuminate\\Database\\Connection->runQueryCallback('insert into `pa...', Array, Object(Closure))
#1 /Applications/MAMP/htdocs/proyectos/healthConnectMe/consultorios/backend-api-consultorio/vendor/laravel/framework/src/Illuminate/Database/Connection.php(490): Illuminate\\Database\\Connection->run('insert into `pa...', Array, Object(Closure))
#2 /Applications/MAMP/htdocs/proyectos/healthConnectMe/consultorios/backend-api-consultorio/vendor/laravel/framework/src/Illuminate/Database/Connection.php(454): Illuminate\\Database\\Connection->statement('insert into `pa...', Array)
#3 /Applications/MAMP/htdocs/proyectos/healthConnectMe/consultorios/backend-api-consultorio/vendor/laravel/framework/src/Illuminate/Database/Query/Processors/Processor.php(32): Illuminate\\Database\\Connection->insert('insert into `pa...', Array)
#4 /Applications/MAMP/htdocs/proyectos/healthConnectMe/consultorios/backend-api-consultorio/vendor/laravel/framework/src/Illuminate/Database/Query/Builder.php(3028): Illuminate\\Database\\Query\\Processors\\Processor->processInsertGetId(Object(Illuminate\\Database\\Query\\Builder), 'insert into `pa...', Array, 'id')
#5 /Applications/MAMP/htdocs/proyectos/healthConnectMe/consultorios/backend-api-consultorio/vendor/laravel/framework/src/Illuminate/Database/Eloquent/Builder.php(1657): Illuminate\\Database\\Query\\Builder->insertGetId(Array, 'id')
#6 /Applications/MAMP/htdocs/proyectos/healthConnectMe/consultorios/backend-api-consultorio/vendor/laravel/framework/src/Illuminate/Database/Eloquent/Model.php(1188): Illuminate\\Database\\Eloquent\\Builder->__call('insertGetId', Array)
#7 /Applications/MAMP/htdocs/proyectos/healthConnectMe/consultorios/backend-api-consultorio/vendor/laravel/framework/src/Illuminate/Database/Eloquent/Model.php(1153): Illuminate\\Database\\Eloquent\\Model->insertAndSetId(Object(Illuminate\\Database\\Eloquent\\Builder), Array)
#8 /Applications/MAMP/htdocs/proyectos/healthConnectMe/consultorios/backend-api-consultorio/vendor/laravel/framework/src/Illuminate/Database/Eloquent/Model.php(994): Illuminate\\Database\\Eloquent\\Model->performInsert(Object(Illuminate\\Database\\Eloquent\\Builder))
#9 /Applications/MAMP/htdocs/proyectos/healthConnectMe/consultorios/backend-api-consultorio/vendor/laravel/framework/src/Illuminate/Database/Eloquent/Builder.php(896): Illuminate\\Database\\Eloquent\\Model->save()
#10 /Applications/MAMP/htdocs/proyectos/healthConnectMe/consultorios/backend-api-consultorio/vendor/laravel/framework/src/Illuminate/Support/helpers.php(263): Illuminate\\Database\\Eloquent\\Builder->{closure:Illuminate\\Database\\Eloquent\\Builder::create():895}(Object(App\\Models\\Patient\\Patient))
#11 /Applications/MAMP/htdocs/proyectos/healthConnectMe/consultorios/backend-api-consultorio/vendor/laravel/framework/src/Illuminate/Database/Eloquent/Builder.php(895): tap(Object(App\\Models\\Patient\\Patient), Object(Closure))
#12 /Applications/MAMP/htdocs/proyectos/healthConnectMe/consultorios/backend-api-consultorio/vendor/laravel/framework/src/Illuminate/Support/Traits/ForwardsCalls.php(23): Illuminate\\Database\\Eloquent\\Builder->create(Array)
#13 /Applications/MAMP/htdocs/proyectos/healthConnectMe/consultorios/backend-api-consultorio/vendor/laravel/framework/src/Illuminate/Database/Eloquent/Model.php(2132): Illuminate\\Database\\Eloquent\\Model->forwardCallTo(Object(Illuminate\\Database\\Eloquent\\Builder), 'create', Array)
#14 /Applications/MAMP/htdocs/proyectos/healthConnectMe/consultorios/backend-api-consultorio/vendor/laravel/framework/src/Illuminate/Database/Eloquent/Model.php(2144): Illuminate\\Database\\Eloquent\\Model->__call('create', Array)
#15 /Applications/MAMP/htdocs/proyectos/healthConnectMe/consultorios/backend-api-consultorio/app/Http/Controllers/Appointment/AppointmentAttentionController.php(63): Illuminate\\Database\\Eloquent\\Model::__callStatic('create', Array)
#16 /Applications/MAMP/htdocs/proyectos/healthConnectMe/consultorios/backend-api-consultorio/vendor/laravel/framework/src/Illuminate/Routing/Controller.php(54): App\\Http\\Controllers\\Appointment\\AppointmentAttentionController->storeLocal(Object(Illuminate\\Http\\Request))
#17 /Applications/MAMP/htdocs/proyectos/healthConnectMe/consultorios/backend-api-consultorio/vendor/laravel/framework/src/Illuminate/Routing/ControllerDispatcher.php(45): Illuminate\\Routing\\Controller->callAction('storeLocal', Array)
#18 /Applications/MAMP/htdocs/proyectos/healthConnectMe/consultorios/backend-api-consultorio/vendor/laravel/framework/src/Illuminate/Routing/Route.php(261): Illuminate\\Routing\\ControllerDispatcher->dispatch(Object(Illuminate\\Routing\\Route), Object(App\\Http\\Controllers\\Appointment\\AppointmentAttentionController), 'storeLocal')
#19 /Applications/MAMP/htdocs/proyectos/healthConnectMe/consultorios/backend-api-consultorio/vendor/laravel/framework/src/Illuminate/Routing/Route.php(205): Illuminate\\Routing\\Route->runController()
#20 /Applications/MAMP/htdocs/proyectos/healthConnectMe/consultorios/backend-api-consultorio/vendor/laravel/framework/src/Illuminate/Routing/Router.php(721): Illuminate\\Routing\\Route->run()
#21 /Applications/MAMP/htdocs/proyectos/healthConnectMe/consultorios/backend-api-consultorio/vendor/laravel/framework/src/Illuminate/Pipeline/Pipeline.php(128): Illuminate\\Routing\\Router->{closure:Illuminate\\Routing\\Router::runRouteWithinStack():719}(Object(Illuminate\\Http\\Request))
#22 /Applications/MAMP/htdocs/proyectos/healthConnectMe/consultorios/backend-api-consultorio/vendor/laravel/framework/src/Illuminate/Routing/Middleware/SubstituteBindings.php(50): Illuminate\\Pipeline\\Pipeline->{closure:Illuminate\\Pipeline\\Pipeline::prepareDestination():126}(Object(Illuminate\\Http\\Request))
#23 /Applications/MAMP/htdocs/proyectos/healthConnectMe/consultorios/backend-api-consultorio/vendor/laravel/framework/src/Illuminate/Pipeline/Pipeline.php(167): Illuminate\\Routing\\Middleware\\SubstituteBindings->handle(Object(Illuminate\\Http\\Request), Object(Closure))
#24 /Applications/MAMP/htdocs/proyectos/healthConnectMe/consultorios/backend-api-consultorio/vendor/laravel/framework/src/Illuminate/Routing/Middleware/ThrottleRequests.php(127): Illuminate\\Pipeline\\Pipeline->{closure:{closure:Illuminate\\Pipeline\\Pipeline::carry():142}:143}(Object(Illuminate\\Http\\Request))
#25 /Applications/MAMP/htdocs/proyectos/healthConnectMe/consultorios/backend-api-consultorio/vendor/laravel/framework/src/Illuminate/Routing/Middleware/ThrottleRequests.php(93): Illuminate\\Routing\\Middleware\\ThrottleRequests->handleRequest(Object(Illuminate\\Http\\Request), Object(Closure), Array)
#26 /Applications/MAMP/htdocs/proyectos/healthConnectMe/consultorios/backend-api-consultorio/vendor/laravel/framework/src/Illuminate/Routing/Middleware/ThrottleRequests.php(55): Illuminate\\Routing\\Middleware\\ThrottleRequests->handleRequestUsingNamedLimiter(Object(Illuminate\\Http\\Request), Object(Closure), 'api', Object(Closure))
#27 /Applications/MAMP/htdocs/proyectos/healthConnectMe/consultorios/backend-api-consultorio/vendor/laravel/framework/src/Illuminate/Pipeline/Pipeline.php(167): Illuminate\\Routing\\Middleware\\ThrottleRequests->handle(Object(Illuminate\\Http\\Request), Object(Closure), 'api')
#28 /Applications/MAMP/htdocs/proyectos/healthConnectMe/consultorios/backend-api-consultorio/vendor/laravel/framework/src/Illuminate/Pipeline/Pipeline.php(103): Illuminate\\Pipeline\\Pipeline->{closure:{closure:Illuminate\\Pipeline\\Pipeline::carry():142}:143}(Object(Illuminate\\Http\\Request))
#29 /Applications/MAMP/htdocs/proyectos/healthConnectMe/consultorios/backend-api-consultorio/vendor/laravel/framework/src/Illuminate/Routing/Router.php(719): Illuminate\\Pipeline\\Pipeline->then(Object(Closure))
#30 /Applications/MAMP/htdocs/proyectos/healthConnectMe/consultorios/backend-api-consultorio/vendor/laravel/framework/src/Illuminate/Routing/Router.php(698): Illuminate\\Routing\\Router->runRouteWithinStack(Object(Illuminate\\Routing\\Route), Object(Illuminate\\Http\\Request))
#31 /Applications/MAMP/htdocs/proyectos/healthConnectMe/consultorios/backend-api-consultorio/vendor/laravel/framework/src/Illuminate/Routing/Router.php(662): Illuminate\\Routing\\Router->runRoute(Object(Illuminate\\Http\\Request), Object(Illuminate\\Routing\\Route))
#32 /Applications/MAMP/htdocs/proyectos/healthConnectMe/consultorios/backend-api-consultorio/vendor/laravel/framework/src/Illuminate/Routing/Router.php(651): Illuminate\\Routing\\Router->dispatchToRoute(Object(Illuminate\\Http\\Request))
#33 /Applications/MAMP/htdocs/proyectos/healthConnectMe/consultorios/backend-api-consultorio/vendor/laravel/framework/src/Illuminate/Foundation/Http/Kernel.php(167): Illuminate\\Routing\\Router->dispatch(Object(Illuminate\\Http\\Request))
#34 /Applications/MAMP/htdocs/proyectos/healthConnectMe/consultorios/backend-api-consultorio/vendor/laravel/framework/src/Illuminate/Pipeline/Pipeline.php(128): Illuminate\\Foundation\\Http\\Kernel->{closure:Illuminate\\Foundation\\Http\\Kernel::dispatchToRouter():164}(Object(Illuminate\\Http\\Request))
#35 /Applications/MAMP/htdocs/proyectos/healthConnectMe/consultorios/backend-api-consultorio/vendor/laravel/framework/src/Illuminate/Foundation/Http/Middleware/TransformsRequest.php(21): Illuminate\\Pipeline\\Pipeline->{closure:Illuminate\\Pipeline\\Pipeline::prepareDestination():126}(Object(Illuminate\\Http\\Request))
#36 /Applications/MAMP/htdocs/proyectos/healthConnectMe/consultorios/backend-api-consultorio/vendor/laravel/framework/src/Illuminate/Foundation/Http/Middleware/ConvertEmptyStringsToNull.php(31): Illuminate\\Foundation\\Http\\Middleware\\TransformsRequest->handle(Object(Illuminate\\Http\\Request), Object(Closure))
#37 /Applications/MAMP/htdocs/proyectos/healthConnectMe/consultorios/backend-api-consultorio/vendor/laravel/framework/src/Illuminate/Pipeline/Pipeline.php(167): Illuminate\\Foundation\\Http\\Middleware\\ConvertEmptyStringsToNull->handle(Object(Illuminate\\Http\\Request), Object(Closure))
#38 /Applications/MAMP/htdocs/proyectos/healthConnectMe/consultorios/backend-api-consultorio/vendor/laravel/framework/src/Illuminate/Foundation/Http/Middleware/TransformsRequest.php(21): Illuminate\\Pipeline\\Pipeline->{closure:{closure:Illuminate\\Pipeline\\Pipeline::carry():142}:143}(Object(Illuminate\\Http\\Request))
#39 /Applications/MAMP/htdocs/proyectos/healthConnectMe/consultorios/backend-api-consultorio/vendor/laravel/framework/src/Illuminate/Foundation/Http/Middleware/TrimStrings.php(40): Illuminate\\Foundation\\Http\\Middleware\\TransformsRequest->handle(Object(Illuminate\\Http\\Request), Object(Closure))
#40 /Applications/MAMP/htdocs/proyectos/healthConnectMe/consultorios/backend-api-consultorio/vendor/laravel/framework/src/Illuminate/Pipeline/Pipeline.php(167): Illuminate\\Foundation\\Http\\Middleware\\TrimStrings->handle(Object(Illuminate\\Http\\Request), Object(Closure))
#41 /Applications/MAMP/htdocs/proyectos/healthConnectMe/consultorios/backend-api-consultorio/vendor/laravel/framework/src/Illuminate/Foundation/Http/Middleware/ValidatePostSize.php(27): Illuminate\\Pipeline\\Pipeline->{closure:{closure:Illuminate\\Pipeline\\Pipeline::carry():142}:143}(Object(Illuminate\\Http\\Request))
#42 /Applications/MAMP/htdocs/proyectos/healthConnectMe/consultorios/backend-api-consultorio/vendor/laravel/framework/src/Illuminate/Pipeline/Pipeline.php(167): Illuminate\\Foundation\\Http\\Middleware\\ValidatePostSize->handle(Object(Illuminate\\Http\\Request), Object(Closure))
#43 /Applications/MAMP/htdocs/proyectos/healthConnectMe/consultorios/backend-api-consultorio/vendor/laravel/framework/src/Illuminate/Foundation/Http/Middleware/PreventRequestsDuringMaintenance.php(86): Illuminate\\Pipeline\\Pipeline->{closure:{closure:Illuminate\\Pipeline\\Pipeline::carry():142}:143}(Object(Illuminate\\Http\\Request))
#44 /Applications/MAMP/htdocs/proyectos/healthConnectMe/consultorios/backend-api-consultorio/vendor/laravel/framework/src/Illuminate/Pipeline/Pipeline.php(167): Illuminate\\Foundation\\Http\\Middleware\\PreventRequestsDuringMaintenance->handle(Object(Illuminate\\Http\\Request), Object(Closure))
#45 /Applications/MAMP/htdocs/proyectos/healthConnectMe/consultorios/backend-api-consultorio/vendor/fruitcake/laravel-cors/src/HandleCors.php(52): Illuminate\\Pipeline\\Pipeline->{closure:{closure:Illuminate\\Pipeline\\Pipeline::carry():142}:143}(Object(Illuminate\\Http\\Request))
#46 /Applications/MAMP/htdocs/proyectos/healthConnectMe/consultorios/backend-api-consultorio/vendor/laravel/framework/src/Illuminate/Pipeline/Pipeline.php(167): Fruitcake\\Cors\\HandleCors->handle(Object(Illuminate\\Http\\Request), Object(Closure))
#47 /Applications/MAMP/htdocs/proyectos/healthConnectMe/consultorios/backend-api-consultorio/vendor/laravel/framework/src/Illuminate/Http/Middleware/TrustProxies.php(39): Illuminate\\Pipeline\\Pipeline->{closure:{closure:Illuminate\\Pipeline\\Pipeline::carry():142}:143}(Object(Illuminate\\Http\\Request))
#48 /Applications/MAMP/htdocs/proyectos/healthConnectMe/consultorios/backend-api-consultorio/vendor/laravel/framework/src/Illuminate/Pipeline/Pipeline.php(167): Illuminate\\Http\\Middleware\\TrustProxies->handle(Object(Illuminate\\Http\\Request), Object(Closure))
#49 /Applications/MAMP/htdocs/proyectos/healthConnectMe/consultorios/backend-api-consultorio/vendor/laravel/framework/src/Illuminate/Pipeline/Pipeline.php(103): Illuminate\\Pipeline\\Pipeline->{closure:{closure:Illuminate\\Pipeline\\Pipeline::carry():142}:143}(Object(Illuminate\\Http\\Request))
#50 /Applications/MAMP/htdocs/proyectos/healthConnectMe/consultorios/backend-api-consultorio/vendor/laravel/framework/src/Illuminate/Foundation/Http/Kernel.php(142): Illuminate\\Pipeline\\Pipeline->then(Object(Closure))
#51 /Applications/MAMP/htdocs/proyectos/healthConnectMe/consultorios/backend-api-consultorio/vendor/laravel/framework/src/Illuminate/Foundation/Http/Kernel.php(111): Illuminate\\Foundation\\Http\\Kernel->sendRequestThroughRouter(Object(Illuminate\\Http\\Request))
#52 /Applications/MAMP/htdocs/proyectos/healthConnectMe/consultorios/backend-api-consultorio/public/index.php(51): Illuminate\\Foundation\\Http\\Kernel->handle(Object(Illuminate\\Http\\Request))
#53 /Applications/MAMP/htdocs/proyectos/healthConnectMe/consultorios/backend-api-consultorio/server.php(21): require_once('/Applications/M...')
#54 {main}

[previous exception] [object] (PDOException(code: 23000): SQLSTATE[23000]: Integrity constraint violation: 1048 Column 'name' cannot be null at /Applications/MAMP/htdocs/proyectos/healthConnectMe/consultorios/backend-api-consultorio/vendor/laravel/framework/src/Illuminate/Database/Connection.php:501)
[stacktrace]
#0 /Applications/MAMP/htdocs/proyectos/healthConnectMe/consultorios/backend-api-consultorio/vendor/laravel/framework/src/Illuminate/Database/Connection.php(501): PDOStatement->execute()
#1 /Applications/MAMP/htdocs/proyectos/healthConnectMe/consultorios/backend-api-consultorio/vendor/laravel/framework/src/Illuminate/Database/Connection.php(705): Illuminate\\Database\\Connection->{closure:Illuminate\\Database\\Connection::statement():490}('insert into `pa...', Array)
#2 /Applications/MAMP/htdocs/proyectos/healthConnectMe/consultorios/backend-api-consultorio/vendor/laravel/framework/src/Illuminate/Database/Connection.php(672): Illuminate\\Database\\Connection->runQueryCallback('insert into `pa...', Array, Object(Closure))
#3 /Applications/MAMP/htdocs/proyectos/healthConnectMe/consultorios/backend-api-consultorio/vendor/laravel/framework/src/Illuminate/Database/Connection.php(490): Illuminate\\Database\\Connection->run('insert into `pa...', Array, Object(Closure))
#4 /Applications/MAMP/htdocs/proyectos/healthConnectMe/consultorios/backend-api-consultorio/vendor/laravel/framework/src/Illuminate/Database/Connection.php(454): Illuminate\\Database\\Connection->statement('insert into `pa...', Array)
#5 /Applications/MAMP/htdocs/proyectos/healthConnectMe/consultorios/backend-api-consultorio/vendor/laravel/framework/src/Illuminate/Database/Query/Processors/Processor.php(32): Illuminate\\Database\\Connection->insert('insert into `pa...', Array)
#6 /Applications/MAMP/htdocs/proyectos/healthConnectMe/consultorios/backend-api-consultorio/vendor/laravel/framework/src/Illuminate/Database/Query/Builder.php(3028): Illuminate\\Database\\Query\\Processors\\Processor->processInsertGetId(Object(Illuminate\\Database\\Query\\Builder), 'insert into `pa...', Array, 'id')
#7 /Applications/MAMP/htdocs/proyectos/healthConnectMe/consultorios/backend-api-consultorio/vendor/laravel/framework/src/Illuminate/Database/Eloquent/Builder.php(1657): Illuminate\\Database\\Query\\Builder->insertGetId(Array, 'id')
#8 /Applications/MAMP/htdocs/proyectos/healthConnectMe/consultorios/backend-api-consultorio/vendor/laravel/framework/src/Illuminate/Database/Eloquent/Model.php(1188): Illuminate\\Database\\Eloquent\\Builder->__call('insertGetId', Array)
#9 /Applications/MAMP/htdocs/proyectos/healthConnectMe/consultorios/backend-api-consultorio/vendor/laravel/framework/src/Illuminate/Database/Eloquent/Model.php(1153): Illuminate\\Database\\Eloquent\\Model->insertAndSetId(Object(Illuminate\\Database\\Eloquent\\Builder), Array)
#10 /Applications/MAMP/htdocs/proyectos/healthConnectMe/consultorios/backend-api-consultorio/vendor/laravel/framework/src/Illuminate/Database/Eloquent/Model.php(994): Illuminate\\Database\\Eloquent\\Model->performInsert(Object(Illuminate\\Database\\Eloquent\\Builder))
#11 /Applications/MAMP/htdocs/proyectos/healthConnectMe/consultorios/backend-api-consultorio/vendor/laravel/framework/src/Illuminate/Database/Eloquent/Builder.php(896): Illuminate\\Database\\Eloquent\\Model->save()
#12 /Applications/MAMP/htdocs/proyectos/healthConnectMe/consultorios/backend-api-consultorio/vendor/laravel/framework/src/Illuminate/Support/helpers.php(263): Illuminate\\Database\\Eloquent\\Builder->{closure:Illuminate\\Database\\Eloquent\\Builder::create():895}(Object(App\\Models\\Patient\\Patient))
#13 /Applications/MAMP/htdocs/proyectos/healthConnectMe/consultorios/backend-api-consultorio/vendor/laravel/framework/src/Illuminate/Database/Eloquent/Builder.php(895): tap(Object(App\\Models\\Patient\\Patient), Object(Closure))
#14 /Applications/MAMP/htdocs/proyectos/healthConnectMe/consultorios/backend-api-consultorio/vendor/laravel/framework/src/Illuminate/Support/Traits/ForwardsCalls.php(23): Illuminate\\Database\\Eloquent\\Builder->create(Array)
#15 /Applications/MAMP/htdocs/proyectos/healthConnectMe/consultorios/backend-api-consultorio/vendor/laravel/framework/src/Illuminate/Database/Eloquent/Model.php(2132): Illuminate\\Database\\Eloquent\\Model->forwardCallTo(Object(Illuminate\\Database\\Eloquent\\Builder), 'create', Array)
#16 /Applications/MAMP/htdocs/proyectos/healthConnectMe/consultorios/backend-api-consultorio/vendor/laravel/framework/src/Illuminate/Database/Eloquent/Model.php(2144): Illuminate\\Database\\Eloquent\\Model->__call('create', Array)
#17 /Applications/MAMP/htdocs/proyectos/healthConnectMe/consultorios/backend-api-consultorio/app/Http/Controllers/Appointment/AppointmentAttentionController.php(63): Illuminate\\Database\\Eloquent\\Model::__callStatic('create', Array)
#18 /Applications/MAMP/htdocs/proyectos/healthConnectMe/consultorios/backend-api-consultorio/vendor/laravel/framework/src/Illuminate/Routing/Controller.php(54): App\\Http\\Controllers\\Appointment\\AppointmentAttentionController->storeLocal(Object(Illuminate\\Http\\Request))
#19 /Applications/MAMP/htdocs/proyectos/healthConnectMe/consultorios/backend-api-consultorio/vendor/laravel/framework/src/Illuminate/Routing/ControllerDispatcher.php(45): Illuminate\\Routing\\Controller->callAction('storeLocal', Array)
#20 /Applications/MAMP/htdocs/proyectos/healthConnectMe/consultorios/backend-api-consultorio/vendor/laravel/framework/src/Illuminate/Routing/Route.php(261): Illuminate\\Routing\\ControllerDispatcher->dispatch(Object(Illuminate\\Routing\\Route), Object(App\\Http\\Controllers\\Appointment\\AppointmentAttentionController), 'storeLocal')
#21 /Applications/MAMP/htdocs/proyectos/healthConnectMe/consultorios/backend-api-consultorio/vendor/laravel/framework/src/Illuminate/Routing/Route.php(205): Illuminate\\Routing\\Route->runController()
#22 /Applications/MAMP/htdocs/proyectos/healthConnectMe/consultorios/backend-api-consultorio/vendor/laravel/framework/src/Illuminate/Routing/Router.php(721): Illuminate\\Routing\\Route->run()
#23 /Applications/MAMP/htdocs/proyectos/healthConnectMe/consultorios/backend-api-consultorio/vendor/laravel/framework/src/Illuminate/Pipeline/Pipeline.php(128): Illuminate\\Routing\\Router->{closure:Illuminate\\Routing\\Router::runRouteWithinStack():719}(Object(Illuminate\\Http\\Request))
#24 /Applications/MAMP/htdocs/proyectos/healthConnectMe/consultorios/backend-api-consultorio/vendor/laravel/framework/src/Illuminate/Routing/Middleware/SubstituteBindings.php(50): Illuminate\\Pipeline\\Pipeline->{closure:Illuminate\\Pipeline\\Pipeline::prepareDestination():126}(Object(Illuminate\\Http\\Request))
#25 /Applications/MAMP/htdocs/proyectos/healthConnectMe/consultorios/backend-api-consultorio/vendor/laravel/framework/src/Illuminate/Pipeline/Pipeline.php(167): Illuminate\\Routing\\Middleware\\SubstituteBindings->handle(Object(Illuminate\\Http\\Request), Object(Closure))
#26 /Applications/MAMP/htdocs/proyectos/healthConnectMe/consultorios/backend-api-consultorio/vendor/laravel/framework/src/Illuminate/Routing/Middleware/ThrottleRequests.php(127): Illuminate\\Pipeline\\Pipeline->{closure:{closure:Illuminate\\Pipeline\\Pipeline::carry():142}:143}(Object(Illuminate\\Http\\Request))
#27 /Applications/MAMP/htdocs/proyectos/healthConnectMe/consultorios/backend-api-consultorio/vendor/laravel/framework/src/Illuminate/Routing/Middleware/ThrottleRequests.php(93): Illuminate\\Routing\\Middleware\\ThrottleRequests->handleRequest(Object(Illuminate\\Http\\Request), Object(Closure), Array)
#28 /Applications/MAMP/htdocs/proyectos/healthConnectMe/consultorios/backend-api-consultorio/vendor/laravel/framework/src/Illuminate/Routing/Middleware/ThrottleRequests.php(55): Illuminate\\Routing\\Middleware\\ThrottleRequests->handleRequestUsingNamedLimiter(Object(Illuminate\\Http\\Request), Object(Closure), 'api', Object(Closure))
#29 /Applications/MAMP/htdocs/proyectos/healthConnectMe/consultorios/backend-api-consultorio/vendor/laravel/framework/src/Illuminate/Pipeline/Pipeline.php(167): Illuminate\\Routing\\Middleware\\ThrottleRequests->handle(Object(Illuminate\\Http\\Request), Object(Closure), 'api')
#30 /Applications/MAMP/htdocs/proyectos/healthConnectMe/consultorios/backend-api-consultorio/vendor/laravel/framework/src/Illuminate/Pipeline/Pipeline.php(103): Illuminate\\Pipeline\\Pipeline->{closure:{closure:Illuminate\\Pipeline\\Pipeline::carry():142}:143}(Object(Illuminate\\Http\\Request))
#31 /Applications/MAMP/htdocs/proyectos/healthConnectMe/consultorios/backend-api-consultorio/vendor/laravel/framework/src/Illuminate/Routing/Router.php(719): Illuminate\\Pipeline\\Pipeline->then(Object(Closure))
#32 /Applications/MAMP/htdocs/proyectos/healthConnectMe/consultorios/backend-api-consultorio/vendor/laravel/framework/src/Illuminate/Routing/Router.php(698): Illuminate\\Routing\\Router->runRouteWithinStack(Object(Illuminate\\Routing\\Route), Object(Illuminate\\Http\\Request))
#33 /Applications/MAMP/htdocs/proyectos/healthConnectMe/consultorios/backend-api-consultorio/vendor/laravel/framework/src/Illuminate/Routing/Router.php(662): Illuminate\\Routing\\Router->runRoute(Object(Illuminate\\Http\\Request), Object(Illuminate\\Routing\\Route))
#34 /Applications/MAMP/htdocs/proyectos/healthConnectMe/consultorios/backend-api-consultorio/vendor/laravel/framework/src/Illuminate/Routing/Router.php(651): Illuminate\\Routing\\Router->dispatchToRoute(Object(Illuminate\\Http\\Request))
#35 /Applications/MAMP/htdocs/proyectos/healthConnectMe/consultorios/backend-api-consultorio/vendor/laravel/framework/src/Illuminate/Foundation/Http/Kernel.php(167): Illuminate\\Routing\\Router->dispatch(Object(Illuminate\\Http\\Request))
#36 /Applications/MAMP/htdocs/proyectos/healthConnectMe/consultorios/backend-api-consultorio/vendor/laravel/framework/src/Illuminate/Pipeline/Pipeline.php(128): Illuminate\\Foundation\\Http\\Kernel->{closure:Illuminate\\Foundation\\Http\\Kernel::dispatchToRouter():164}(Object(Illuminate\\Http\\Request))
#37 /Applications/MAMP/htdocs/proyectos/healthConnectMe/consultorios/backend-api-consultorio/vendor/laravel/framework/src/Illuminate/Foundation/Http/Middleware/TransformsRequest.php(21): Illuminate\\Pipeline\\Pipeline->{closure:Illuminate\\Pipeline\\Pipeline::prepareDestination():126}(Object(Illuminate\\Http\\Request))
#38 /Applications/MAMP/htdocs/proyectos/healthConnectMe/consultorios/backend-api-consultorio/vendor/laravel/framework/src/Illuminate/Foundation/Http/Middleware/ConvertEmptyStringsToNull.php(31): Illuminate\\Foundation\\Http\\Middleware\\TransformsRequest->handle(Object(Illuminate\\Http\\Request), Object(Closure))
#39 /Applications/MAMP/htdocs/proyectos/healthConnectMe/consultorios/backend-api-consultorio/vendor/laravel/framework/src/Illuminate/Pipeline/Pipeline.php(167): Illuminate\\Foundation\\Http\\Middleware\\ConvertEmptyStringsToNull->handle(Object(Illuminate\\Http\\Request), Object(Closure))
#40 /Applications/MAMP/htdocs/proyectos/healthConnectMe/consultorios/backend-api-consultorio/vendor/laravel/framework/src/Illuminate/Foundation/Http/Middleware/TransformsRequest.php(21): Illuminate\\Pipeline\\Pipeline->{closure:{closure:Illuminate\\Pipeline\\Pipeline::carry():142}:143}(Object(Illuminate\\Http\\Request))
#41 /Applications/MAMP/htdocs/proyectos/healthConnectMe/consultorios/backend-api-consultorio/vendor/laravel/framework/src/Illuminate/Foundation/Http/Middleware/TrimStrings.php(40): Illuminate\\Foundation\\Http\\Middleware\\TransformsRequest->handle(Object(Illuminate\\Http\\Request), Object(Closure))
#42 /Applications/MAMP/htdocs/proyectos/healthConnectMe/consultorios/backend-api-consultorio/vendor/laravel/framework/src/Illuminate/Pipeline/Pipeline.php(167): Illuminate\\Foundation\\Http\\Middleware\\TrimStrings->handle(Object(Illuminate\\Http\\Request), Object(Closure))
#43 /Applications/MAMP/htdocs/proyectos/healthConnectMe/consultorios/backend-api-consultorio/vendor/laravel/framework/src/Illuminate/Foundation/Http/Middleware/ValidatePostSize.php(27): Illuminate\\Pipeline\\Pipeline->{closure:{closure:Illuminate\\Pipeline\\Pipeline::carry():142}:143}(Object(Illuminate\\Http\\Request))
#44 /Applications/MAMP/htdocs/proyectos/healthConnectMe/consultorios/backend-api-consultorio/vendor/laravel/framework/src/Illuminate/Pipeline/Pipeline.php(167): Illuminate\\Foundation\\Http\\Middleware\\ValidatePostSize->handle(Object(Illuminate\\Http\\Request), Object(Closure))
#45 /Applications/MAMP/htdocs/proyectos/healthConnectMe/consultorios/backend-api-consultorio/vendor/laravel/framework/src/Illuminate/Foundation/Http/Middleware/PreventRequestsDuringMaintenance.php(86): Illuminate\\Pipeline\\Pipeline->{closure:{closure:Illuminate\\Pipeline\\Pipeline::carry():142}:143}(Object(Illuminate\\Http\\Request))
#46 /Applications/MAMP/htdocs/proyectos/healthConnectMe/consultorios/backend-api-consultorio/vendor/laravel/framework/src/Illuminate/Pipeline/Pipeline.php(167): Illuminate\\Foundation\\Http\\Middleware\\PreventRequestsDuringMaintenance->handle(Object(Illuminate\\Http\\Request), Object(Closure))
#47 /Applications/MAMP/htdocs/proyectos/healthConnectMe/consultorios/backend-api-consultorio/vendor/fruitcake/laravel-cors/src/HandleCors.php(52): Illuminate\\Pipeline\\Pipeline->{closure:{closure:Illuminate\\Pipeline\\Pipeline::carry():142}:143}(Object(Illuminate\\Http\\Request))
#48 /Applications/MAMP/htdocs/proyectos/healthConnectMe/consultorios/backend-api-consultorio/vendor/laravel/framework/src/Illuminate/Pipeline/Pipeline.php(167): Fruitcake\\Cors\\HandleCors->handle(Object(Illuminate\\Http\\Request), Object(Closure))
#49 /Applications/MAMP/htdocs/proyectos/healthConnectMe/consultorios/backend-api-consultorio/vendor/laravel/framework/src/Illuminate/Http/Middleware/TrustProxies.php(39): Illuminate\\Pipeline\\Pipeline->{closure:{closure:Illuminate\\Pipeline\\Pipeline::carry():142}:143}(Object(Illuminate\\Http\\Request))
#50 /Applications/MAMP/htdocs/proyectos/healthConnectMe/consultorios/backend-api-consultorio/vendor/laravel/framework/src/Illuminate/Pipeline/Pipeline.php(167): Illuminate\\Http\\Middleware\\TrustProxies->handle(Object(Illuminate\\Http\\Request), Object(Closure))
#51 /Applications/MAMP/htdocs/proyectos/healthConnectMe/consultorios/backend-api-consultorio/vendor/laravel/framework/src/Illuminate/Pipeline/Pipeline.php(103): Illuminate\\Pipeline\\Pipeline->{closure:{closure:Illuminate\\Pipeline\\Pipeline::carry():142}:143}(Object(Illuminate\\Http\\Request))
#52 /Applications/MAMP/htdocs/proyectos/healthConnectMe/consultorios/backend-api-consultorio/vendor/laravel/framework/src/Illuminate/Foundation/Http/Kernel.php(142): Illuminate\\Pipeline\\Pipeline->then(Object(Closure))
#53 /Applications/MAMP/htdocs/proyectos/healthConnectMe/consultorios/backend-api-consultorio/vendor/laravel/framework/src/Illuminate/Foundation/Http/Kernel.php(111): Illuminate\\Foundation\\Http\\Kernel->sendRequestThroughRouter(Object(Illuminate\\Http\\Request))
#54 /Applications/MAMP/htdocs/proyectos/healthConnectMe/consultorios/backend-api-consultorio/public/index.php(51): Illuminate\\Foundation\\Http\\Kernel->handle(Object(Illuminate\\Http\\Request))
#55 /Applications/MAMP/htdocs/proyectos/healthConnectMe/consultorios/backend-api-consultorio/server.php(21): require_once('/Applications/M...')
#56 {main}
"} 
