[2025-03-03 20:54:36] local.INFO: Creating user:  {"email":"superadmin@superadmin.com"} 
[2025-03-03 20:54:36] local.INFO: Creating user:  {"email":"admin@admin.com"} 
[2025-03-03 20:54:36] local.INFO: Creating user:  {"email":"doctor@doctor.com"} 
[2025-03-03 20:54:36] local.INFO: Creating user:  {"email":"doctora@doctora.com"} 
[2025-03-03 20:54:36] local.INFO: Creating user:  {"email":"laboratorio@laboratorio.com"} 
[2025-03-03 20:54:36] local.INFO: Creating user:  {"email":"recepcion@recepcion.com"} 
[2025-03-03 20:54:36] local.INFO: Creating user:  {"email":"personal@personal.com"} 
[2025-03-03 20:54:36] local.INFO: Creating user:  {"email":"enfermera@enfermera.com"} 
[2025-03-03 20:54:36] local.INFO: Creating user:  {"email":"asistente@asistente.com"} 
[2025-03-03 20:54:36] local.INFO: Creating user:  {"email":"invitado@invitado.com"} 
[2025-03-03 20:57:28] local.INFO: Creating user:  {"email":"superadmin@superadmin.com"} 
[2025-03-03 20:57:28] local.INFO: Creating user:  {"email":"admin@admin.com"} 
[2025-03-03 20:57:28] local.INFO: Creating user:  {"email":"doctor@doctor.com"} 
[2025-03-03 20:57:28] local.INFO: Creating user:  {"email":"doctora@doctora.com"} 
[2025-03-03 20:57:28] local.INFO: Creating user:  {"email":"laboratorio@laboratorio.com"} 
[2025-03-03 20:57:28] local.INFO: Creating user:  {"email":"recepcion@recepcion.com"} 
[2025-03-03 20:57:28] local.INFO: Creating user:  {"email":"personal@personal.com"} 
[2025-03-03 20:57:28] local.INFO: Creating user:  {"email":"enfermera@enfermera.com"} 
[2025-03-03 20:57:28] local.INFO: Creating user:  {"email":"asistente@asistente.com"} 
[2025-03-03 20:57:28] local.INFO: Creating user:  {"email":"invitado@invitado.com"} 
[2025-03-03 21:02:46] local.INFO: Creating user:  {"email":"superadmin@superadmin.com"} 
[2025-03-03 21:02:46] local.INFO: Creating user:  {"email":"admin@admin.com"} 
[2025-03-03 21:02:46] local.INFO: Creating user:  {"email":"doctor@doctor.com"} 
[2025-03-03 21:02:46] local.INFO: Creating user:  {"email":"doctora@doctora.com"} 
[2025-03-03 21:02:46] local.INFO: Creating user:  {"email":"laboratorio@laboratorio.com"} 
[2025-03-03 21:02:46] local.INFO: Creating user:  {"email":"recepcion@recepcion.com"} 
[2025-03-03 21:02:46] local.INFO: Creating user:  {"email":"personal@personal.com"} 
[2025-03-03 21:02:46] local.INFO: Creating user:  {"email":"enfermera@enfermera.com"} 
[2025-03-03 21:02:46] local.INFO: Creating user:  {"email":"asistente@asistente.com"} 
[2025-03-03 21:02:46] local.INFO: Creating user:  {"email":"invitado@invitado.com"} 
[2025-03-03 22:35:39] local.INFO: Creating user:  {"email":"superadmin@superadmin.com"} 
[2025-03-03 22:35:39] local.INFO: Creating user:  {"email":"admin@admin.com"} 
[2025-03-03 22:35:39] local.INFO: Creating user:  {"email":"doctor@doctor.com"} 
[2025-03-03 22:35:39] local.INFO: Creating user:  {"email":"doctora@doctora.com"} 
[2025-03-03 22:35:39] local.INFO: Creating user:  {"email":"laboratorio@laboratorio.com"} 
[2025-03-03 22:35:39] local.INFO: Creating user:  {"email":"recepcion@recepcion.com"} 
[2025-03-03 22:35:39] local.INFO: Creating user:  {"email":"personal@personal.com"} 
[2025-03-03 22:35:39] local.INFO: Creating user:  {"email":"enfermera@enfermera.com"} 
[2025-03-03 22:35:39] local.INFO: Creating user:  {"email":"asistente@asistente.com"} 
[2025-03-03 22:35:39] local.INFO: Creating user:  {"email":"invitado@invitado.com"} 
