[2025-03-04 14:38:41] local.ERROR: foreach() argument must be of type array|object, null given {"exception":"[object] (ErrorException(code: 0): foreach() argument must be of type array|object, null given at /Applications/MAMP/htdocs/proyectos/healthConnectMe/consultorios/backend-api-consultorio/app/Http/Resources/User/UserResource.php:26)
[stacktrace]
#0 /Applications/MAMP/htdocs/proyectos/healthConnectMe/consultorios/backend-api-consultorio/app/Http/Resources/User/UserResource.php(26): Illuminate\\Foundation\\Bootstrap\\HandleExceptions->handleError(2, 'foreach() argum...', '/Applications/M...', 26)
#1 /Applications/MAMP/htdocs/proyectos/healthConnectMe/consultorios/backend-api-consultorio/vendor/laravel/framework/src/Illuminate/Collections/HigherOrderCollectionProxy.php(60): App\\Http\\Resources\\User\\UserResource->toArray(Object(Illuminate\\Http\\Request))
#2 [internal function]: Illuminate\\Support\\HigherOrderCollectionProxy->{closure:Illuminate\\Support\\HigherOrderCollectionProxy::__call():59}(Object(App\\Http\\Resources\\User\\UserResource), 0)
#3 /Applications/MAMP/htdocs/proyectos/healthConnectMe/consultorios/backend-api-consultorio/vendor/laravel/framework/src/Illuminate/Collections/Collection.php(695): array_map(Object(Closure), Array, Array)
#4 /Applications/MAMP/htdocs/proyectos/healthConnectMe/consultorios/backend-api-consultorio/vendor/laravel/framework/src/Illuminate/Collections/HigherOrderCollectionProxy.php(59): Illuminate\\Support\\Collection->map(Object(Closure))
#5 /Applications/MAMP/htdocs/proyectos/healthConnectMe/consultorios/backend-api-consultorio/vendor/laravel/framework/src/Illuminate/Http/Resources/Json/ResourceCollection.php(102): Illuminate\\Support\\HigherOrderCollectionProxy->__call('toArray', Array)
#6 /Applications/MAMP/htdocs/proyectos/healthConnectMe/consultorios/backend-api-consultorio/vendor/laravel/framework/src/Illuminate/Http/Resources/Json/JsonResource.php(94): Illuminate\\Http\\Resources\\Json\\ResourceCollection->toArray(Object(Illuminate\\Http\\Request))
#7 /Applications/MAMP/htdocs/proyectos/healthConnectMe/consultorios/backend-api-consultorio/vendor/laravel/framework/src/Illuminate/Http/Resources/Json/JsonResource.php(242): Illuminate\\Http\\Resources\\Json\\JsonResource->resolve(Object(Illuminate\\Http\\Request))
#8 [internal function]: Illuminate\\Http\\Resources\\Json\\JsonResource->jsonSerialize()
#9 /Applications/MAMP/htdocs/proyectos/healthConnectMe/consultorios/backend-api-consultorio/vendor/laravel/framework/src/Illuminate/Http/JsonResponse.php(87): json_encode(Array, 0)
#10 /Applications/MAMP/htdocs/proyectos/healthConnectMe/consultorios/backend-api-consultorio/vendor/symfony/http-foundation/JsonResponse.php(54): Illuminate\\Http\\JsonResponse->setData(Array)
#11 /Applications/MAMP/htdocs/proyectos/healthConnectMe/consultorios/backend-api-consultorio/vendor/laravel/framework/src/Illuminate/Http/JsonResponse.php(32): Symfony\\Component\\HttpFoundation\\JsonResponse->__construct(Array, 200, Array, false)
#12 /Applications/MAMP/htdocs/proyectos/healthConnectMe/consultorios/backend-api-consultorio/vendor/laravel/framework/src/Illuminate/Routing/ResponseFactory.php(99): Illuminate\\Http\\JsonResponse->__construct(Array, 200, Array, 0)
#13 /Applications/MAMP/htdocs/proyectos/healthConnectMe/consultorios/backend-api-consultorio/app/Http/Controllers/Admin/Staff/StaffsController.php(40): Illuminate\\Routing\\ResponseFactory->json(Array)
#14 /Applications/MAMP/htdocs/proyectos/healthConnectMe/consultorios/backend-api-consultorio/vendor/laravel/framework/src/Illuminate/Routing/Controller.php(54): App\\Http\\Controllers\\Admin\\Staff\\StaffsController->index(Object(Illuminate\\Http\\Request))
#15 /Applications/MAMP/htdocs/proyectos/healthConnectMe/consultorios/backend-api-consultorio/vendor/laravel/framework/src/Illuminate/Routing/ControllerDispatcher.php(45): Illuminate\\Routing\\Controller->callAction('index', Array)
#16 /Applications/MAMP/htdocs/proyectos/healthConnectMe/consultorios/backend-api-consultorio/vendor/laravel/framework/src/Illuminate/Routing/Route.php(261): Illuminate\\Routing\\ControllerDispatcher->dispatch(Object(Illuminate\\Routing\\Route), Object(App\\Http\\Controllers\\Admin\\Staff\\StaffsController), 'index')
#17 /Applications/MAMP/htdocs/proyectos/healthConnectMe/consultorios/backend-api-consultorio/vendor/laravel/framework/src/Illuminate/Routing/Route.php(205): Illuminate\\Routing\\Route->runController()
#18 /Applications/MAMP/htdocs/proyectos/healthConnectMe/consultorios/backend-api-consultorio/vendor/laravel/framework/src/Illuminate/Routing/Router.php(721): Illuminate\\Routing\\Route->run()
#19 /Applications/MAMP/htdocs/proyectos/healthConnectMe/consultorios/backend-api-consultorio/vendor/laravel/framework/src/Illuminate/Pipeline/Pipeline.php(128): Illuminate\\Routing\\Router->{closure:Illuminate\\Routing\\Router::runRouteWithinStack():719}(Object(Illuminate\\Http\\Request))
#20 /Applications/MAMP/htdocs/proyectos/healthConnectMe/consultorios/backend-api-consultorio/vendor/laravel/framework/src/Illuminate/Routing/Middleware/SubstituteBindings.php(50): Illuminate\\Pipeline\\Pipeline->{closure:Illuminate\\Pipeline\\Pipeline::prepareDestination():126}(Object(Illuminate\\Http\\Request))
#21 /Applications/MAMP/htdocs/proyectos/healthConnectMe/consultorios/backend-api-consultorio/vendor/laravel/framework/src/Illuminate/Pipeline/Pipeline.php(167): Illuminate\\Routing\\Middleware\\SubstituteBindings->handle(Object(Illuminate\\Http\\Request), Object(Closure))
#22 /Applications/MAMP/htdocs/proyectos/healthConnectMe/consultorios/backend-api-consultorio/vendor/laravel/framework/src/Illuminate/Routing/Middleware/ThrottleRequests.php(127): Illuminate\\Pipeline\\Pipeline->{closure:{closure:Illuminate\\Pipeline\\Pipeline::carry():142}:143}(Object(Illuminate\\Http\\Request))
#23 /Applications/MAMP/htdocs/proyectos/healthConnectMe/consultorios/backend-api-consultorio/vendor/laravel/framework/src/Illuminate/Routing/Middleware/ThrottleRequests.php(93): Illuminate\\Routing\\Middleware\\ThrottleRequests->handleRequest(Object(Illuminate\\Http\\Request), Object(Closure), Array)
#24 /Applications/MAMP/htdocs/proyectos/healthConnectMe/consultorios/backend-api-consultorio/vendor/laravel/framework/src/Illuminate/Routing/Middleware/ThrottleRequests.php(55): Illuminate\\Routing\\Middleware\\ThrottleRequests->handleRequestUsingNamedLimiter(Object(Illuminate\\Http\\Request), Object(Closure), 'api', Object(Closure))
#25 /Applications/MAMP/htdocs/proyectos/healthConnectMe/consultorios/backend-api-consultorio/vendor/laravel/framework/src/Illuminate/Pipeline/Pipeline.php(167): Illuminate\\Routing\\Middleware\\ThrottleRequests->handle(Object(Illuminate\\Http\\Request), Object(Closure), 'api')
#26 /Applications/MAMP/htdocs/proyectos/healthConnectMe/consultorios/backend-api-consultorio/vendor/laravel/framework/src/Illuminate/Pipeline/Pipeline.php(103): Illuminate\\Pipeline\\Pipeline->{closure:{closure:Illuminate\\Pipeline\\Pipeline::carry():142}:143}(Object(Illuminate\\Http\\Request))
#27 /Applications/MAMP/htdocs/proyectos/healthConnectMe/consultorios/backend-api-consultorio/vendor/laravel/framework/src/Illuminate/Routing/Router.php(719): Illuminate\\Pipeline\\Pipeline->then(Object(Closure))
#28 /Applications/MAMP/htdocs/proyectos/healthConnectMe/consultorios/backend-api-consultorio/vendor/laravel/framework/src/Illuminate/Routing/Router.php(698): Illuminate\\Routing\\Router->runRouteWithinStack(Object(Illuminate\\Routing\\Route), Object(Illuminate\\Http\\Request))
#29 /Applications/MAMP/htdocs/proyectos/healthConnectMe/consultorios/backend-api-consultorio/vendor/laravel/framework/src/Illuminate/Routing/Router.php(662): Illuminate\\Routing\\Router->runRoute(Object(Illuminate\\Http\\Request), Object(Illuminate\\Routing\\Route))
#30 /Applications/MAMP/htdocs/proyectos/healthConnectMe/consultorios/backend-api-consultorio/vendor/laravel/framework/src/Illuminate/Routing/Router.php(651): Illuminate\\Routing\\Router->dispatchToRoute(Object(Illuminate\\Http\\Request))
#31 /Applications/MAMP/htdocs/proyectos/healthConnectMe/consultorios/backend-api-consultorio/vendor/laravel/framework/src/Illuminate/Foundation/Http/Kernel.php(167): Illuminate\\Routing\\Router->dispatch(Object(Illuminate\\Http\\Request))
#32 /Applications/MAMP/htdocs/proyectos/healthConnectMe/consultorios/backend-api-consultorio/vendor/laravel/framework/src/Illuminate/Pipeline/Pipeline.php(128): Illuminate\\Foundation\\Http\\Kernel->{closure:Illuminate\\Foundation\\Http\\Kernel::dispatchToRouter():164}(Object(Illuminate\\Http\\Request))
#33 /Applications/MAMP/htdocs/proyectos/healthConnectMe/consultorios/backend-api-consultorio/vendor/laravel/framework/src/Illuminate/Foundation/Http/Middleware/TransformsRequest.php(21): Illuminate\\Pipeline\\Pipeline->{closure:Illuminate\\Pipeline\\Pipeline::prepareDestination():126}(Object(Illuminate\\Http\\Request))
#34 /Applications/MAMP/htdocs/proyectos/healthConnectMe/consultorios/backend-api-consultorio/vendor/laravel/framework/src/Illuminate/Foundation/Http/Middleware/ConvertEmptyStringsToNull.php(31): Illuminate\\Foundation\\Http\\Middleware\\TransformsRequest->handle(Object(Illuminate\\Http\\Request), Object(Closure))
#35 /Applications/MAMP/htdocs/proyectos/healthConnectMe/consultorios/backend-api-consultorio/vendor/laravel/framework/src/Illuminate/Pipeline/Pipeline.php(167): Illuminate\\Foundation\\Http\\Middleware\\ConvertEmptyStringsToNull->handle(Object(Illuminate\\Http\\Request), Object(Closure))
#36 /Applications/MAMP/htdocs/proyectos/healthConnectMe/consultorios/backend-api-consultorio/vendor/laravel/framework/src/Illuminate/Foundation/Http/Middleware/TransformsRequest.php(21): Illuminate\\Pipeline\\Pipeline->{closure:{closure:Illuminate\\Pipeline\\Pipeline::carry():142}:143}(Object(Illuminate\\Http\\Request))
#37 /Applications/MAMP/htdocs/proyectos/healthConnectMe/consultorios/backend-api-consultorio/vendor/laravel/framework/src/Illuminate/Foundation/Http/Middleware/TrimStrings.php(40): Illuminate\\Foundation\\Http\\Middleware\\TransformsRequest->handle(Object(Illuminate\\Http\\Request), Object(Closure))
#38 /Applications/MAMP/htdocs/proyectos/healthConnectMe/consultorios/backend-api-consultorio/vendor/laravel/framework/src/Illuminate/Pipeline/Pipeline.php(167): Illuminate\\Foundation\\Http\\Middleware\\TrimStrings->handle(Object(Illuminate\\Http\\Request), Object(Closure))
#39 /Applications/MAMP/htdocs/proyectos/healthConnectMe/consultorios/backend-api-consultorio/vendor/laravel/framework/src/Illuminate/Foundation/Http/Middleware/ValidatePostSize.php(27): Illuminate\\Pipeline\\Pipeline->{closure:{closure:Illuminate\\Pipeline\\Pipeline::carry():142}:143}(Object(Illuminate\\Http\\Request))
#40 /Applications/MAMP/htdocs/proyectos/healthConnectMe/consultorios/backend-api-consultorio/vendor/laravel/framework/src/Illuminate/Pipeline/Pipeline.php(167): Illuminate\\Foundation\\Http\\Middleware\\ValidatePostSize->handle(Object(Illuminate\\Http\\Request), Object(Closure))
#41 /Applications/MAMP/htdocs/proyectos/healthConnectMe/consultorios/backend-api-consultorio/vendor/laravel/framework/src/Illuminate/Foundation/Http/Middleware/PreventRequestsDuringMaintenance.php(86): Illuminate\\Pipeline\\Pipeline->{closure:{closure:Illuminate\\Pipeline\\Pipeline::carry():142}:143}(Object(Illuminate\\Http\\Request))
#42 /Applications/MAMP/htdocs/proyectos/healthConnectMe/consultorios/backend-api-consultorio/vendor/laravel/framework/src/Illuminate/Pipeline/Pipeline.php(167): Illuminate\\Foundation\\Http\\Middleware\\PreventRequestsDuringMaintenance->handle(Object(Illuminate\\Http\\Request), Object(Closure))
#43 /Applications/MAMP/htdocs/proyectos/healthConnectMe/consultorios/backend-api-consultorio/vendor/fruitcake/laravel-cors/src/HandleCors.php(52): Illuminate\\Pipeline\\Pipeline->{closure:{closure:Illuminate\\Pipeline\\Pipeline::carry():142}:143}(Object(Illuminate\\Http\\Request))
#44 /Applications/MAMP/htdocs/proyectos/healthConnectMe/consultorios/backend-api-consultorio/vendor/laravel/framework/src/Illuminate/Pipeline/Pipeline.php(167): Fruitcake\\Cors\\HandleCors->handle(Object(Illuminate\\Http\\Request), Object(Closure))
#45 /Applications/MAMP/htdocs/proyectos/healthConnectMe/consultorios/backend-api-consultorio/vendor/laravel/framework/src/Illuminate/Http/Middleware/TrustProxies.php(39): Illuminate\\Pipeline\\Pipeline->{closure:{closure:Illuminate\\Pipeline\\Pipeline::carry():142}:143}(Object(Illuminate\\Http\\Request))
#46 /Applications/MAMP/htdocs/proyectos/healthConnectMe/consultorios/backend-api-consultorio/vendor/laravel/framework/src/Illuminate/Pipeline/Pipeline.php(167): Illuminate\\Http\\Middleware\\TrustProxies->handle(Object(Illuminate\\Http\\Request), Object(Closure))
#47 /Applications/MAMP/htdocs/proyectos/healthConnectMe/consultorios/backend-api-consultorio/vendor/laravel/framework/src/Illuminate/Pipeline/Pipeline.php(103): Illuminate\\Pipeline\\Pipeline->{closure:{closure:Illuminate\\Pipeline\\Pipeline::carry():142}:143}(Object(Illuminate\\Http\\Request))
#48 /Applications/MAMP/htdocs/proyectos/healthConnectMe/consultorios/backend-api-consultorio/vendor/laravel/framework/src/Illuminate/Foundation/Http/Kernel.php(142): Illuminate\\Pipeline\\Pipeline->then(Object(Closure))
#49 /Applications/MAMP/htdocs/proyectos/healthConnectMe/consultorios/backend-api-consultorio/vendor/laravel/framework/src/Illuminate/Foundation/Http/Kernel.php(111): Illuminate\\Foundation\\Http\\Kernel->sendRequestThroughRouter(Object(Illuminate\\Http\\Request))
#50 /Applications/MAMP/htdocs/proyectos/healthConnectMe/consultorios/backend-api-consultorio/public/index.php(51): Illuminate\\Foundation\\Http\\Kernel->handle(Object(Illuminate\\Http\\Request))
#51 /Applications/MAMP/htdocs/proyectos/healthConnectMe/consultorios/backend-api-consultorio/server.php(21): require_once('/Applications/M...')
#52 {main}
"} 
