[2025-02-24 01:32:05] local.ERROR: Uncaught ReflectionException: Class "Spatie\Permission\Middlewares\RoleMiddleware" does not exist in Command line code:1
Stack trace:
#0 Command line code(1): ReflectionMethod->__construct('Spatie\\Permissi...', 'handle')
#1 {main}
  thrown {"exception":"[object] (Symfony\\Component\\ErrorHandler\\Error\\FatalError(code: 0): Uncaught ReflectionException: Class \"Spatie\\Permission\\Middlewares\\RoleMiddleware\" does not exist in Command line code:1
Stack trace:
#0 Command line code(1): ReflectionMethod->__construct('Spatie\\\\Permissi...', 'handle')
#1 {main}
  thrown at Command line code:1)
[stacktrace]
#0 {main}
"} 
[2025-02-24 10:39:31] local.ERROR: SQLSTATE[42S22]: Column not found: 1054 Unknown column 'education' in 'field list' (SQL: insert into `users` (`name`, `surname`, `email`, `gender`, `location_id`, `speciality_id`, `mobile`, `n_doc`, `education`, `password`, `email_verified_at`, `created_at`, `updated_at`) values (Jhon, Johnson, doctor@doctor.com, 1, 1, 1, 1234567893, 5421369872, universitaria, $2y$10$yEbIzNMlhGvYmmxORkj83.F88NBx00mT08W5/hPoQFlOSQAXSBVQS, 2025-02-24 14:39:30, 2025-02-24 10:39:31, 2025-02-24 10:39:31)) {"exception":"[object] (Illuminate\\Database\\QueryException(code: 42S22): SQLSTATE[42S22]: Column not found: 1054 Unknown column 'education' in 'field list' (SQL: insert into `users` (`name`, `surname`, `email`, `gender`, `location_id`, `speciality_id`, `mobile`, `n_doc`, `education`, `password`, `email_verified_at`, `created_at`, `updated_at`) values (Jhon, Johnson, doctor@doctor.com, 1, 1, 1, 1234567893, 5421369872, universitaria, $2y$10$yEbIzNMlhGvYmmxORkj83.F88NBx00mT08W5/hPoQFlOSQAXSBVQS, 2025-02-24 14:39:30, 2025-02-24 10:39:31, 2025-02-24 10:39:31)) at /Applications/MAMP/htdocs/proyectos/healthConnectMe/consultorios/backend-api-consultorio/vendor/laravel/framework/src/Illuminate/Database/Connection.php:712)
[stacktrace]
#0 /Applications/MAMP/htdocs/proyectos/healthConnectMe/consultorios/backend-api-consultorio/vendor/laravel/framework/src/Illuminate/Database/Connection.php(672): Illuminate\\Database\\Connection->runQueryCallback('insert into `us...', Array, Object(Closure))
#1 /Applications/MAMP/htdocs/proyectos/healthConnectMe/consultorios/backend-api-consultorio/vendor/laravel/framework/src/Illuminate/Database/Connection.php(490): Illuminate\\Database\\Connection->run('insert into `us...', Array, Object(Closure))
#2 /Applications/MAMP/htdocs/proyectos/healthConnectMe/consultorios/backend-api-consultorio/vendor/laravel/framework/src/Illuminate/Database/Connection.php(454): Illuminate\\Database\\Connection->statement('insert into `us...', Array)
#3 /Applications/MAMP/htdocs/proyectos/healthConnectMe/consultorios/backend-api-consultorio/vendor/laravel/framework/src/Illuminate/Database/Query/Processors/Processor.php(32): Illuminate\\Database\\Connection->insert('insert into `us...', Array)
#4 /Applications/MAMP/htdocs/proyectos/healthConnectMe/consultorios/backend-api-consultorio/vendor/laravel/framework/src/Illuminate/Database/Query/Builder.php(3028): Illuminate\\Database\\Query\\Processors\\Processor->processInsertGetId(Object(Illuminate\\Database\\Query\\Builder), 'insert into `us...', Array, 'id')
#5 /Applications/MAMP/htdocs/proyectos/healthConnectMe/consultorios/backend-api-consultorio/vendor/laravel/framework/src/Illuminate/Database/Eloquent/Builder.php(1657): Illuminate\\Database\\Query\\Builder->insertGetId(Array, 'id')
#6 /Applications/MAMP/htdocs/proyectos/healthConnectMe/consultorios/backend-api-consultorio/vendor/laravel/framework/src/Illuminate/Database/Eloquent/Model.php(1188): Illuminate\\Database\\Eloquent\\Builder->__call('insertGetId', Array)
#7 /Applications/MAMP/htdocs/proyectos/healthConnectMe/consultorios/backend-api-consultorio/vendor/laravel/framework/src/Illuminate/Database/Eloquent/Model.php(1153): Illuminate\\Database\\Eloquent\\Model->insertAndSetId(Object(Illuminate\\Database\\Eloquent\\Builder), Array)
#8 /Applications/MAMP/htdocs/proyectos/healthConnectMe/consultorios/backend-api-consultorio/vendor/laravel/framework/src/Illuminate/Database/Eloquent/Model.php(994): Illuminate\\Database\\Eloquent\\Model->performInsert(Object(Illuminate\\Database\\Eloquent\\Builder))
#9 /Applications/MAMP/htdocs/proyectos/healthConnectMe/consultorios/backend-api-consultorio/vendor/laravel/framework/src/Illuminate/Database/Eloquent/Builder.php(896): Illuminate\\Database\\Eloquent\\Model->save()
#10 /Applications/MAMP/htdocs/proyectos/healthConnectMe/consultorios/backend-api-consultorio/vendor/laravel/framework/src/Illuminate/Support/helpers.php(263): Illuminate\\Database\\Eloquent\\Builder->{closure:Illuminate\\Database\\Eloquent\\Builder::create():895}(Object(App\\Models\\User))
#11 /Applications/MAMP/htdocs/proyectos/healthConnectMe/consultorios/backend-api-consultorio/vendor/laravel/framework/src/Illuminate/Database/Eloquent/Builder.php(895): tap(Object(App\\Models\\User), Object(Closure))
#12 /Applications/MAMP/htdocs/proyectos/healthConnectMe/consultorios/backend-api-consultorio/vendor/laravel/framework/src/Illuminate/Support/Traits/ForwardsCalls.php(23): Illuminate\\Database\\Eloquent\\Builder->create(Array)
#13 /Applications/MAMP/htdocs/proyectos/healthConnectMe/consultorios/backend-api-consultorio/vendor/laravel/framework/src/Illuminate/Database/Eloquent/Model.php(2132): Illuminate\\Database\\Eloquent\\Model->forwardCallTo(Object(Illuminate\\Database\\Eloquent\\Builder), 'create', Array)
#14 /Applications/MAMP/htdocs/proyectos/healthConnectMe/consultorios/backend-api-consultorio/vendor/laravel/framework/src/Illuminate/Database/Eloquent/Model.php(2144): Illuminate\\Database\\Eloquent\\Model->__call('create', Array)
#15 /Applications/MAMP/htdocs/proyectos/healthConnectMe/consultorios/backend-api-consultorio/database/seeders/UserSeeder.php(326): Illuminate\\Database\\Eloquent\\Model::__callStatic('create', Array)
#16 /Applications/MAMP/htdocs/proyectos/healthConnectMe/consultorios/backend-api-consultorio/vendor/laravel/framework/src/Illuminate/Container/BoundMethod.php(36): Database\\Seeders\\UserSeeder->run()
#17 /Applications/MAMP/htdocs/proyectos/healthConnectMe/consultorios/backend-api-consultorio/vendor/laravel/framework/src/Illuminate/Container/Util.php(40): Illuminate\\Container\\BoundMethod::{closure:Illuminate\\Container\\BoundMethod::call():35}()
#18 /Applications/MAMP/htdocs/proyectos/healthConnectMe/consultorios/backend-api-consultorio/vendor/laravel/framework/src/Illuminate/Container/BoundMethod.php(93): Illuminate\\Container\\Util::unwrapIfClosure(Object(Closure))
#19 /Applications/MAMP/htdocs/proyectos/healthConnectMe/consultorios/backend-api-consultorio/vendor/laravel/framework/src/Illuminate/Container/BoundMethod.php(35): Illuminate\\Container\\BoundMethod::callBoundMethod(Object(Illuminate\\Foundation\\Application), Array, Object(Closure))
#20 /Applications/MAMP/htdocs/proyectos/healthConnectMe/consultorios/backend-api-consultorio/vendor/laravel/framework/src/Illuminate/Container/Container.php(653): Illuminate\\Container\\BoundMethod::call(Object(Illuminate\\Foundation\\Application), Array, Array, NULL)
#21 /Applications/MAMP/htdocs/proyectos/healthConnectMe/consultorios/backend-api-consultorio/vendor/laravel/framework/src/Illuminate/Database/Seeder.php(149): Illuminate\\Container\\Container->call(Array, Array)
#22 /Applications/MAMP/htdocs/proyectos/healthConnectMe/consultorios/backend-api-consultorio/vendor/laravel/framework/src/Illuminate/Database/Seeder.php(49): Illuminate\\Database\\Seeder->__invoke(Array)
#23 /Applications/MAMP/htdocs/proyectos/healthConnectMe/consultorios/backend-api-consultorio/database/seeders/DatabaseSeeder.php(14): Illuminate\\Database\\Seeder->call('Database\\\\Seeder...')
#24 /Applications/MAMP/htdocs/proyectos/healthConnectMe/consultorios/backend-api-consultorio/vendor/laravel/framework/src/Illuminate/Container/BoundMethod.php(36): Database\\Seeders\\DatabaseSeeder->run()
#25 /Applications/MAMP/htdocs/proyectos/healthConnectMe/consultorios/backend-api-consultorio/vendor/laravel/framework/src/Illuminate/Container/Util.php(40): Illuminate\\Container\\BoundMethod::{closure:Illuminate\\Container\\BoundMethod::call():35}()
#26 /Applications/MAMP/htdocs/proyectos/healthConnectMe/consultorios/backend-api-consultorio/vendor/laravel/framework/src/Illuminate/Container/BoundMethod.php(93): Illuminate\\Container\\Util::unwrapIfClosure(Object(Closure))
#27 /Applications/MAMP/htdocs/proyectos/healthConnectMe/consultorios/backend-api-consultorio/vendor/laravel/framework/src/Illuminate/Container/BoundMethod.php(35): Illuminate\\Container\\BoundMethod::callBoundMethod(Object(Illuminate\\Foundation\\Application), Array, Object(Closure))
#28 /Applications/MAMP/htdocs/proyectos/healthConnectMe/consultorios/backend-api-consultorio/vendor/laravel/framework/src/Illuminate/Container/Container.php(653): Illuminate\\Container\\BoundMethod::call(Object(Illuminate\\Foundation\\Application), Array, Array, NULL)
#29 /Applications/MAMP/htdocs/proyectos/healthConnectMe/consultorios/backend-api-consultorio/vendor/laravel/framework/src/Illuminate/Database/Seeder.php(149): Illuminate\\Container\\Container->call(Array, Array)
#30 /Applications/MAMP/htdocs/proyectos/healthConnectMe/consultorios/backend-api-consultorio/vendor/laravel/framework/src/Illuminate/Database/Console/Seeds/SeedCommand.php(66): Illuminate\\Database\\Seeder->__invoke()
#31 /Applications/MAMP/htdocs/proyectos/healthConnectMe/consultorios/backend-api-consultorio/vendor/laravel/framework/src/Illuminate/Database/Eloquent/Concerns/GuardsAttributes.php(157): Illuminate\\Database\\Console\\Seeds\\SeedCommand->{closure:Illuminate\\Database\\Console\\Seeds\\SeedCommand::handle():65}()
#32 /Applications/MAMP/htdocs/proyectos/healthConnectMe/consultorios/backend-api-consultorio/vendor/laravel/framework/src/Illuminate/Database/Console/Seeds/SeedCommand.php(65): Illuminate\\Database\\Eloquent\\Model::unguarded(Object(Closure))
#33 /Applications/MAMP/htdocs/proyectos/healthConnectMe/consultorios/backend-api-consultorio/vendor/laravel/framework/src/Illuminate/Container/BoundMethod.php(36): Illuminate\\Database\\Console\\Seeds\\SeedCommand->handle()
#34 /Applications/MAMP/htdocs/proyectos/healthConnectMe/consultorios/backend-api-consultorio/vendor/laravel/framework/src/Illuminate/Container/Util.php(40): Illuminate\\Container\\BoundMethod::{closure:Illuminate\\Container\\BoundMethod::call():35}()
#35 /Applications/MAMP/htdocs/proyectos/healthConnectMe/consultorios/backend-api-consultorio/vendor/laravel/framework/src/Illuminate/Container/BoundMethod.php(93): Illuminate\\Container\\Util::unwrapIfClosure(Object(Closure))
#36 /Applications/MAMP/htdocs/proyectos/healthConnectMe/consultorios/backend-api-consultorio/vendor/laravel/framework/src/Illuminate/Container/BoundMethod.php(35): Illuminate\\Container\\BoundMethod::callBoundMethod(Object(Illuminate\\Foundation\\Application), Array, Object(Closure))
#37 /Applications/MAMP/htdocs/proyectos/healthConnectMe/consultorios/backend-api-consultorio/vendor/laravel/framework/src/Illuminate/Container/Container.php(653): Illuminate\\Container\\BoundMethod::call(Object(Illuminate\\Foundation\\Application), Array, Array, NULL)
#38 /Applications/MAMP/htdocs/proyectos/healthConnectMe/consultorios/backend-api-consultorio/vendor/laravel/framework/src/Illuminate/Console/Command.php(136): Illuminate\\Container\\Container->call(Array)
#39 /Applications/MAMP/htdocs/proyectos/healthConnectMe/consultorios/backend-api-consultorio/vendor/symfony/console/Command/Command.php(298): Illuminate\\Console\\Command->execute(Object(Symfony\\Component\\Console\\Input\\ArrayInput), Object(Illuminate\\Console\\OutputStyle))
#40 /Applications/MAMP/htdocs/proyectos/healthConnectMe/consultorios/backend-api-consultorio/vendor/laravel/framework/src/Illuminate/Console/Command.php(120): Symfony\\Component\\Console\\Command\\Command->run(Object(Symfony\\Component\\Console\\Input\\ArrayInput), Object(Illuminate\\Console\\OutputStyle))
#41 /Applications/MAMP/htdocs/proyectos/healthConnectMe/consultorios/backend-api-consultorio/vendor/laravel/framework/src/Illuminate/Console/Concerns/CallsCommands.php(67): Illuminate\\Console\\Command->run(Object(Symfony\\Component\\Console\\Input\\ArrayInput), Object(Illuminate\\Console\\OutputStyle))
#42 /Applications/MAMP/htdocs/proyectos/healthConnectMe/consultorios/backend-api-consultorio/vendor/laravel/framework/src/Illuminate/Console/Concerns/CallsCommands.php(28): Illuminate\\Console\\Command->runCommand('db:seed', Array, Object(Illuminate\\Console\\OutputStyle))
#43 /Applications/MAMP/htdocs/proyectos/healthConnectMe/consultorios/backend-api-consultorio/vendor/laravel/framework/src/Illuminate/Database/Console/Migrations/RefreshCommand.php(135): Illuminate\\Console\\Command->call('db:seed', Array)
#44 /Applications/MAMP/htdocs/proyectos/healthConnectMe/consultorios/backend-api-consultorio/vendor/laravel/framework/src/Illuminate/Database/Console/Migrations/RefreshCommand.php(75): Illuminate\\Database\\Console\\Migrations\\RefreshCommand->runSeeder(NULL)
#45 /Applications/MAMP/htdocs/proyectos/healthConnectMe/consultorios/backend-api-consultorio/vendor/laravel/framework/src/Illuminate/Container/BoundMethod.php(36): Illuminate\\Database\\Console\\Migrations\\RefreshCommand->handle()
#46 /Applications/MAMP/htdocs/proyectos/healthConnectMe/consultorios/backend-api-consultorio/vendor/laravel/framework/src/Illuminate/Container/Util.php(40): Illuminate\\Container\\BoundMethod::{closure:Illuminate\\Container\\BoundMethod::call():35}()
#47 /Applications/MAMP/htdocs/proyectos/healthConnectMe/consultorios/backend-api-consultorio/vendor/laravel/framework/src/Illuminate/Container/BoundMethod.php(93): Illuminate\\Container\\Util::unwrapIfClosure(Object(Closure))
#48 /Applications/MAMP/htdocs/proyectos/healthConnectMe/consultorios/backend-api-consultorio/vendor/laravel/framework/src/Illuminate/Container/BoundMethod.php(35): Illuminate\\Container\\BoundMethod::callBoundMethod(Object(Illuminate\\Foundation\\Application), Array, Object(Closure))
#49 /Applications/MAMP/htdocs/proyectos/healthConnectMe/consultorios/backend-api-consultorio/vendor/laravel/framework/src/Illuminate/Container/Container.php(653): Illuminate\\Container\\BoundMethod::call(Object(Illuminate\\Foundation\\Application), Array, Array, NULL)
#50 /Applications/MAMP/htdocs/proyectos/healthConnectMe/consultorios/backend-api-consultorio/vendor/laravel/framework/src/Illuminate/Console/Command.php(136): Illuminate\\Container\\Container->call(Array)
#51 /Applications/MAMP/htdocs/proyectos/healthConnectMe/consultorios/backend-api-consultorio/vendor/symfony/console/Command/Command.php(298): Illuminate\\Console\\Command->execute(Object(Symfony\\Component\\Console\\Input\\ArgvInput), Object(Illuminate\\Console\\OutputStyle))
#52 /Applications/MAMP/htdocs/proyectos/healthConnectMe/consultorios/backend-api-consultorio/vendor/laravel/framework/src/Illuminate/Console/Command.php(120): Symfony\\Component\\Console\\Command\\Command->run(Object(Symfony\\Component\\Console\\Input\\ArgvInput), Object(Illuminate\\Console\\OutputStyle))
#53 /Applications/MAMP/htdocs/proyectos/healthConnectMe/consultorios/backend-api-consultorio/vendor/symfony/console/Application.php(1040): Illuminate\\Console\\Command->run(Object(Symfony\\Component\\Console\\Input\\ArgvInput), Object(Symfony\\Component\\Console\\Output\\ConsoleOutput))
#54 /Applications/MAMP/htdocs/proyectos/healthConnectMe/consultorios/backend-api-consultorio/vendor/symfony/console/Application.php(301): Symfony\\Component\\Console\\Application->doRunCommand(Object(Illuminate\\Database\\Console\\Migrations\\RefreshCommand), Object(Symfony\\Component\\Console\\Input\\ArgvInput), Object(Symfony\\Component\\Console\\Output\\ConsoleOutput))
#55 /Applications/MAMP/htdocs/proyectos/healthConnectMe/consultorios/backend-api-consultorio/vendor/symfony/console/Application.php(171): Symfony\\Component\\Console\\Application->doRun(Object(Symfony\\Component\\Console\\Input\\ArgvInput), Object(Symfony\\Component\\Console\\Output\\ConsoleOutput))
#56 /Applications/MAMP/htdocs/proyectos/healthConnectMe/consultorios/backend-api-consultorio/vendor/laravel/framework/src/Illuminate/Console/Application.php(94): Symfony\\Component\\Console\\Application->run(Object(Symfony\\Component\\Console\\Input\\ArgvInput), Object(Symfony\\Component\\Console\\Output\\ConsoleOutput))
#57 /Applications/MAMP/htdocs/proyectos/healthConnectMe/consultorios/backend-api-consultorio/vendor/laravel/framework/src/Illuminate/Foundation/Console/Kernel.php(129): Illuminate\\Console\\Application->run(Object(Symfony\\Component\\Console\\Input\\ArgvInput), Object(Symfony\\Component\\Console\\Output\\ConsoleOutput))
#58 /Applications/MAMP/htdocs/proyectos/healthConnectMe/consultorios/backend-api-consultorio/artisan(35): Illuminate\\Foundation\\Console\\Kernel->handle(Object(Symfony\\Component\\Console\\Input\\ArgvInput), Object(Symfony\\Component\\Console\\Output\\ConsoleOutput))
#59 {main}

[previous exception] [object] (PDOException(code: 42S22): SQLSTATE[42S22]: Column not found: 1054 Unknown column 'education' in 'field list' at /Applications/MAMP/htdocs/proyectos/healthConnectMe/consultorios/backend-api-consultorio/vendor/laravel/framework/src/Illuminate/Database/Connection.php:495)
[stacktrace]
#0 /Applications/MAMP/htdocs/proyectos/healthConnectMe/consultorios/backend-api-consultorio/vendor/laravel/framework/src/Illuminate/Database/Connection.php(495): PDO->prepare('insert into `us...')
#1 /Applications/MAMP/htdocs/proyectos/healthConnectMe/consultorios/backend-api-consultorio/vendor/laravel/framework/src/Illuminate/Database/Connection.php(705): Illuminate\\Database\\Connection->{closure:Illuminate\\Database\\Connection::statement():490}('insert into `us...', Array)
#2 /Applications/MAMP/htdocs/proyectos/healthConnectMe/consultorios/backend-api-consultorio/vendor/laravel/framework/src/Illuminate/Database/Connection.php(672): Illuminate\\Database\\Connection->runQueryCallback('insert into `us...', Array, Object(Closure))
#3 /Applications/MAMP/htdocs/proyectos/healthConnectMe/consultorios/backend-api-consultorio/vendor/laravel/framework/src/Illuminate/Database/Connection.php(490): Illuminate\\Database\\Connection->run('insert into `us...', Array, Object(Closure))
#4 /Applications/MAMP/htdocs/proyectos/healthConnectMe/consultorios/backend-api-consultorio/vendor/laravel/framework/src/Illuminate/Database/Connection.php(454): Illuminate\\Database\\Connection->statement('insert into `us...', Array)
#5 /Applications/MAMP/htdocs/proyectos/healthConnectMe/consultorios/backend-api-consultorio/vendor/laravel/framework/src/Illuminate/Database/Query/Processors/Processor.php(32): Illuminate\\Database\\Connection->insert('insert into `us...', Array)
#6 /Applications/MAMP/htdocs/proyectos/healthConnectMe/consultorios/backend-api-consultorio/vendor/laravel/framework/src/Illuminate/Database/Query/Builder.php(3028): Illuminate\\Database\\Query\\Processors\\Processor->processInsertGetId(Object(Illuminate\\Database\\Query\\Builder), 'insert into `us...', Array, 'id')
#7 /Applications/MAMP/htdocs/proyectos/healthConnectMe/consultorios/backend-api-consultorio/vendor/laravel/framework/src/Illuminate/Database/Eloquent/Builder.php(1657): Illuminate\\Database\\Query\\Builder->insertGetId(Array, 'id')
#8 /Applications/MAMP/htdocs/proyectos/healthConnectMe/consultorios/backend-api-consultorio/vendor/laravel/framework/src/Illuminate/Database/Eloquent/Model.php(1188): Illuminate\\Database\\Eloquent\\Builder->__call('insertGetId', Array)
#9 /Applications/MAMP/htdocs/proyectos/healthConnectMe/consultorios/backend-api-consultorio/vendor/laravel/framework/src/Illuminate/Database/Eloquent/Model.php(1153): Illuminate\\Database\\Eloquent\\Model->insertAndSetId(Object(Illuminate\\Database\\Eloquent\\Builder), Array)
#10 /Applications/MAMP/htdocs/proyectos/healthConnectMe/consultorios/backend-api-consultorio/vendor/laravel/framework/src/Illuminate/Database/Eloquent/Model.php(994): Illuminate\\Database\\Eloquent\\Model->performInsert(Object(Illuminate\\Database\\Eloquent\\Builder))
#11 /Applications/MAMP/htdocs/proyectos/healthConnectMe/consultorios/backend-api-consultorio/vendor/laravel/framework/src/Illuminate/Database/Eloquent/Builder.php(896): Illuminate\\Database\\Eloquent\\Model->save()
#12 /Applications/MAMP/htdocs/proyectos/healthConnectMe/consultorios/backend-api-consultorio/vendor/laravel/framework/src/Illuminate/Support/helpers.php(263): Illuminate\\Database\\Eloquent\\Builder->{closure:Illuminate\\Database\\Eloquent\\Builder::create():895}(Object(App\\Models\\User))
#13 /Applications/MAMP/htdocs/proyectos/healthConnectMe/consultorios/backend-api-consultorio/vendor/laravel/framework/src/Illuminate/Database/Eloquent/Builder.php(895): tap(Object(App\\Models\\User), Object(Closure))
#14 /Applications/MAMP/htdocs/proyectos/healthConnectMe/consultorios/backend-api-consultorio/vendor/laravel/framework/src/Illuminate/Support/Traits/ForwardsCalls.php(23): Illuminate\\Database\\Eloquent\\Builder->create(Array)
#15 /Applications/MAMP/htdocs/proyectos/healthConnectMe/consultorios/backend-api-consultorio/vendor/laravel/framework/src/Illuminate/Database/Eloquent/Model.php(2132): Illuminate\\Database\\Eloquent\\Model->forwardCallTo(Object(Illuminate\\Database\\Eloquent\\Builder), 'create', Array)
#16 /Applications/MAMP/htdocs/proyectos/healthConnectMe/consultorios/backend-api-consultorio/vendor/laravel/framework/src/Illuminate/Database/Eloquent/Model.php(2144): Illuminate\\Database\\Eloquent\\Model->__call('create', Array)
#17 /Applications/MAMP/htdocs/proyectos/healthConnectMe/consultorios/backend-api-consultorio/database/seeders/UserSeeder.php(326): Illuminate\\Database\\Eloquent\\Model::__callStatic('create', Array)
#18 /Applications/MAMP/htdocs/proyectos/healthConnectMe/consultorios/backend-api-consultorio/vendor/laravel/framework/src/Illuminate/Container/BoundMethod.php(36): Database\\Seeders\\UserSeeder->run()
#19 /Applications/MAMP/htdocs/proyectos/healthConnectMe/consultorios/backend-api-consultorio/vendor/laravel/framework/src/Illuminate/Container/Util.php(40): Illuminate\\Container\\BoundMethod::{closure:Illuminate\\Container\\BoundMethod::call():35}()
#20 /Applications/MAMP/htdocs/proyectos/healthConnectMe/consultorios/backend-api-consultorio/vendor/laravel/framework/src/Illuminate/Container/BoundMethod.php(93): Illuminate\\Container\\Util::unwrapIfClosure(Object(Closure))
#21 /Applications/MAMP/htdocs/proyectos/healthConnectMe/consultorios/backend-api-consultorio/vendor/laravel/framework/src/Illuminate/Container/BoundMethod.php(35): Illuminate\\Container\\BoundMethod::callBoundMethod(Object(Illuminate\\Foundation\\Application), Array, Object(Closure))
#22 /Applications/MAMP/htdocs/proyectos/healthConnectMe/consultorios/backend-api-consultorio/vendor/laravel/framework/src/Illuminate/Container/Container.php(653): Illuminate\\Container\\BoundMethod::call(Object(Illuminate\\Foundation\\Application), Array, Array, NULL)
#23 /Applications/MAMP/htdocs/proyectos/healthConnectMe/consultorios/backend-api-consultorio/vendor/laravel/framework/src/Illuminate/Database/Seeder.php(149): Illuminate\\Container\\Container->call(Array, Array)
#24 /Applications/MAMP/htdocs/proyectos/healthConnectMe/consultorios/backend-api-consultorio/vendor/laravel/framework/src/Illuminate/Database/Seeder.php(49): Illuminate\\Database\\Seeder->__invoke(Array)
#25 /Applications/MAMP/htdocs/proyectos/healthConnectMe/consultorios/backend-api-consultorio/database/seeders/DatabaseSeeder.php(14): Illuminate\\Database\\Seeder->call('Database\\\\Seeder...')
#26 /Applications/MAMP/htdocs/proyectos/healthConnectMe/consultorios/backend-api-consultorio/vendor/laravel/framework/src/Illuminate/Container/BoundMethod.php(36): Database\\Seeders\\DatabaseSeeder->run()
#27 /Applications/MAMP/htdocs/proyectos/healthConnectMe/consultorios/backend-api-consultorio/vendor/laravel/framework/src/Illuminate/Container/Util.php(40): Illuminate\\Container\\BoundMethod::{closure:Illuminate\\Container\\BoundMethod::call():35}()
#28 /Applications/MAMP/htdocs/proyectos/healthConnectMe/consultorios/backend-api-consultorio/vendor/laravel/framework/src/Illuminate/Container/BoundMethod.php(93): Illuminate\\Container\\Util::unwrapIfClosure(Object(Closure))
#29 /Applications/MAMP/htdocs/proyectos/healthConnectMe/consultorios/backend-api-consultorio/vendor/laravel/framework/src/Illuminate/Container/BoundMethod.php(35): Illuminate\\Container\\BoundMethod::callBoundMethod(Object(Illuminate\\Foundation\\Application), Array, Object(Closure))
#30 /Applications/MAMP/htdocs/proyectos/healthConnectMe/consultorios/backend-api-consultorio/vendor/laravel/framework/src/Illuminate/Container/Container.php(653): Illuminate\\Container\\BoundMethod::call(Object(Illuminate\\Foundation\\Application), Array, Array, NULL)
#31 /Applications/MAMP/htdocs/proyectos/healthConnectMe/consultorios/backend-api-consultorio/vendor/laravel/framework/src/Illuminate/Database/Seeder.php(149): Illuminate\\Container\\Container->call(Array, Array)
#32 /Applications/MAMP/htdocs/proyectos/healthConnectMe/consultorios/backend-api-consultorio/vendor/laravel/framework/src/Illuminate/Database/Console/Seeds/SeedCommand.php(66): Illuminate\\Database\\Seeder->__invoke()
#33 /Applications/MAMP/htdocs/proyectos/healthConnectMe/consultorios/backend-api-consultorio/vendor/laravel/framework/src/Illuminate/Database/Eloquent/Concerns/GuardsAttributes.php(157): Illuminate\\Database\\Console\\Seeds\\SeedCommand->{closure:Illuminate\\Database\\Console\\Seeds\\SeedCommand::handle():65}()
#34 /Applications/MAMP/htdocs/proyectos/healthConnectMe/consultorios/backend-api-consultorio/vendor/laravel/framework/src/Illuminate/Database/Console/Seeds/SeedCommand.php(65): Illuminate\\Database\\Eloquent\\Model::unguarded(Object(Closure))
#35 /Applications/MAMP/htdocs/proyectos/healthConnectMe/consultorios/backend-api-consultorio/vendor/laravel/framework/src/Illuminate/Container/BoundMethod.php(36): Illuminate\\Database\\Console\\Seeds\\SeedCommand->handle()
#36 /Applications/MAMP/htdocs/proyectos/healthConnectMe/consultorios/backend-api-consultorio/vendor/laravel/framework/src/Illuminate/Container/Util.php(40): Illuminate\\Container\\BoundMethod::{closure:Illuminate\\Container\\BoundMethod::call():35}()
#37 /Applications/MAMP/htdocs/proyectos/healthConnectMe/consultorios/backend-api-consultorio/vendor/laravel/framework/src/Illuminate/Container/BoundMethod.php(93): Illuminate\\Container\\Util::unwrapIfClosure(Object(Closure))
#38 /Applications/MAMP/htdocs/proyectos/healthConnectMe/consultorios/backend-api-consultorio/vendor/laravel/framework/src/Illuminate/Container/BoundMethod.php(35): Illuminate\\Container\\BoundMethod::callBoundMethod(Object(Illuminate\\Foundation\\Application), Array, Object(Closure))
#39 /Applications/MAMP/htdocs/proyectos/healthConnectMe/consultorios/backend-api-consultorio/vendor/laravel/framework/src/Illuminate/Container/Container.php(653): Illuminate\\Container\\BoundMethod::call(Object(Illuminate\\Foundation\\Application), Array, Array, NULL)
#40 /Applications/MAMP/htdocs/proyectos/healthConnectMe/consultorios/backend-api-consultorio/vendor/laravel/framework/src/Illuminate/Console/Command.php(136): Illuminate\\Container\\Container->call(Array)
#41 /Applications/MAMP/htdocs/proyectos/healthConnectMe/consultorios/backend-api-consultorio/vendor/symfony/console/Command/Command.php(298): Illuminate\\Console\\Command->execute(Object(Symfony\\Component\\Console\\Input\\ArrayInput), Object(Illuminate\\Console\\OutputStyle))
#42 /Applications/MAMP/htdocs/proyectos/healthConnectMe/consultorios/backend-api-consultorio/vendor/laravel/framework/src/Illuminate/Console/Command.php(120): Symfony\\Component\\Console\\Command\\Command->run(Object(Symfony\\Component\\Console\\Input\\ArrayInput), Object(Illuminate\\Console\\OutputStyle))
#43 /Applications/MAMP/htdocs/proyectos/healthConnectMe/consultorios/backend-api-consultorio/vendor/laravel/framework/src/Illuminate/Console/Concerns/CallsCommands.php(67): Illuminate\\Console\\Command->run(Object(Symfony\\Component\\Console\\Input\\ArrayInput), Object(Illuminate\\Console\\OutputStyle))
#44 /Applications/MAMP/htdocs/proyectos/healthConnectMe/consultorios/backend-api-consultorio/vendor/laravel/framework/src/Illuminate/Console/Concerns/CallsCommands.php(28): Illuminate\\Console\\Command->runCommand('db:seed', Array, Object(Illuminate\\Console\\OutputStyle))
#45 /Applications/MAMP/htdocs/proyectos/healthConnectMe/consultorios/backend-api-consultorio/vendor/laravel/framework/src/Illuminate/Database/Console/Migrations/RefreshCommand.php(135): Illuminate\\Console\\Command->call('db:seed', Array)
#46 /Applications/MAMP/htdocs/proyectos/healthConnectMe/consultorios/backend-api-consultorio/vendor/laravel/framework/src/Illuminate/Database/Console/Migrations/RefreshCommand.php(75): Illuminate\\Database\\Console\\Migrations\\RefreshCommand->runSeeder(NULL)
#47 /Applications/MAMP/htdocs/proyectos/healthConnectMe/consultorios/backend-api-consultorio/vendor/laravel/framework/src/Illuminate/Container/BoundMethod.php(36): Illuminate\\Database\\Console\\Migrations\\RefreshCommand->handle()
#48 /Applications/MAMP/htdocs/proyectos/healthConnectMe/consultorios/backend-api-consultorio/vendor/laravel/framework/src/Illuminate/Container/Util.php(40): Illuminate\\Container\\BoundMethod::{closure:Illuminate\\Container\\BoundMethod::call():35}()
#49 /Applications/MAMP/htdocs/proyectos/healthConnectMe/consultorios/backend-api-consultorio/vendor/laravel/framework/src/Illuminate/Container/BoundMethod.php(93): Illuminate\\Container\\Util::unwrapIfClosure(Object(Closure))
#50 /Applications/MAMP/htdocs/proyectos/healthConnectMe/consultorios/backend-api-consultorio/vendor/laravel/framework/src/Illuminate/Container/BoundMethod.php(35): Illuminate\\Container\\BoundMethod::callBoundMethod(Object(Illuminate\\Foundation\\Application), Array, Object(Closure))
#51 /Applications/MAMP/htdocs/proyectos/healthConnectMe/consultorios/backend-api-consultorio/vendor/laravel/framework/src/Illuminate/Container/Container.php(653): Illuminate\\Container\\BoundMethod::call(Object(Illuminate\\Foundation\\Application), Array, Array, NULL)
#52 /Applications/MAMP/htdocs/proyectos/healthConnectMe/consultorios/backend-api-consultorio/vendor/laravel/framework/src/Illuminate/Console/Command.php(136): Illuminate\\Container\\Container->call(Array)
#53 /Applications/MAMP/htdocs/proyectos/healthConnectMe/consultorios/backend-api-consultorio/vendor/symfony/console/Command/Command.php(298): Illuminate\\Console\\Command->execute(Object(Symfony\\Component\\Console\\Input\\ArgvInput), Object(Illuminate\\Console\\OutputStyle))
#54 /Applications/MAMP/htdocs/proyectos/healthConnectMe/consultorios/backend-api-consultorio/vendor/laravel/framework/src/Illuminate/Console/Command.php(120): Symfony\\Component\\Console\\Command\\Command->run(Object(Symfony\\Component\\Console\\Input\\ArgvInput), Object(Illuminate\\Console\\OutputStyle))
#55 /Applications/MAMP/htdocs/proyectos/healthConnectMe/consultorios/backend-api-consultorio/vendor/symfony/console/Application.php(1040): Illuminate\\Console\\Command->run(Object(Symfony\\Component\\Console\\Input\\ArgvInput), Object(Symfony\\Component\\Console\\Output\\ConsoleOutput))
#56 /Applications/MAMP/htdocs/proyectos/healthConnectMe/consultorios/backend-api-consultorio/vendor/symfony/console/Application.php(301): Symfony\\Component\\Console\\Application->doRunCommand(Object(Illuminate\\Database\\Console\\Migrations\\RefreshCommand), Object(Symfony\\Component\\Console\\Input\\ArgvInput), Object(Symfony\\Component\\Console\\Output\\ConsoleOutput))
#57 /Applications/MAMP/htdocs/proyectos/healthConnectMe/consultorios/backend-api-consultorio/vendor/symfony/console/Application.php(171): Symfony\\Component\\Console\\Application->doRun(Object(Symfony\\Component\\Console\\Input\\ArgvInput), Object(Symfony\\Component\\Console\\Output\\ConsoleOutput))
#58 /Applications/MAMP/htdocs/proyectos/healthConnectMe/consultorios/backend-api-consultorio/vendor/laravel/framework/src/Illuminate/Console/Application.php(94): Symfony\\Component\\Console\\Application->run(Object(Symfony\\Component\\Console\\Input\\ArgvInput), Object(Symfony\\Component\\Console\\Output\\ConsoleOutput))
#59 /Applications/MAMP/htdocs/proyectos/healthConnectMe/consultorios/backend-api-consultorio/vendor/laravel/framework/src/Illuminate/Foundation/Console/Kernel.php(129): Illuminate\\Console\\Application->run(Object(Symfony\\Component\\Console\\Input\\ArgvInput), Object(Symfony\\Component\\Console\\Output\\ConsoleOutput))
#60 /Applications/MAMP/htdocs/proyectos/healthConnectMe/consultorios/backend-api-consultorio/artisan(35): Illuminate\\Foundation\\Console\\Kernel->handle(Object(Symfony\\Component\\Console\\Input\\ArgvInput), Object(Symfony\\Component\\Console\\Output\\ConsoleOutput))
#61 {main}
"} 
[2025-02-24 10:40:28] local.ERROR: SQLSTATE[42S22]: Column not found: 1054 Unknown column 'education' in 'field list' (SQL: insert into `users` (`name`, `surname`, `email`, `gender`, `location_id`, `speciality_id`, `mobile`, `n_doc`, `education`, `password`, `email_verified_at`, `created_at`, `updated_at`) values (Jhon, Johnson, doctor@doctor.com, 1, 1, 1, 1234567893, 5421369872, universitaria, $2y$10$suKmsaSpnyGdRLeOP9p7b.uw7COZVVSj9vIFAFeGZoj9JYHNSR71G, 2025-02-24 14:40:28, 2025-02-24 10:40:28, 2025-02-24 10:40:28)) {"exception":"[object] (Illuminate\\Database\\QueryException(code: 42S22): SQLSTATE[42S22]: Column not found: 1054 Unknown column 'education' in 'field list' (SQL: insert into `users` (`name`, `surname`, `email`, `gender`, `location_id`, `speciality_id`, `mobile`, `n_doc`, `education`, `password`, `email_verified_at`, `created_at`, `updated_at`) values (Jhon, Johnson, doctor@doctor.com, 1, 1, 1, 1234567893, 5421369872, universitaria, $2y$10$suKmsaSpnyGdRLeOP9p7b.uw7COZVVSj9vIFAFeGZoj9JYHNSR71G, 2025-02-24 14:40:28, 2025-02-24 10:40:28, 2025-02-24 10:40:28)) at /Applications/MAMP/htdocs/proyectos/healthConnectMe/consultorios/backend-api-consultorio/vendor/laravel/framework/src/Illuminate/Database/Connection.php:712)
[stacktrace]
#0 /Applications/MAMP/htdocs/proyectos/healthConnectMe/consultorios/backend-api-consultorio/vendor/laravel/framework/src/Illuminate/Database/Connection.php(672): Illuminate\\Database\\Connection->runQueryCallback('insert into `us...', Array, Object(Closure))
#1 /Applications/MAMP/htdocs/proyectos/healthConnectMe/consultorios/backend-api-consultorio/vendor/laravel/framework/src/Illuminate/Database/Connection.php(490): Illuminate\\Database\\Connection->run('insert into `us...', Array, Object(Closure))
#2 /Applications/MAMP/htdocs/proyectos/healthConnectMe/consultorios/backend-api-consultorio/vendor/laravel/framework/src/Illuminate/Database/Connection.php(454): Illuminate\\Database\\Connection->statement('insert into `us...', Array)
#3 /Applications/MAMP/htdocs/proyectos/healthConnectMe/consultorios/backend-api-consultorio/vendor/laravel/framework/src/Illuminate/Database/Query/Processors/Processor.php(32): Illuminate\\Database\\Connection->insert('insert into `us...', Array)
#4 /Applications/MAMP/htdocs/proyectos/healthConnectMe/consultorios/backend-api-consultorio/vendor/laravel/framework/src/Illuminate/Database/Query/Builder.php(3028): Illuminate\\Database\\Query\\Processors\\Processor->processInsertGetId(Object(Illuminate\\Database\\Query\\Builder), 'insert into `us...', Array, 'id')
#5 /Applications/MAMP/htdocs/proyectos/healthConnectMe/consultorios/backend-api-consultorio/vendor/laravel/framework/src/Illuminate/Database/Eloquent/Builder.php(1657): Illuminate\\Database\\Query\\Builder->insertGetId(Array, 'id')
#6 /Applications/MAMP/htdocs/proyectos/healthConnectMe/consultorios/backend-api-consultorio/vendor/laravel/framework/src/Illuminate/Database/Eloquent/Model.php(1188): Illuminate\\Database\\Eloquent\\Builder->__call('insertGetId', Array)
#7 /Applications/MAMP/htdocs/proyectos/healthConnectMe/consultorios/backend-api-consultorio/vendor/laravel/framework/src/Illuminate/Database/Eloquent/Model.php(1153): Illuminate\\Database\\Eloquent\\Model->insertAndSetId(Object(Illuminate\\Database\\Eloquent\\Builder), Array)
#8 /Applications/MAMP/htdocs/proyectos/healthConnectMe/consultorios/backend-api-consultorio/vendor/laravel/framework/src/Illuminate/Database/Eloquent/Model.php(994): Illuminate\\Database\\Eloquent\\Model->performInsert(Object(Illuminate\\Database\\Eloquent\\Builder))
#9 /Applications/MAMP/htdocs/proyectos/healthConnectMe/consultorios/backend-api-consultorio/vendor/laravel/framework/src/Illuminate/Database/Eloquent/Builder.php(896): Illuminate\\Database\\Eloquent\\Model->save()
#10 /Applications/MAMP/htdocs/proyectos/healthConnectMe/consultorios/backend-api-consultorio/vendor/laravel/framework/src/Illuminate/Support/helpers.php(263): Illuminate\\Database\\Eloquent\\Builder->{closure:Illuminate\\Database\\Eloquent\\Builder::create():895}(Object(App\\Models\\User))
#11 /Applications/MAMP/htdocs/proyectos/healthConnectMe/consultorios/backend-api-consultorio/vendor/laravel/framework/src/Illuminate/Database/Eloquent/Builder.php(895): tap(Object(App\\Models\\User), Object(Closure))
#12 /Applications/MAMP/htdocs/proyectos/healthConnectMe/consultorios/backend-api-consultorio/vendor/laravel/framework/src/Illuminate/Support/Traits/ForwardsCalls.php(23): Illuminate\\Database\\Eloquent\\Builder->create(Array)
#13 /Applications/MAMP/htdocs/proyectos/healthConnectMe/consultorios/backend-api-consultorio/vendor/laravel/framework/src/Illuminate/Database/Eloquent/Model.php(2132): Illuminate\\Database\\Eloquent\\Model->forwardCallTo(Object(Illuminate\\Database\\Eloquent\\Builder), 'create', Array)
#14 /Applications/MAMP/htdocs/proyectos/healthConnectMe/consultorios/backend-api-consultorio/vendor/laravel/framework/src/Illuminate/Database/Eloquent/Model.php(2144): Illuminate\\Database\\Eloquent\\Model->__call('create', Array)
#15 /Applications/MAMP/htdocs/proyectos/healthConnectMe/consultorios/backend-api-consultorio/database/seeders/UserSeeder.php(326): Illuminate\\Database\\Eloquent\\Model::__callStatic('create', Array)
#16 /Applications/MAMP/htdocs/proyectos/healthConnectMe/consultorios/backend-api-consultorio/vendor/laravel/framework/src/Illuminate/Container/BoundMethod.php(36): Database\\Seeders\\UserSeeder->run()
#17 /Applications/MAMP/htdocs/proyectos/healthConnectMe/consultorios/backend-api-consultorio/vendor/laravel/framework/src/Illuminate/Container/Util.php(40): Illuminate\\Container\\BoundMethod::{closure:Illuminate\\Container\\BoundMethod::call():35}()
#18 /Applications/MAMP/htdocs/proyectos/healthConnectMe/consultorios/backend-api-consultorio/vendor/laravel/framework/src/Illuminate/Container/BoundMethod.php(93): Illuminate\\Container\\Util::unwrapIfClosure(Object(Closure))
#19 /Applications/MAMP/htdocs/proyectos/healthConnectMe/consultorios/backend-api-consultorio/vendor/laravel/framework/src/Illuminate/Container/BoundMethod.php(35): Illuminate\\Container\\BoundMethod::callBoundMethod(Object(Illuminate\\Foundation\\Application), Array, Object(Closure))
#20 /Applications/MAMP/htdocs/proyectos/healthConnectMe/consultorios/backend-api-consultorio/vendor/laravel/framework/src/Illuminate/Container/Container.php(653): Illuminate\\Container\\BoundMethod::call(Object(Illuminate\\Foundation\\Application), Array, Array, NULL)
#21 /Applications/MAMP/htdocs/proyectos/healthConnectMe/consultorios/backend-api-consultorio/vendor/laravel/framework/src/Illuminate/Database/Seeder.php(149): Illuminate\\Container\\Container->call(Array, Array)
#22 /Applications/MAMP/htdocs/proyectos/healthConnectMe/consultorios/backend-api-consultorio/vendor/laravel/framework/src/Illuminate/Database/Seeder.php(49): Illuminate\\Database\\Seeder->__invoke(Array)
#23 /Applications/MAMP/htdocs/proyectos/healthConnectMe/consultorios/backend-api-consultorio/database/seeders/DatabaseSeeder.php(14): Illuminate\\Database\\Seeder->call('Database\\\\Seeder...')
#24 /Applications/MAMP/htdocs/proyectos/healthConnectMe/consultorios/backend-api-consultorio/vendor/laravel/framework/src/Illuminate/Container/BoundMethod.php(36): Database\\Seeders\\DatabaseSeeder->run()
#25 /Applications/MAMP/htdocs/proyectos/healthConnectMe/consultorios/backend-api-consultorio/vendor/laravel/framework/src/Illuminate/Container/Util.php(40): Illuminate\\Container\\BoundMethod::{closure:Illuminate\\Container\\BoundMethod::call():35}()
#26 /Applications/MAMP/htdocs/proyectos/healthConnectMe/consultorios/backend-api-consultorio/vendor/laravel/framework/src/Illuminate/Container/BoundMethod.php(93): Illuminate\\Container\\Util::unwrapIfClosure(Object(Closure))
#27 /Applications/MAMP/htdocs/proyectos/healthConnectMe/consultorios/backend-api-consultorio/vendor/laravel/framework/src/Illuminate/Container/BoundMethod.php(35): Illuminate\\Container\\BoundMethod::callBoundMethod(Object(Illuminate\\Foundation\\Application), Array, Object(Closure))
#28 /Applications/MAMP/htdocs/proyectos/healthConnectMe/consultorios/backend-api-consultorio/vendor/laravel/framework/src/Illuminate/Container/Container.php(653): Illuminate\\Container\\BoundMethod::call(Object(Illuminate\\Foundation\\Application), Array, Array, NULL)
#29 /Applications/MAMP/htdocs/proyectos/healthConnectMe/consultorios/backend-api-consultorio/vendor/laravel/framework/src/Illuminate/Database/Seeder.php(149): Illuminate\\Container\\Container->call(Array, Array)
#30 /Applications/MAMP/htdocs/proyectos/healthConnectMe/consultorios/backend-api-consultorio/vendor/laravel/framework/src/Illuminate/Database/Console/Seeds/SeedCommand.php(66): Illuminate\\Database\\Seeder->__invoke()
#31 /Applications/MAMP/htdocs/proyectos/healthConnectMe/consultorios/backend-api-consultorio/vendor/laravel/framework/src/Illuminate/Database/Eloquent/Concerns/GuardsAttributes.php(157): Illuminate\\Database\\Console\\Seeds\\SeedCommand->{closure:Illuminate\\Database\\Console\\Seeds\\SeedCommand::handle():65}()
#32 /Applications/MAMP/htdocs/proyectos/healthConnectMe/consultorios/backend-api-consultorio/vendor/laravel/framework/src/Illuminate/Database/Console/Seeds/SeedCommand.php(65): Illuminate\\Database\\Eloquent\\Model::unguarded(Object(Closure))
#33 /Applications/MAMP/htdocs/proyectos/healthConnectMe/consultorios/backend-api-consultorio/vendor/laravel/framework/src/Illuminate/Container/BoundMethod.php(36): Illuminate\\Database\\Console\\Seeds\\SeedCommand->handle()
#34 /Applications/MAMP/htdocs/proyectos/healthConnectMe/consultorios/backend-api-consultorio/vendor/laravel/framework/src/Illuminate/Container/Util.php(40): Illuminate\\Container\\BoundMethod::{closure:Illuminate\\Container\\BoundMethod::call():35}()
#35 /Applications/MAMP/htdocs/proyectos/healthConnectMe/consultorios/backend-api-consultorio/vendor/laravel/framework/src/Illuminate/Container/BoundMethod.php(93): Illuminate\\Container\\Util::unwrapIfClosure(Object(Closure))
#36 /Applications/MAMP/htdocs/proyectos/healthConnectMe/consultorios/backend-api-consultorio/vendor/laravel/framework/src/Illuminate/Container/BoundMethod.php(35): Illuminate\\Container\\BoundMethod::callBoundMethod(Object(Illuminate\\Foundation\\Application), Array, Object(Closure))
#37 /Applications/MAMP/htdocs/proyectos/healthConnectMe/consultorios/backend-api-consultorio/vendor/laravel/framework/src/Illuminate/Container/Container.php(653): Illuminate\\Container\\BoundMethod::call(Object(Illuminate\\Foundation\\Application), Array, Array, NULL)
#38 /Applications/MAMP/htdocs/proyectos/healthConnectMe/consultorios/backend-api-consultorio/vendor/laravel/framework/src/Illuminate/Console/Command.php(136): Illuminate\\Container\\Container->call(Array)
#39 /Applications/MAMP/htdocs/proyectos/healthConnectMe/consultorios/backend-api-consultorio/vendor/symfony/console/Command/Command.php(298): Illuminate\\Console\\Command->execute(Object(Symfony\\Component\\Console\\Input\\ArrayInput), Object(Illuminate\\Console\\OutputStyle))
#40 /Applications/MAMP/htdocs/proyectos/healthConnectMe/consultorios/backend-api-consultorio/vendor/laravel/framework/src/Illuminate/Console/Command.php(120): Symfony\\Component\\Console\\Command\\Command->run(Object(Symfony\\Component\\Console\\Input\\ArrayInput), Object(Illuminate\\Console\\OutputStyle))
#41 /Applications/MAMP/htdocs/proyectos/healthConnectMe/consultorios/backend-api-consultorio/vendor/laravel/framework/src/Illuminate/Console/Concerns/CallsCommands.php(67): Illuminate\\Console\\Command->run(Object(Symfony\\Component\\Console\\Input\\ArrayInput), Object(Illuminate\\Console\\OutputStyle))
#42 /Applications/MAMP/htdocs/proyectos/healthConnectMe/consultorios/backend-api-consultorio/vendor/laravel/framework/src/Illuminate/Console/Concerns/CallsCommands.php(28): Illuminate\\Console\\Command->runCommand('db:seed', Array, Object(Illuminate\\Console\\OutputStyle))
#43 /Applications/MAMP/htdocs/proyectos/healthConnectMe/consultorios/backend-api-consultorio/vendor/laravel/framework/src/Illuminate/Database/Console/Migrations/RefreshCommand.php(135): Illuminate\\Console\\Command->call('db:seed', Array)
#44 /Applications/MAMP/htdocs/proyectos/healthConnectMe/consultorios/backend-api-consultorio/vendor/laravel/framework/src/Illuminate/Database/Console/Migrations/RefreshCommand.php(75): Illuminate\\Database\\Console\\Migrations\\RefreshCommand->runSeeder(NULL)
#45 /Applications/MAMP/htdocs/proyectos/healthConnectMe/consultorios/backend-api-consultorio/vendor/laravel/framework/src/Illuminate/Container/BoundMethod.php(36): Illuminate\\Database\\Console\\Migrations\\RefreshCommand->handle()
#46 /Applications/MAMP/htdocs/proyectos/healthConnectMe/consultorios/backend-api-consultorio/vendor/laravel/framework/src/Illuminate/Container/Util.php(40): Illuminate\\Container\\BoundMethod::{closure:Illuminate\\Container\\BoundMethod::call():35}()
#47 /Applications/MAMP/htdocs/proyectos/healthConnectMe/consultorios/backend-api-consultorio/vendor/laravel/framework/src/Illuminate/Container/BoundMethod.php(93): Illuminate\\Container\\Util::unwrapIfClosure(Object(Closure))
#48 /Applications/MAMP/htdocs/proyectos/healthConnectMe/consultorios/backend-api-consultorio/vendor/laravel/framework/src/Illuminate/Container/BoundMethod.php(35): Illuminate\\Container\\BoundMethod::callBoundMethod(Object(Illuminate\\Foundation\\Application), Array, Object(Closure))
#49 /Applications/MAMP/htdocs/proyectos/healthConnectMe/consultorios/backend-api-consultorio/vendor/laravel/framework/src/Illuminate/Container/Container.php(653): Illuminate\\Container\\BoundMethod::call(Object(Illuminate\\Foundation\\Application), Array, Array, NULL)
#50 /Applications/MAMP/htdocs/proyectos/healthConnectMe/consultorios/backend-api-consultorio/vendor/laravel/framework/src/Illuminate/Console/Command.php(136): Illuminate\\Container\\Container->call(Array)
#51 /Applications/MAMP/htdocs/proyectos/healthConnectMe/consultorios/backend-api-consultorio/vendor/symfony/console/Command/Command.php(298): Illuminate\\Console\\Command->execute(Object(Symfony\\Component\\Console\\Input\\ArgvInput), Object(Illuminate\\Console\\OutputStyle))
#52 /Applications/MAMP/htdocs/proyectos/healthConnectMe/consultorios/backend-api-consultorio/vendor/laravel/framework/src/Illuminate/Console/Command.php(120): Symfony\\Component\\Console\\Command\\Command->run(Object(Symfony\\Component\\Console\\Input\\ArgvInput), Object(Illuminate\\Console\\OutputStyle))
#53 /Applications/MAMP/htdocs/proyectos/healthConnectMe/consultorios/backend-api-consultorio/vendor/symfony/console/Application.php(1040): Illuminate\\Console\\Command->run(Object(Symfony\\Component\\Console\\Input\\ArgvInput), Object(Symfony\\Component\\Console\\Output\\ConsoleOutput))
#54 /Applications/MAMP/htdocs/proyectos/healthConnectMe/consultorios/backend-api-consultorio/vendor/symfony/console/Application.php(301): Symfony\\Component\\Console\\Application->doRunCommand(Object(Illuminate\\Database\\Console\\Migrations\\RefreshCommand), Object(Symfony\\Component\\Console\\Input\\ArgvInput), Object(Symfony\\Component\\Console\\Output\\ConsoleOutput))
#55 /Applications/MAMP/htdocs/proyectos/healthConnectMe/consultorios/backend-api-consultorio/vendor/symfony/console/Application.php(171): Symfony\\Component\\Console\\Application->doRun(Object(Symfony\\Component\\Console\\Input\\ArgvInput), Object(Symfony\\Component\\Console\\Output\\ConsoleOutput))
#56 /Applications/MAMP/htdocs/proyectos/healthConnectMe/consultorios/backend-api-consultorio/vendor/laravel/framework/src/Illuminate/Console/Application.php(94): Symfony\\Component\\Console\\Application->run(Object(Symfony\\Component\\Console\\Input\\ArgvInput), Object(Symfony\\Component\\Console\\Output\\ConsoleOutput))
#57 /Applications/MAMP/htdocs/proyectos/healthConnectMe/consultorios/backend-api-consultorio/vendor/laravel/framework/src/Illuminate/Foundation/Console/Kernel.php(129): Illuminate\\Console\\Application->run(Object(Symfony\\Component\\Console\\Input\\ArgvInput), Object(Symfony\\Component\\Console\\Output\\ConsoleOutput))
#58 /Applications/MAMP/htdocs/proyectos/healthConnectMe/consultorios/backend-api-consultorio/artisan(35): Illuminate\\Foundation\\Console\\Kernel->handle(Object(Symfony\\Component\\Console\\Input\\ArgvInput), Object(Symfony\\Component\\Console\\Output\\ConsoleOutput))
#59 {main}

[previous exception] [object] (PDOException(code: 42S22): SQLSTATE[42S22]: Column not found: 1054 Unknown column 'education' in 'field list' at /Applications/MAMP/htdocs/proyectos/healthConnectMe/consultorios/backend-api-consultorio/vendor/laravel/framework/src/Illuminate/Database/Connection.php:495)
[stacktrace]
#0 /Applications/MAMP/htdocs/proyectos/healthConnectMe/consultorios/backend-api-consultorio/vendor/laravel/framework/src/Illuminate/Database/Connection.php(495): PDO->prepare('insert into `us...')
#1 /Applications/MAMP/htdocs/proyectos/healthConnectMe/consultorios/backend-api-consultorio/vendor/laravel/framework/src/Illuminate/Database/Connection.php(705): Illuminate\\Database\\Connection->{closure:Illuminate\\Database\\Connection::statement():490}('insert into `us...', Array)
#2 /Applications/MAMP/htdocs/proyectos/healthConnectMe/consultorios/backend-api-consultorio/vendor/laravel/framework/src/Illuminate/Database/Connection.php(672): Illuminate\\Database\\Connection->runQueryCallback('insert into `us...', Array, Object(Closure))
#3 /Applications/MAMP/htdocs/proyectos/healthConnectMe/consultorios/backend-api-consultorio/vendor/laravel/framework/src/Illuminate/Database/Connection.php(490): Illuminate\\Database\\Connection->run('insert into `us...', Array, Object(Closure))
#4 /Applications/MAMP/htdocs/proyectos/healthConnectMe/consultorios/backend-api-consultorio/vendor/laravel/framework/src/Illuminate/Database/Connection.php(454): Illuminate\\Database\\Connection->statement('insert into `us...', Array)
#5 /Applications/MAMP/htdocs/proyectos/healthConnectMe/consultorios/backend-api-consultorio/vendor/laravel/framework/src/Illuminate/Database/Query/Processors/Processor.php(32): Illuminate\\Database\\Connection->insert('insert into `us...', Array)
#6 /Applications/MAMP/htdocs/proyectos/healthConnectMe/consultorios/backend-api-consultorio/vendor/laravel/framework/src/Illuminate/Database/Query/Builder.php(3028): Illuminate\\Database\\Query\\Processors\\Processor->processInsertGetId(Object(Illuminate\\Database\\Query\\Builder), 'insert into `us...', Array, 'id')
#7 /Applications/MAMP/htdocs/proyectos/healthConnectMe/consultorios/backend-api-consultorio/vendor/laravel/framework/src/Illuminate/Database/Eloquent/Builder.php(1657): Illuminate\\Database\\Query\\Builder->insertGetId(Array, 'id')
#8 /Applications/MAMP/htdocs/proyectos/healthConnectMe/consultorios/backend-api-consultorio/vendor/laravel/framework/src/Illuminate/Database/Eloquent/Model.php(1188): Illuminate\\Database\\Eloquent\\Builder->__call('insertGetId', Array)
#9 /Applications/MAMP/htdocs/proyectos/healthConnectMe/consultorios/backend-api-consultorio/vendor/laravel/framework/src/Illuminate/Database/Eloquent/Model.php(1153): Illuminate\\Database\\Eloquent\\Model->insertAndSetId(Object(Illuminate\\Database\\Eloquent\\Builder), Array)
#10 /Applications/MAMP/htdocs/proyectos/healthConnectMe/consultorios/backend-api-consultorio/vendor/laravel/framework/src/Illuminate/Database/Eloquent/Model.php(994): Illuminate\\Database\\Eloquent\\Model->performInsert(Object(Illuminate\\Database\\Eloquent\\Builder))
#11 /Applications/MAMP/htdocs/proyectos/healthConnectMe/consultorios/backend-api-consultorio/vendor/laravel/framework/src/Illuminate/Database/Eloquent/Builder.php(896): Illuminate\\Database\\Eloquent\\Model->save()
#12 /Applications/MAMP/htdocs/proyectos/healthConnectMe/consultorios/backend-api-consultorio/vendor/laravel/framework/src/Illuminate/Support/helpers.php(263): Illuminate\\Database\\Eloquent\\Builder->{closure:Illuminate\\Database\\Eloquent\\Builder::create():895}(Object(App\\Models\\User))
#13 /Applications/MAMP/htdocs/proyectos/healthConnectMe/consultorios/backend-api-consultorio/vendor/laravel/framework/src/Illuminate/Database/Eloquent/Builder.php(895): tap(Object(App\\Models\\User), Object(Closure))
#14 /Applications/MAMP/htdocs/proyectos/healthConnectMe/consultorios/backend-api-consultorio/vendor/laravel/framework/src/Illuminate/Support/Traits/ForwardsCalls.php(23): Illuminate\\Database\\Eloquent\\Builder->create(Array)
#15 /Applications/MAMP/htdocs/proyectos/healthConnectMe/consultorios/backend-api-consultorio/vendor/laravel/framework/src/Illuminate/Database/Eloquent/Model.php(2132): Illuminate\\Database\\Eloquent\\Model->forwardCallTo(Object(Illuminate\\Database\\Eloquent\\Builder), 'create', Array)
#16 /Applications/MAMP/htdocs/proyectos/healthConnectMe/consultorios/backend-api-consultorio/vendor/laravel/framework/src/Illuminate/Database/Eloquent/Model.php(2144): Illuminate\\Database\\Eloquent\\Model->__call('create', Array)
#17 /Applications/MAMP/htdocs/proyectos/healthConnectMe/consultorios/backend-api-consultorio/database/seeders/UserSeeder.php(326): Illuminate\\Database\\Eloquent\\Model::__callStatic('create', Array)
#18 /Applications/MAMP/htdocs/proyectos/healthConnectMe/consultorios/backend-api-consultorio/vendor/laravel/framework/src/Illuminate/Container/BoundMethod.php(36): Database\\Seeders\\UserSeeder->run()
#19 /Applications/MAMP/htdocs/proyectos/healthConnectMe/consultorios/backend-api-consultorio/vendor/laravel/framework/src/Illuminate/Container/Util.php(40): Illuminate\\Container\\BoundMethod::{closure:Illuminate\\Container\\BoundMethod::call():35}()
#20 /Applications/MAMP/htdocs/proyectos/healthConnectMe/consultorios/backend-api-consultorio/vendor/laravel/framework/src/Illuminate/Container/BoundMethod.php(93): Illuminate\\Container\\Util::unwrapIfClosure(Object(Closure))
#21 /Applications/MAMP/htdocs/proyectos/healthConnectMe/consultorios/backend-api-consultorio/vendor/laravel/framework/src/Illuminate/Container/BoundMethod.php(35): Illuminate\\Container\\BoundMethod::callBoundMethod(Object(Illuminate\\Foundation\\Application), Array, Object(Closure))
#22 /Applications/MAMP/htdocs/proyectos/healthConnectMe/consultorios/backend-api-consultorio/vendor/laravel/framework/src/Illuminate/Container/Container.php(653): Illuminate\\Container\\BoundMethod::call(Object(Illuminate\\Foundation\\Application), Array, Array, NULL)
#23 /Applications/MAMP/htdocs/proyectos/healthConnectMe/consultorios/backend-api-consultorio/vendor/laravel/framework/src/Illuminate/Database/Seeder.php(149): Illuminate\\Container\\Container->call(Array, Array)
#24 /Applications/MAMP/htdocs/proyectos/healthConnectMe/consultorios/backend-api-consultorio/vendor/laravel/framework/src/Illuminate/Database/Seeder.php(49): Illuminate\\Database\\Seeder->__invoke(Array)
#25 /Applications/MAMP/htdocs/proyectos/healthConnectMe/consultorios/backend-api-consultorio/database/seeders/DatabaseSeeder.php(14): Illuminate\\Database\\Seeder->call('Database\\\\Seeder...')
#26 /Applications/MAMP/htdocs/proyectos/healthConnectMe/consultorios/backend-api-consultorio/vendor/laravel/framework/src/Illuminate/Container/BoundMethod.php(36): Database\\Seeders\\DatabaseSeeder->run()
#27 /Applications/MAMP/htdocs/proyectos/healthConnectMe/consultorios/backend-api-consultorio/vendor/laravel/framework/src/Illuminate/Container/Util.php(40): Illuminate\\Container\\BoundMethod::{closure:Illuminate\\Container\\BoundMethod::call():35}()
#28 /Applications/MAMP/htdocs/proyectos/healthConnectMe/consultorios/backend-api-consultorio/vendor/laravel/framework/src/Illuminate/Container/BoundMethod.php(93): Illuminate\\Container\\Util::unwrapIfClosure(Object(Closure))
#29 /Applications/MAMP/htdocs/proyectos/healthConnectMe/consultorios/backend-api-consultorio/vendor/laravel/framework/src/Illuminate/Container/BoundMethod.php(35): Illuminate\\Container\\BoundMethod::callBoundMethod(Object(Illuminate\\Foundation\\Application), Array, Object(Closure))
#30 /Applications/MAMP/htdocs/proyectos/healthConnectMe/consultorios/backend-api-consultorio/vendor/laravel/framework/src/Illuminate/Container/Container.php(653): Illuminate\\Container\\BoundMethod::call(Object(Illuminate\\Foundation\\Application), Array, Array, NULL)
#31 /Applications/MAMP/htdocs/proyectos/healthConnectMe/consultorios/backend-api-consultorio/vendor/laravel/framework/src/Illuminate/Database/Seeder.php(149): Illuminate\\Container\\Container->call(Array, Array)
#32 /Applications/MAMP/htdocs/proyectos/healthConnectMe/consultorios/backend-api-consultorio/vendor/laravel/framework/src/Illuminate/Database/Console/Seeds/SeedCommand.php(66): Illuminate\\Database\\Seeder->__invoke()
#33 /Applications/MAMP/htdocs/proyectos/healthConnectMe/consultorios/backend-api-consultorio/vendor/laravel/framework/src/Illuminate/Database/Eloquent/Concerns/GuardsAttributes.php(157): Illuminate\\Database\\Console\\Seeds\\SeedCommand->{closure:Illuminate\\Database\\Console\\Seeds\\SeedCommand::handle():65}()
#34 /Applications/MAMP/htdocs/proyectos/healthConnectMe/consultorios/backend-api-consultorio/vendor/laravel/framework/src/Illuminate/Database/Console/Seeds/SeedCommand.php(65): Illuminate\\Database\\Eloquent\\Model::unguarded(Object(Closure))
#35 /Applications/MAMP/htdocs/proyectos/healthConnectMe/consultorios/backend-api-consultorio/vendor/laravel/framework/src/Illuminate/Container/BoundMethod.php(36): Illuminate\\Database\\Console\\Seeds\\SeedCommand->handle()
#36 /Applications/MAMP/htdocs/proyectos/healthConnectMe/consultorios/backend-api-consultorio/vendor/laravel/framework/src/Illuminate/Container/Util.php(40): Illuminate\\Container\\BoundMethod::{closure:Illuminate\\Container\\BoundMethod::call():35}()
#37 /Applications/MAMP/htdocs/proyectos/healthConnectMe/consultorios/backend-api-consultorio/vendor/laravel/framework/src/Illuminate/Container/BoundMethod.php(93): Illuminate\\Container\\Util::unwrapIfClosure(Object(Closure))
#38 /Applications/MAMP/htdocs/proyectos/healthConnectMe/consultorios/backend-api-consultorio/vendor/laravel/framework/src/Illuminate/Container/BoundMethod.php(35): Illuminate\\Container\\BoundMethod::callBoundMethod(Object(Illuminate\\Foundation\\Application), Array, Object(Closure))
#39 /Applications/MAMP/htdocs/proyectos/healthConnectMe/consultorios/backend-api-consultorio/vendor/laravel/framework/src/Illuminate/Container/Container.php(653): Illuminate\\Container\\BoundMethod::call(Object(Illuminate\\Foundation\\Application), Array, Array, NULL)
#40 /Applications/MAMP/htdocs/proyectos/healthConnectMe/consultorios/backend-api-consultorio/vendor/laravel/framework/src/Illuminate/Console/Command.php(136): Illuminate\\Container\\Container->call(Array)
#41 /Applications/MAMP/htdocs/proyectos/healthConnectMe/consultorios/backend-api-consultorio/vendor/symfony/console/Command/Command.php(298): Illuminate\\Console\\Command->execute(Object(Symfony\\Component\\Console\\Input\\ArrayInput), Object(Illuminate\\Console\\OutputStyle))
#42 /Applications/MAMP/htdocs/proyectos/healthConnectMe/consultorios/backend-api-consultorio/vendor/laravel/framework/src/Illuminate/Console/Command.php(120): Symfony\\Component\\Console\\Command\\Command->run(Object(Symfony\\Component\\Console\\Input\\ArrayInput), Object(Illuminate\\Console\\OutputStyle))
#43 /Applications/MAMP/htdocs/proyectos/healthConnectMe/consultorios/backend-api-consultorio/vendor/laravel/framework/src/Illuminate/Console/Concerns/CallsCommands.php(67): Illuminate\\Console\\Command->run(Object(Symfony\\Component\\Console\\Input\\ArrayInput), Object(Illuminate\\Console\\OutputStyle))
#44 /Applications/MAMP/htdocs/proyectos/healthConnectMe/consultorios/backend-api-consultorio/vendor/laravel/framework/src/Illuminate/Console/Concerns/CallsCommands.php(28): Illuminate\\Console\\Command->runCommand('db:seed', Array, Object(Illuminate\\Console\\OutputStyle))
#45 /Applications/MAMP/htdocs/proyectos/healthConnectMe/consultorios/backend-api-consultorio/vendor/laravel/framework/src/Illuminate/Database/Console/Migrations/RefreshCommand.php(135): Illuminate\\Console\\Command->call('db:seed', Array)
#46 /Applications/MAMP/htdocs/proyectos/healthConnectMe/consultorios/backend-api-consultorio/vendor/laravel/framework/src/Illuminate/Database/Console/Migrations/RefreshCommand.php(75): Illuminate\\Database\\Console\\Migrations\\RefreshCommand->runSeeder(NULL)
#47 /Applications/MAMP/htdocs/proyectos/healthConnectMe/consultorios/backend-api-consultorio/vendor/laravel/framework/src/Illuminate/Container/BoundMethod.php(36): Illuminate\\Database\\Console\\Migrations\\RefreshCommand->handle()
#48 /Applications/MAMP/htdocs/proyectos/healthConnectMe/consultorios/backend-api-consultorio/vendor/laravel/framework/src/Illuminate/Container/Util.php(40): Illuminate\\Container\\BoundMethod::{closure:Illuminate\\Container\\BoundMethod::call():35}()
#49 /Applications/MAMP/htdocs/proyectos/healthConnectMe/consultorios/backend-api-consultorio/vendor/laravel/framework/src/Illuminate/Container/BoundMethod.php(93): Illuminate\\Container\\Util::unwrapIfClosure(Object(Closure))
#50 /Applications/MAMP/htdocs/proyectos/healthConnectMe/consultorios/backend-api-consultorio/vendor/laravel/framework/src/Illuminate/Container/BoundMethod.php(35): Illuminate\\Container\\BoundMethod::callBoundMethod(Object(Illuminate\\Foundation\\Application), Array, Object(Closure))
#51 /Applications/MAMP/htdocs/proyectos/healthConnectMe/consultorios/backend-api-consultorio/vendor/laravel/framework/src/Illuminate/Container/Container.php(653): Illuminate\\Container\\BoundMethod::call(Object(Illuminate\\Foundation\\Application), Array, Array, NULL)
#52 /Applications/MAMP/htdocs/proyectos/healthConnectMe/consultorios/backend-api-consultorio/vendor/laravel/framework/src/Illuminate/Console/Command.php(136): Illuminate\\Container\\Container->call(Array)
#53 /Applications/MAMP/htdocs/proyectos/healthConnectMe/consultorios/backend-api-consultorio/vendor/symfony/console/Command/Command.php(298): Illuminate\\Console\\Command->execute(Object(Symfony\\Component\\Console\\Input\\ArgvInput), Object(Illuminate\\Console\\OutputStyle))
#54 /Applications/MAMP/htdocs/proyectos/healthConnectMe/consultorios/backend-api-consultorio/vendor/laravel/framework/src/Illuminate/Console/Command.php(120): Symfony\\Component\\Console\\Command\\Command->run(Object(Symfony\\Component\\Console\\Input\\ArgvInput), Object(Illuminate\\Console\\OutputStyle))
#55 /Applications/MAMP/htdocs/proyectos/healthConnectMe/consultorios/backend-api-consultorio/vendor/symfony/console/Application.php(1040): Illuminate\\Console\\Command->run(Object(Symfony\\Component\\Console\\Input\\ArgvInput), Object(Symfony\\Component\\Console\\Output\\ConsoleOutput))
#56 /Applications/MAMP/htdocs/proyectos/healthConnectMe/consultorios/backend-api-consultorio/vendor/symfony/console/Application.php(301): Symfony\\Component\\Console\\Application->doRunCommand(Object(Illuminate\\Database\\Console\\Migrations\\RefreshCommand), Object(Symfony\\Component\\Console\\Input\\ArgvInput), Object(Symfony\\Component\\Console\\Output\\ConsoleOutput))
#57 /Applications/MAMP/htdocs/proyectos/healthConnectMe/consultorios/backend-api-consultorio/vendor/symfony/console/Application.php(171): Symfony\\Component\\Console\\Application->doRun(Object(Symfony\\Component\\Console\\Input\\ArgvInput), Object(Symfony\\Component\\Console\\Output\\ConsoleOutput))
#58 /Applications/MAMP/htdocs/proyectos/healthConnectMe/consultorios/backend-api-consultorio/vendor/laravel/framework/src/Illuminate/Console/Application.php(94): Symfony\\Component\\Console\\Application->run(Object(Symfony\\Component\\Console\\Input\\ArgvInput), Object(Symfony\\Component\\Console\\Output\\ConsoleOutput))
#59 /Applications/MAMP/htdocs/proyectos/healthConnectMe/consultorios/backend-api-consultorio/vendor/laravel/framework/src/Illuminate/Foundation/Console/Kernel.php(129): Illuminate\\Console\\Application->run(Object(Symfony\\Component\\Console\\Input\\ArgvInput), Object(Symfony\\Component\\Console\\Output\\ConsoleOutput))
#60 /Applications/MAMP/htdocs/proyectos/healthConnectMe/consultorios/backend-api-consultorio/artisan(35): Illuminate\\Foundation\\Console\\Kernel->handle(Object(Symfony\\Component\\Console\\Input\\ArgvInput), Object(Symfony\\Component\\Console\\Output\\ConsoleOutput))
#61 {main}
"} 
